Log file open, 11/08/19 15:44:40
LogWindows: Failed to load 'aqProf.dll' (GetLastError=126)
LogWindows: File 'aqProf.dll' does not exist
LogWindows: Failed to load 'VtuneApi.dll' (GetLastError=126)
LogWindows: File 'VtuneApi.dll' does not exist
LogWindows: Failed to load 'VtuneApi32e.dll' (GetLastError=126)
LogWindows: File 'VtuneApi32e.dll' does not exist
LogConsoleResponse: Display: Failed to find resolution value strings in scalability ini. Falling back to default.
LogInit: Display: Running engine for game: GOAP_Ecosystem
LogPlatformFile: Not using cached read wrapper
LogTaskGraph: Started task graph with 5 named threads and 23 total threads with 3 sets of task threads.
LogStats: Stats thread started at 3.393967
LogD3D11RHI: Loaded GFSDK_Aftermath_Lib.x64.dll
LogICUInternationalization: ICU TimeZone Detection - Raw Offset: -8:00, Platform Override: ''
LogPluginManager: Mounting plugin Paper2D
LogPluginManager: Mounting plugin AISupport
LogPluginManager: Mounting plugin LightPropagationVolume
LogPluginManager: Mounting plugin ActorLayerUtilities
LogPluginManager: Mounting plugin AnimationSharing
LogPluginManager: Mounting plugin CLionSourceCodeAccess
LogPluginManager: Mounting plugin CodeLiteSourceCodeAccess
LogPluginManager: Mounting plugin GitSourceControl
LogPluginManager: Mounting plugin KDevelopSourceCodeAccess
LogPluginManager: Mounting plugin NullSourceCodeAccess
LogPluginManager: Mounting plugin PerforceSourceControl
LogPluginManager: Mounting plugin SubversionSourceControl
LogPluginManager: Mounting plugin UObjectPlugin
LogPluginManager: Mounting plugin VisualStudioCodeSourceCodeAccess
LogPluginManager: Mounting plugin VisualStudioSourceCodeAccess
LogPluginManager: Mounting plugin XCodeSourceCodeAccess
LogPluginManager: Mounting plugin AssetManagerEditor
LogPluginManager: Mounting plugin CryptoKeys
LogPluginManager: Mounting plugin CurveEditorTools
LogPluginManager: Mounting plugin DataValidation
LogPluginManager: Mounting plugin FacialAnimation
LogPluginManager: Mounting plugin GameplayTagsEditor
LogPluginManager: Mounting plugin MacGraphicsSwitching
LogPluginManager: Mounting plugin MaterialAnalyzer
LogPluginManager: Mounting plugin MobileLauncherProfileWizard
LogPluginManager: Mounting plugin PluginBrowser
LogPluginManager: Mounting plugin SpeedTreeImporter
LogPluginManager: Mounting plugin DatasmithContent
LogPluginManager: Mounting plugin VariantManagerContent
LogPluginManager: Mounting plugin AlembicImporter
LogPluginManager: Mounting plugin AutomationUtils
LogPluginManager: Mounting plugin BackChannel
LogPluginManager: Mounting plugin CharacterAI
LogPluginManager: Mounting plugin GeometryCache
LogPluginManager: Mounting plugin HTML5Networking
LogPluginManager: Mounting plugin PlatformCrypto
LogPluginManager: Mounting plugin ProxyLODPlugin
LogPluginManager: Mounting plugin SkeletalReduction
LogPluginManager: Mounting plugin MagicLeap
LogPluginManager: Mounting plugin MagicLeapMedia
LogPluginManager: Mounting plugin AndroidMedia
LogPluginManager: Mounting plugin AvfMedia
LogPluginManager: Mounting plugin ImgMedia
LogPluginManager: Mounting plugin MediaCompositing
LogPluginManager: Mounting plugin MediaPlayerEditor
LogPluginManager: Mounting plugin WebMMedia
LogPluginManager: Mounting plugin WmfMedia
LogPluginManager: Mounting plugin TcpMessaging
LogPluginManager: Mounting plugin UdpMessaging
LogPluginManager: Mounting plugin ActorSequence
LogPluginManager: Mounting plugin LevelSequenceEditor
LogPluginManager: Mounting plugin MatineeToLevelSequence
LogPluginManager: Mounting plugin NetcodeUnitTest
LogPluginManager: Mounting plugin NUTUnrealEngine4
LogPluginManager: Mounting plugin OnlineSubsystemGooglePlay
LogPluginManager: Mounting plugin OnlineSubsystemIOS
LogPluginManager: Mounting plugin OnlineSubsystem
LogPluginManager: Mounting plugin OnlineSubsystemNull
LogPluginManager: Mounting plugin OnlineSubsystemUtils
LogPluginManager: Mounting plugin LauncherChunkInstaller
LogPluginManager: Mounting plugin AndroidDeviceProfileSelector
LogPluginManager: Mounting plugin AndroidMoviePlayer
LogPluginManager: Mounting plugin AndroidPermission
LogPluginManager: Mounting plugin AppleImageUtils
LogPluginManager: Mounting plugin AppleMoviePlayer
LogPluginManager: Mounting plugin ArchVisCharacter
LogPluginManager: Mounting plugin AudioCapture
LogPluginManager: Mounting plugin CableComponent
LogPluginManager: Mounting plugin CustomMeshComponent
LogPluginManager: Mounting plugin EditableMesh
LogPluginManager: Mounting plugin ExampleDeviceProfileSelector
LogPluginManager: Mounting plugin GoogleCloudMessaging
LogPluginManager: Mounting plugin IOSDeviceProfileSelector
LogPluginManager: Mounting plugin LinuxDeviceProfileSelector
LogPluginManager: Mounting plugin LocationServicesBPLibrary
LogPluginManager: Mounting plugin MobilePatchingUtils
LogPluginManager: Mounting plugin OculusVR
LogPluginManager: Mounting plugin PhysXVehicles
LogPluginManager: Mounting plugin ProceduralMeshComponent
LogPluginManager: Mounting plugin RuntimePhysXCooking
LogPluginManager: Mounting plugin SignificanceManager
LogPluginManager: Mounting plugin SteamVR
LogPluginManager: Mounting plugin WebMMoviePlayer
LogPluginManager: Mounting plugin WindowsMoviePlayer
LogPluginManager: Mounting plugin ScreenshotTools
LogInit: Using libcurl 7.55.1-DEV
LogInit:  - built for x86_64-pc-win32
LogInit:  - supports SSL with OpenSSL/1.1.1
LogInit:  - supports HTTP deflate (compression) using libz 1.2.8
LogInit:  - other features:
LogInit:      CURL_VERSION_SSL
LogInit:      CURL_VERSION_LIBZ
LogInit:      CURL_VERSION_IPV6
LogInit:      CURL_VERSION_ASYNCHDNS
LogInit:      CURL_VERSION_LARGEFILE
LogInit:      CURL_VERSION_IDN
LogInit:  CurlRequestOptions (configurable via config and command line):
LogInit:  - bVerifyPeer = true  - Libcurl will verify peer certificate
LogInit:  - bUseHttpProxy = false  - Libcurl will NOT use HTTP proxy
LogInit:  - bDontReuseConnections = false  - Libcurl will reuse connections
LogInit:  - MaxHostConnections = 16  - Libcurl will limit the number of connections to a host
LogInit:  - LocalHostAddr = Default
LogInit:  - BufferSize = 65536
LogOnline: OSS: Creating online subsystem instance for: NULL
LogInit: WinSock: version 1.1 (2.2), MaxSocks=32767, MaxUdp=65467
LogInit: Build: ++UE4+Release-4.23-CL-9631420
LogInit: Engine Version: 4.23.1-9631420+++UE4+Release-4.23
LogInit: Compatible Engine Version: 4.23.0-8386587+++UE4+Release-4.23
LogInit: Net CL: 8386587
LogInit: OS: Windows 10 (Release 1903) (), CPU: Intel(R) Core(TM) i7-6700HQ CPU @ 2.60GHz, GPU: Intel(R) HD Graphics 530
LogInit: Compiled (64-bit): Oct 18 2019 02:07:44
LogInit: Compiled with Visual C++: 19.16.27030.01
LogInit: Build Configuration: Development
LogInit: Branch Name: ++UE4+Release-4.23
LogInit: Command Line:  -skipcompile
LogInit: Base Directory: D:/Epic Games/UE_4.23/Engine/Binaries/Win64/
LogInit: Installed Engine Build: 1
LogDevObjectVersion: Number of dev versions registered: 23
LogDevObjectVersion:   Dev-Blueprints (B0D832E4-1F89-4F0D-ACCF-7EB736FD4AA2): 10
LogDevObjectVersion:   Dev-Build (E1C64328-A22C-4D53-A36C-8E866417BD8C): 0
LogDevObjectVersion:   Dev-Core (375EC13C-06E4-48FB-B500-84F0262A717E): 3
LogDevObjectVersion:   Dev-Editor (E4B068ED-F494-42E9-A231-DA0B2E46BB41): 34
LogDevObjectVersion:   Dev-Framework (CFFC743F-43B0-4480-9391-14DF171D2073): 35
LogDevObjectVersion:   Dev-Mobile (B02B49B5-BB20-44E9-A304-32B752E40360): 2
LogDevObjectVersion:   Dev-Networking (A4E4105C-59A1-49B5-A7C5-40C4547EDFEE): 0
LogDevObjectVersion:   Dev-Online (39C831C9-5AE6-47DC-9A44-9C173E1C8E7C): 0
LogDevObjectVersion:   Dev-Physics (78F01B33-EBEA-4F98-B9B4-84EACCB95AA2): 0
LogDevObjectVersion:   Dev-Platform (6631380F-2D4D-43E0-8009-CF276956A95A): 0
LogDevObjectVersion:   Dev-Rendering (12F88B9F-8875-4AFC-A67C-D90C383ABD29): 31
LogDevObjectVersion:   Dev-Sequencer (7B5AE74C-D270-4C10-A958-57980B212A5A): 11
LogDevObjectVersion:   Dev-VR (D7296918-1DD6-4BDD-9DE2-64A83CC13884): 2
LogDevObjectVersion:   Dev-LoadTimes (C2A15278-BFE7-4AFE-6C17-90FF531DF755): 1
LogDevObjectVersion:   Private-Geometry (6EACA3D4-40EC-4CC1-B786-8BED09428FC5): 3
LogDevObjectVersion:   Dev-AnimPhys (29E575DD-E0A3-4627-9D10-D276232CDCEA): 17
LogDevObjectVersion:   Dev-Anim (AF43A65D-7FD3-4947-9873-3E8ED9C1BB05): 2
LogDevObjectVersion:   Dev-ReflectionCapture (6B266CEC-1EC7-4B8F-A30B-E4D90942FC07): 1
LogDevObjectVersion:   Dev-Automation (0DF73D61-A23F-47EA-B727-89E90C41499A): 1
LogDevObjectVersion:   FortniteMain (601D1886-AC64-4F84-AA16-D3DE0DEAC7D6): 27
LogDevObjectVersion:   Dev-Enterprise (9DFFBCD6-494F-0158-E221-12823C92A888): 6
LogDevObjectVersion:   Dev-Niagara (F2AED0AC-9AFE-416F-8664-AA7FFA26D6FC): 1
LogDevObjectVersion:   Dev-Destruction (174F1F0B-B4C6-45A5-B13F-2EE8D0FB917D): 9
LogInit: Presizing for max 16777216 objects, including 0 objects not considered by GC, pre-allocating 0 bytes for permanent pool.
LogInit: Object subsystem initialized
LogConfig: Setting CVar [[con.DebugEarlyDefault:1]]
LogConfig: Setting CVar [[r.setres:1280x720]]
[2019.11.08-23.44.44:557][  0]LogConfig: Setting CVar [[r.VSync:0]]
[2019.11.08-23.44.44:557][  0]LogConfig: Setting CVar [[r.RHICmdBypass:0]]
[2019.11.08-23.44.44:598][  0]LogConfig: Applying CVar settings from Section [/Script/Engine.RendererSettings] File [D:/GOAP_Ecosystem/GOAP_Ecosystem/Saved/Config/Windows/Engine.ini]
[2019.11.08-23.44.44:598][  0]LogConfig: Setting CVar [[r.GPUCrashDebugging:0]]
[2019.11.08-23.44.44:598][  0]LogConfig: Applying CVar settings from Section [/Script/Engine.RendererOverrideSettings] File [D:/GOAP_Ecosystem/GOAP_Ecosystem/Saved/Config/Windows/Engine.ini]
[2019.11.08-23.44.44:599][  0]LogConfig: Applying CVar settings from Section [/Script/Engine.StreamingSettings] File [D:/GOAP_Ecosystem/GOAP_Ecosystem/Saved/Config/Windows/Engine.ini]
[2019.11.08-23.44.44:599][  0]LogConfig: Setting CVar [[s.MinBulkDataSizeForAsyncLoading:131072]]
[2019.11.08-23.44.44:599][  0]LogConfig: Setting CVar [[s.AsyncLoadingThreadEnabled:0]]
[2019.11.08-23.44.44:599][  0]LogConfig: Setting CVar [[s.EventDrivenLoaderEnabled:1]]
[2019.11.08-23.44.44:600][  0]LogConfig: Setting CVar [[s.WarnIfTimeLimitExceeded:0]]
[2019.11.08-23.44.44:600][  0]LogConfig: Setting CVar [[s.TimeLimitExceededMultiplier:1.5]]
[2019.11.08-23.44.44:600][  0]LogConfig: Setting CVar [[s.TimeLimitExceededMinTime:0.005]]
[2019.11.08-23.44.44:600][  0]LogConfig: Setting CVar [[s.UseBackgroundLevelStreaming:1]]
[2019.11.08-23.44.44:600][  0]LogConfig: Setting CVar [[s.PriorityAsyncLoadingExtraTime:15.0]]
[2019.11.08-23.44.44:600][  0]LogConfig: Setting CVar [[s.LevelStreamingActorsUpdateTimeLimit:5.0]]
[2019.11.08-23.44.44:600][  0]LogConfig: Setting CVar [[s.PriorityLevelStreamingActorsUpdateExtraTime:5.0]]
[2019.11.08-23.44.44:601][  0]LogConfig: Setting CVar [[s.LevelStreamingComponentsRegistrationGranularity:10]]
[2019.11.08-23.44.44:601][  0]LogConfig: Setting CVar [[s.UnregisterComponentsTimeLimit:1.0]]
[2019.11.08-23.44.44:601][  0]LogConfig: Setting CVar [[s.LevelStreamingComponentsUnregistrationGranularity:5]]
[2019.11.08-23.44.44:601][  0]LogConfig: Applying CVar settings from Section [/Script/Engine.GarbageCollectionSettings] File [D:/GOAP_Ecosystem/GOAP_Ecosystem/Saved/Config/Windows/Engine.ini]
[2019.11.08-23.44.44:601][  0]LogConfig: Setting CVar [[gc.MaxObjectsNotConsideredByGC:1]]
[2019.11.08-23.44.44:601][  0]LogConfig: Setting CVar [[gc.SizeOfPermanentObjectPool:0]]
[2019.11.08-23.44.44:601][  0]LogConfig: Setting CVar [[gc.FlushStreamingOnGC:0]]
[2019.11.08-23.44.44:601][  0]LogConfig: Setting CVar [[gc.NumRetriesBeforeForcingGC:10]]
[2019.11.08-23.44.44:602][  0]LogConfig: Setting CVar [[gc.AllowParallelGC:1]]
[2019.11.08-23.44.44:602][  0]LogConfig: Setting CVar [[gc.TimeBetweenPurgingPendingKillObjects:61.1]]
[2019.11.08-23.44.44:602][  0]LogConfig: Setting CVar [[gc.MaxObjectsInEditor:16777216]]
[2019.11.08-23.44.44:602][  0]LogConfig: Setting CVar [[gc.IncrementalBeginDestroyEnabled:1]]
[2019.11.08-23.44.44:602][  0]LogConfig: Setting CVar [[gc.CreateGCClusters:1]]
[2019.11.08-23.44.44:602][  0]LogConfig: Setting CVar [[gc.MinGCClusterSize:5]]
[2019.11.08-23.44.44:602][  0]LogConfig: Setting CVar [[gc.ActorClusteringEnabled:0]]
[2019.11.08-23.44.44:602][  0]LogConfig: Setting CVar [[gc.BlueprintClusteringEnabled:0]]
[2019.11.08-23.44.44:603][  0]LogConfig: Setting CVar [[gc.UseDisregardForGCOnDedicatedServers:0]]
[2019.11.08-23.44.44:603][  0]LogConfig: Applying CVar settings from Section [/Script/Engine.NetworkSettings] File [D:/GOAP_Ecosystem/GOAP_Ecosystem/Saved/Config/Windows/Engine.ini]
[2019.11.08-23.44.44:603][  0]LogConfig: Applying CVar settings from Section [/Script/UnrealEd.CookerSettings] File [D:/GOAP_Ecosystem/GOAP_Ecosystem/Saved/Config/Windows/Engine.ini]
[2019.11.08-23.44.44:730][  0]LogConfig: Applying CVar settings from Section [ViewDistanceQuality@3] File [D:/GOAP_Ecosystem/GOAP_Ecosystem/Saved/Config/Windows/Scalability.ini]
[2019.11.08-23.44.44:730][  0]LogConfig: Setting CVar [[r.SkeletalMeshLODBias:0]]
[2019.11.08-23.44.44:730][  0]LogConfig: Setting CVar [[r.ViewDistanceScale:1.0]]
[2019.11.08-23.44.44:731][  0]LogConfig: Applying CVar settings from Section [AntiAliasingQuality@3] File [D:/GOAP_Ecosystem/GOAP_Ecosystem/Saved/Config/Windows/Scalability.ini]
[2019.11.08-23.44.44:731][  0]LogConfig: Setting CVar [[r.PostProcessAAQuality:4]]
[2019.11.08-23.44.44:731][  0]LogConfig: Applying CVar settings from Section [ShadowQuality@3] File [D:/GOAP_Ecosystem/GOAP_Ecosystem/Saved/Config/Windows/Scalability.ini]
[2019.11.08-23.44.44:731][  0]LogConfig: Setting CVar [[r.LightFunctionQuality:1]]
[2019.11.08-23.44.44:731][  0]LogConfig: Setting CVar [[r.ShadowQuality:5]]
[2019.11.08-23.44.44:732][  0]LogConfig: Setting CVar [[r.Shadow.CSM.MaxCascades:10]]
[2019.11.08-23.44.44:732][  0]LogConfig: Setting CVar [[r.Shadow.MaxResolution:2048]]
[2019.11.08-23.44.44:732][  0]LogConfig: Setting CVar [[r.Shadow.MaxCSMResolution:2048]]
[2019.11.08-23.44.44:732][  0]LogConfig: Setting CVar [[r.Shadow.RadiusThreshold:0.01]]
[2019.11.08-23.44.44:732][  0]LogConfig: Setting CVar [[r.Shadow.DistanceScale:1.0]]
[2019.11.08-23.44.44:732][  0]LogConfig: Setting CVar [[r.Shadow.CSM.TransitionScale:1.0]]
[2019.11.08-23.44.44:732][  0]LogConfig: Setting CVar [[r.Shadow.PreShadowResolutionFactor:1.0]]
[2019.11.08-23.44.44:733][  0]LogConfig: Setting CVar [[r.DistanceFieldShadowing:1]]
[2019.11.08-23.44.44:733][  0]LogConfig: Setting CVar [[r.DistanceFieldAO:1]]
[2019.11.08-23.44.44:733][  0]LogConfig: Setting CVar [[r.AOQuality:2]]
[2019.11.08-23.44.44:733][  0]LogConfig: Setting CVar [[r.VolumetricFog:1]]
[2019.11.08-23.44.44:733][  0]LogConfig: Setting CVar [[r.VolumetricFog.GridPixelSize:8]]
[2019.11.08-23.44.44:733][  0]LogConfig: Setting CVar [[r.VolumetricFog.GridSizeZ:128]]
[2019.11.08-23.44.44:734][  0]LogConfig: Setting CVar [[r.VolumetricFog.HistoryMissSupersampleCount:4]]
[2019.11.08-23.44.44:734][  0]LogConfig: Setting CVar [[r.LightMaxDrawDistanceScale:1]]
[2019.11.08-23.44.44:734][  0]LogConfig: Setting CVar [[r.CapsuleShadows:1]]
[2019.11.08-23.44.44:734][  0]LogConfig: Applying CVar settings from Section [PostProcessQuality@3] File [D:/GOAP_Ecosystem/GOAP_Ecosystem/Saved/Config/Windows/Scalability.ini]
[2019.11.08-23.44.44:734][  0]LogConfig: Setting CVar [[r.MotionBlurQuality:4]]
[2019.11.08-23.44.44:734][  0]LogConfig: Setting CVar [[r.AmbientOcclusionMipLevelFactor:0.4]]
[2019.11.08-23.44.44:735][  0]LogConfig: Setting CVar [[r.AmbientOcclusionMaxQuality:100]]
[2019.11.08-23.44.44:735][  0]LogConfig: Setting CVar [[r.AmbientOcclusionLevels:-1]]
[2019.11.08-23.44.44:735][  0]LogConfig: Setting CVar [[r.AmbientOcclusionRadiusScale:1.0]]
[2019.11.08-23.44.44:735][  0]LogConfig: Setting CVar [[r.DepthOfFieldQuality:2]]
[2019.11.08-23.44.44:735][  0]LogConfig: Setting CVar [[r.RenderTargetPoolMin:400]]
[2019.11.08-23.44.44:735][  0]LogConfig: Setting CVar [[r.LensFlareQuality:2]]
[2019.11.08-23.44.44:735][  0]LogConfig: Setting CVar [[r.SceneColorFringeQuality:1]]
[2019.11.08-23.44.44:735][  0]LogConfig: Setting CVar [[r.EyeAdaptationQuality:2]]
[2019.11.08-23.44.44:736][  0]LogConfig: Setting CVar [[r.BloomQuality:5]]
[2019.11.08-23.44.44:736][  0]LogConfig: Setting CVar [[r.FastBlurThreshold:100]]
[2019.11.08-23.44.44:736][  0]LogConfig: Setting CVar [[r.Upscale.Quality:3]]
[2019.11.08-23.44.44:736][  0]LogConfig: Setting CVar [[r.Tonemapper.GrainQuantization:1]]
[2019.11.08-23.44.44:736][  0]LogConfig: Setting CVar [[r.LightShaftQuality:1]]
[2019.11.08-23.44.44:736][  0]LogConfig: Setting CVar [[r.Filter.SizeScale:1]]
[2019.11.08-23.44.44:736][  0]LogConfig: Setting CVar [[r.Tonemapper.Quality:5]]
[2019.11.08-23.44.44:736][  0]LogConfig: Setting CVar [[r.DOF.Gather.AccumulatorQuality:1        ; higher gathering accumulator quality]]
[2019.11.08-23.44.44:736][  0]LogConfig: Setting CVar [[r.DOF.Gather.PostfilterMethod:1          ; Median3x3 postfilering method]]
[2019.11.08-23.44.44:736][  0]LogConfig: Setting CVar [[r.DOF.Gather.EnableBokehSettings:0       ; no bokeh simulation when gathering]]
[2019.11.08-23.44.44:737][  0]LogConfig: Setting CVar [[r.DOF.Gather.RingCount:4                 ; medium number of samples when gathering]]
[2019.11.08-23.44.44:737][  0]LogConfig: Setting CVar [[r.DOF.Scatter.ForegroundCompositing:1    ; additive foreground scattering]]
[2019.11.08-23.44.44:737][  0]LogConfig: Setting CVar [[r.DOF.Scatter.BackgroundCompositing:2    ; additive background scattering]]
[2019.11.08-23.44.44:737][  0]LogConfig: Setting CVar [[r.DOF.Scatter.EnableBokehSettings:1      ; bokeh simulation when scattering]]
[2019.11.08-23.44.44:737][  0]LogConfig: Setting CVar [[r.DOF.Scatter.MaxSpriteRatio:0.1         ; only a maximum of 10% of scattered bokeh]]
[2019.11.08-23.44.44:737][  0]LogConfig: Setting CVar [[r.DOF.Recombine.Quality:1                ; cheap slight out of focus]]
[2019.11.08-23.44.44:737][  0]LogConfig: Setting CVar [[r.DOF.Recombine.EnableBokehSettings:0    ; no bokeh simulation on slight out of focus]]
[2019.11.08-23.44.44:737][  0]LogConfig: Setting CVar [[r.DOF.TemporalAAQuality:1                ; more stable temporal accumulation]]
[2019.11.08-23.44.44:737][  0]LogConfig: Setting CVar [[r.DOF.Kernel.MaxForegroundRadius:0.025]]
[2019.11.08-23.44.44:737][  0]LogConfig: Setting CVar [[r.DOF.Kernel.MaxBackgroundRadius:0.025]]
[2019.11.08-23.44.44:738][  0]LogConfig: Applying CVar settings from Section [TextureQuality@3] File [D:/GOAP_Ecosystem/GOAP_Ecosystem/Saved/Config/Windows/Scalability.ini]
[2019.11.08-23.44.44:738][  0]LogConfig: Setting CVar [[r.Streaming.MipBias:0]]
[2019.11.08-23.44.44:738][  0]LogConfig: Setting CVar [[r.Streaming.AmortizeCPUToGPUCopy:0]]
[2019.11.08-23.44.44:738][  0]LogConfig: Setting CVar [[r.Streaming.MaxNumTexturesToStreamPerFrame:0]]
[2019.11.08-23.44.44:738][  0]LogConfig: Setting CVar [[r.Streaming.Boost:1]]
[2019.11.08-23.44.44:738][  0]LogConfig: Setting CVar [[r.MaxAnisotropy:8]]
[2019.11.08-23.44.44:738][  0]LogConfig: Setting CVar [[r.Streaming.LimitPoolSizeToVRAM:0]]
[2019.11.08-23.44.44:738][  0]LogConfig: Setting CVar [[r.Streaming.PoolSize:1000]]
[2019.11.08-23.44.44:738][  0]LogConfig: Setting CVar [[r.Streaming.MaxEffectiveScreenSize:0]]
[2019.11.08-23.44.44:738][  0]LogConfig: Applying CVar settings from Section [EffectsQuality@3] File [D:/GOAP_Ecosystem/GOAP_Ecosystem/Saved/Config/Windows/Scalability.ini]
[2019.11.08-23.44.44:738][  0]LogConfig: Setting CVar [[r.TranslucencyLightingVolumeDim:64]]
[2019.11.08-23.44.44:739][  0]LogConfig: Setting CVar [[r.RefractionQuality:2]]
[2019.11.08-23.44.44:739][  0]LogConfig: Setting CVar [[r.SSR.Quality:3]]
[2019.11.08-23.44.44:739][  0]LogConfig: Setting CVar [[r.SceneColorFormat:4]]
[2019.11.08-23.44.44:739][  0]LogConfig: Setting CVar [[r.DetailMode:2]]
[2019.11.08-23.44.44:739][  0]LogConfig: Setting CVar [[r.TranslucencyVolumeBlur:1]]
[2019.11.08-23.44.44:739][  0]LogConfig: Setting CVar [[r.MaterialQualityLevel:1 ; High quality]]
[2019.11.08-23.44.44:739][  0]LogConfig: Setting CVar [[r.SSS.Scale:1]]
[2019.11.08-23.44.44:739][  0]LogConfig: Setting CVar [[r.SSS.SampleSet:2]]
[2019.11.08-23.44.44:739][  0]LogConfig: Setting CVar [[r.SSS.Quality:1]]
[2019.11.08-23.44.44:739][  0]LogConfig: Setting CVar [[r.SSS.HalfRes:1]]
[2019.11.08-23.44.44:739][  0]LogConfig: Setting CVar [[r.EmitterSpawnRateScale:1.0]]
[2019.11.08-23.44.44:739][  0]LogConfig: Setting CVar [[r.ParticleLightQuality:2]]
[2019.11.08-23.44.44:740][  0]LogConfig: Applying CVar settings from Section [FoliageQuality@3] File [D:/GOAP_Ecosystem/GOAP_Ecosystem/Saved/Config/Windows/Scalability.ini]
[2019.11.08-23.44.44:740][  0]LogConfig: Setting CVar [[foliage.DensityScale:1.0]]
[2019.11.08-23.44.44:740][  0]LogConfig: Setting CVar [[grass.DensityScale:1.0]]
[2019.11.08-23.44.44:764][  0]LogInit: Selected Device Profile: [Windows]
[2019.11.08-23.44.44:768][  0]LogInit: Applying CVar settings loaded from the selected device profile: [Windows]
[2019.11.08-23.44.44:796][  0]LogHAL: Display: Platform has ~ 16 GB [17059831808 / 17179869184 / 16], which maps to Larger [LargestMinGB=32, LargerMinGB=12, DefaultMinGB=8, SmallerMinGB=6, SmallestMinGB=0)
[2019.11.08-23.44.44:796][  0]LogInit: Going up to parent DeviceProfile []
[2019.11.08-23.44.44:797][  0]LogConfig: Applying CVar settings from Section [ViewDistanceQuality@3] File [D:/GOAP_Ecosystem/GOAP_Ecosystem/Saved/Config/Windows/Scalability.ini]
[2019.11.08-23.44.44:797][  0]LogConfig: Setting CVar [[r.SkeletalMeshLODBias:0]]
[2019.11.08-23.44.44:797][  0]LogConfig: Setting CVar [[r.ViewDistanceScale:1.0]]
[2019.11.08-23.44.44:797][  0]LogConfig: Applying CVar settings from Section [AntiAliasingQuality@3] File [D:/GOAP_Ecosystem/GOAP_Ecosystem/Saved/Config/Windows/Scalability.ini]
[2019.11.08-23.44.44:797][  0]LogConfig: Setting CVar [[r.PostProcessAAQuality:4]]
[2019.11.08-23.44.44:797][  0]LogConfig: Applying CVar settings from Section [ShadowQuality@3] File [D:/GOAP_Ecosystem/GOAP_Ecosystem/Saved/Config/Windows/Scalability.ini]
[2019.11.08-23.44.44:797][  0]LogConfig: Setting CVar [[r.LightFunctionQuality:1]]
[2019.11.08-23.44.44:797][  0]LogConfig: Setting CVar [[r.ShadowQuality:5]]
[2019.11.08-23.44.44:797][  0]LogConfig: Setting CVar [[r.Shadow.CSM.MaxCascades:10]]
[2019.11.08-23.44.44:798][  0]LogConfig: Setting CVar [[r.Shadow.MaxResolution:2048]]
[2019.11.08-23.44.44:798][  0]LogConfig: Setting CVar [[r.Shadow.MaxCSMResolution:2048]]
[2019.11.08-23.44.44:798][  0]LogConfig: Setting CVar [[r.Shadow.RadiusThreshold:0.01]]
[2019.11.08-23.44.44:798][  0]LogConfig: Setting CVar [[r.Shadow.DistanceScale:1.0]]
[2019.11.08-23.44.44:798][  0]LogConfig: Setting CVar [[r.Shadow.CSM.TransitionScale:1.0]]
[2019.11.08-23.44.44:798][  0]LogConfig: Setting CVar [[r.Shadow.PreShadowResolutionFactor:1.0]]
[2019.11.08-23.44.44:798][  0]LogConfig: Setting CVar [[r.DistanceFieldShadowing:1]]
[2019.11.08-23.44.44:798][  0]LogConfig: Setting CVar [[r.DistanceFieldAO:1]]
[2019.11.08-23.44.44:798][  0]LogConfig: Setting CVar [[r.AOQuality:2]]
[2019.11.08-23.44.44:798][  0]LogConfig: Setting CVar [[r.VolumetricFog:1]]
[2019.11.08-23.44.44:798][  0]LogConfig: Setting CVar [[r.VolumetricFog.GridPixelSize:8]]
[2019.11.08-23.44.44:798][  0]LogConfig: Setting CVar [[r.VolumetricFog.GridSizeZ:128]]
[2019.11.08-23.44.44:798][  0]LogConfig: Setting CVar [[r.VolumetricFog.HistoryMissSupersampleCount:4]]
[2019.11.08-23.44.44:799][  0]LogConfig: Setting CVar [[r.LightMaxDrawDistanceScale:1]]
[2019.11.08-23.44.44:799][  0]LogConfig: Setting CVar [[r.CapsuleShadows:1]]
[2019.11.08-23.44.44:799][  0]LogConfig: Applying CVar settings from Section [PostProcessQuality@3] File [D:/GOAP_Ecosystem/GOAP_Ecosystem/Saved/Config/Windows/Scalability.ini]
[2019.11.08-23.44.44:799][  0]LogConfig: Setting CVar [[r.MotionBlurQuality:4]]
[2019.11.08-23.44.44:799][  0]LogConfig: Setting CVar [[r.AmbientOcclusionMipLevelFactor:0.4]]
[2019.11.08-23.44.44:799][  0]LogConfig: Setting CVar [[r.AmbientOcclusionMaxQuality:100]]
[2019.11.08-23.44.44:799][  0]LogConfig: Setting CVar [[r.AmbientOcclusionLevels:-1]]
[2019.11.08-23.44.44:799][  0]LogConfig: Setting CVar [[r.AmbientOcclusionRadiusScale:1.0]]
[2019.11.08-23.44.44:799][  0]LogConfig: Setting CVar [[r.DepthOfFieldQuality:2]]
[2019.11.08-23.44.44:799][  0]LogConfig: Setting CVar [[r.RenderTargetPoolMin:400]]
[2019.11.08-23.44.44:799][  0]LogConfig: Setting CVar [[r.LensFlareQuality:2]]
[2019.11.08-23.44.44:799][  0]LogConfig: Setting CVar [[r.SceneColorFringeQuality:1]]
[2019.11.08-23.44.44:799][  0]LogConfig: Setting CVar [[r.EyeAdaptationQuality:2]]
[2019.11.08-23.44.44:799][  0]LogConfig: Setting CVar [[r.BloomQuality:5]]
[2019.11.08-23.44.44:800][  0]LogConfig: Setting CVar [[r.FastBlurThreshold:100]]
[2019.11.08-23.44.44:800][  0]LogConfig: Setting CVar [[r.Upscale.Quality:3]]
[2019.11.08-23.44.44:800][  0]LogConfig: Setting CVar [[r.Tonemapper.GrainQuantization:1]]
[2019.11.08-23.44.44:800][  0]LogConfig: Setting CVar [[r.LightShaftQuality:1]]
[2019.11.08-23.44.44:800][  0]LogConfig: Setting CVar [[r.Filter.SizeScale:1]]
[2019.11.08-23.44.44:800][  0]LogConfig: Setting CVar [[r.Tonemapper.Quality:5]]
[2019.11.08-23.44.44:800][  0]LogConfig: Setting CVar [[r.DOF.Gather.AccumulatorQuality:1        ; higher gathering accumulator quality]]
[2019.11.08-23.44.44:800][  0]LogConfig: Setting CVar [[r.DOF.Gather.PostfilterMethod:1          ; Median3x3 postfilering method]]
[2019.11.08-23.44.44:800][  0]LogConfig: Setting CVar [[r.DOF.Gather.EnableBokehSettings:0       ; no bokeh simulation when gathering]]
[2019.11.08-23.44.44:800][  0]LogConfig: Setting CVar [[r.DOF.Gather.RingCount:4                 ; medium number of samples when gathering]]
[2019.11.08-23.44.44:800][  0]LogConfig: Setting CVar [[r.DOF.Scatter.ForegroundCompositing:1    ; additive foreground scattering]]
[2019.11.08-23.44.44:800][  0]LogConfig: Setting CVar [[r.DOF.Scatter.BackgroundCompositing:2    ; additive background scattering]]
[2019.11.08-23.44.44:801][  0]LogConfig: Setting CVar [[r.DOF.Scatter.EnableBokehSettings:1      ; bokeh simulation when scattering]]
[2019.11.08-23.44.44:801][  0]LogConfig: Setting CVar [[r.DOF.Scatter.MaxSpriteRatio:0.1         ; only a maximum of 10% of scattered bokeh]]
[2019.11.08-23.44.44:801][  0]LogConfig: Setting CVar [[r.DOF.Recombine.Quality:1                ; cheap slight out of focus]]
[2019.11.08-23.44.44:801][  0]LogConfig: Setting CVar [[r.DOF.Recombine.EnableBokehSettings:0    ; no bokeh simulation on slight out of focus]]
[2019.11.08-23.44.44:801][  0]LogConfig: Setting CVar [[r.DOF.TemporalAAQuality:1                ; more stable temporal accumulation]]
[2019.11.08-23.44.44:801][  0]LogConfig: Setting CVar [[r.DOF.Kernel.MaxForegroundRadius:0.025]]
[2019.11.08-23.44.44:801][  0]LogConfig: Setting CVar [[r.DOF.Kernel.MaxBackgroundRadius:0.025]]
[2019.11.08-23.44.44:801][  0]LogConfig: Applying CVar settings from Section [TextureQuality@3] File [D:/GOAP_Ecosystem/GOAP_Ecosystem/Saved/Config/Windows/Scalability.ini]
[2019.11.08-23.44.44:801][  0]LogConfig: Setting CVar [[r.Streaming.MipBias:0]]
[2019.11.08-23.44.44:801][  0]LogConfig: Setting CVar [[r.Streaming.AmortizeCPUToGPUCopy:0]]
[2019.11.08-23.44.44:801][  0]LogConfig: Setting CVar [[r.Streaming.MaxNumTexturesToStreamPerFrame:0]]
[2019.11.08-23.44.44:801][  0]LogConfig: Setting CVar [[r.Streaming.Boost:1]]
[2019.11.08-23.44.44:801][  0]LogConfig: Setting CVar [[r.MaxAnisotropy:8]]
[2019.11.08-23.44.44:802][  0]LogConfig: Setting CVar [[r.Streaming.LimitPoolSizeToVRAM:0]]
[2019.11.08-23.44.44:802][  0]LogConfig: Setting CVar [[r.Streaming.PoolSize:1000]]
[2019.11.08-23.44.44:802][  0]LogConfig: Setting CVar [[r.Streaming.MaxEffectiveScreenSize:0]]
[2019.11.08-23.44.44:802][  0]LogConfig: Applying CVar settings from Section [EffectsQuality@3] File [D:/GOAP_Ecosystem/GOAP_Ecosystem/Saved/Config/Windows/Scalability.ini]
[2019.11.08-23.44.44:802][  0]LogConfig: Setting CVar [[r.TranslucencyLightingVolumeDim:64]]
[2019.11.08-23.44.44:802][  0]LogConfig: Setting CVar [[r.RefractionQuality:2]]
[2019.11.08-23.44.44:802][  0]LogConfig: Setting CVar [[r.SSR.Quality:3]]
[2019.11.08-23.44.44:802][  0]LogConfig: Setting CVar [[r.SceneColorFormat:4]]
[2019.11.08-23.44.44:802][  0]LogConfig: Setting CVar [[r.DetailMode:2]]
[2019.11.08-23.44.44:802][  0]LogConfig: Setting CVar [[r.TranslucencyVolumeBlur:1]]
[2019.11.08-23.44.44:802][  0]LogConfig: Setting CVar [[r.MaterialQualityLevel:1 ; High quality]]
[2019.11.08-23.44.44:803][  0]LogConfig: Setting CVar [[r.SSS.Scale:1]]
[2019.11.08-23.44.44:803][  0]LogConfig: Setting CVar [[r.SSS.SampleSet:2]]
[2019.11.08-23.44.44:803][  0]LogConfig: Setting CVar [[r.SSS.Quality:1]]
[2019.11.08-23.44.44:803][  0]LogConfig: Setting CVar [[r.SSS.HalfRes:1]]
[2019.11.08-23.44.44:803][  0]LogConfig: Setting CVar [[r.EmitterSpawnRateScale:1.0]]
[2019.11.08-23.44.44:803][  0]LogConfig: Setting CVar [[r.ParticleLightQuality:2]]
[2019.11.08-23.44.44:803][  0]LogConfig: Applying CVar settings from Section [FoliageQuality@3] File [D:/GOAP_Ecosystem/GOAP_Ecosystem/Saved/Config/Windows/Scalability.ini]
[2019.11.08-23.44.44:803][  0]LogConfig: Setting CVar [[foliage.DensityScale:1.0]]
[2019.11.08-23.44.44:803][  0]LogConfig: Setting CVar [[grass.DensityScale:1.0]]
[2019.11.08-23.44.44:803][  0]LogConfig: Applying CVar settings from Section [Startup] File [../../../Engine/Config/ConsoleVariables.ini]
[2019.11.08-23.44.44:804][  0]LogConfig: Setting CVar [[net.UseAdaptiveNetUpdateFrequency:0]]
[2019.11.08-23.44.44:804][  0]LogConfig: Setting CVar [[p.chaos.AllowCreatePhysxBodies:1]]
[2019.11.08-23.44.44:804][  0]LogConfig: Applying CVar settings from Section [ConsoleVariables] File [D:/GOAP_Ecosystem/GOAP_Ecosystem/Saved/Config/Windows/Engine.ini]
[2019.11.08-23.44.44:832][  0]LogInit: Computer: MSI
[2019.11.08-23.44.44:832][  0]LogInit: User: ZackR
[2019.11.08-23.44.44:832][  0]LogInit: CPU Page size=4096, Cores=4
[2019.11.08-23.44.44:833][  0]LogInit: High frequency timer resolution =10.000000 MHz
[2019.11.08-23.44.44:853][  0]LogMemory: Memory total: Physical=15.9GB (16GB approx)
[2019.11.08-23.44.44:853][  0]LogMemory: Platform Memory Stats for Windows
[2019.11.08-23.44.44:853][  0]LogMemory: Process Physical Memory: 100.66 MB used, 100.66 MB peak
[2019.11.08-23.44.44:853][  0]LogMemory: Process Virtual Memory: 88.63 MB used, 88.63 MB peak
[2019.11.08-23.44.44:854][  0]LogMemory: Physical Memory: 7831.08 MB used,  8438.44 MB free, 16269.52 MB total
[2019.11.08-23.44.44:854][  0]LogMemory: Virtual Memory: 4656.43 MB used,  134213072.00 MB free, 134217728.00 MB total
[2019.11.08-23.44.45:330][  0]LogWindows: WindowsPlatformFeatures enabled
[2019.11.08-23.44.48:669][  0]LogInit: Using OS detected language (en-US).
[2019.11.08-23.44.48:669][  0]LogInit: Using OS detected locale (en-US).
[2019.11.08-23.44.48:756][  0]LogTextLocalizationManager: No specific localization for 'en-US' exists, so the 'en' localization will be used.
[2019.11.08-23.44.49:544][  0]LogInit: Setting process to per monitor DPI aware
[2019.11.08-23.44.51:076][  0]LogSlate: New Slate User Created.  User Index 0, Is Virtual User: 0
[2019.11.08-23.44.51:076][  0]LogSlate: Slate User Registered.  User Index 0, Is Virtual User: 0
[2019.11.08-23.44.54:588][  0]LogHMD: Failed to initialize OpenVR with code 126
[2019.11.08-23.44.54:588][  0]LogD3D11RHI: D3D11 adapters:
[2019.11.08-23.44.54:702][  0]LogD3D11RHI:    0. 'NVIDIA GeForce GTX 1060' (Feature Level 11_0)
[2019.11.08-23.44.54:702][  0]LogD3D11RHI:       6052/0/8134 MB DedicatedVideo/DedicatedSystem/SharedSystem, Outputs:2, VendorId:0x10de
[2019.11.08-23.44.54:731][  0]LogD3D11RHI:    1. 'Intel(R) HD Graphics 530' (Feature Level 11_0)
[2019.11.08-23.44.54:731][  0]LogD3D11RHI:       128/0/8134 MB DedicatedVideo/DedicatedSystem/SharedSystem, Outputs:0, VendorId:0x8086
[2019.11.08-23.44.54:742][  0]LogD3D11RHI:    2. 'Microsoft Basic Render Driver' (Feature Level 11_0)
[2019.11.08-23.44.54:742][  0]LogD3D11RHI:       0/0/8134 MB DedicatedVideo/DedicatedSystem/SharedSystem, Outputs:0, VendorId:0x1414
[2019.11.08-23.44.54:742][  0]LogD3D11RHI: Chosen D3D11 Adapter: 0
[2019.11.08-23.44.54:850][  0]LogD3D11RHI: Creating new Direct3DDevice
[2019.11.08-23.44.54:850][  0]LogD3D11RHI:     GPU DeviceId: 0x1c20 (for the marketing name, search the web for "GPU Device Id")
[2019.11.08-23.44.54:850][  0]LogWindows: EnumDisplayDevices:
[2019.11.08-23.44.54:851][  0]LogWindows:    0. 'Intel(R) HD Graphics 530' (P:1 D:1)
[2019.11.08-23.44.54:851][  0]LogWindows:    1. 'Intel(R) HD Graphics 530' (P:0 D:0)
[2019.11.08-23.44.54:852][  0]LogWindows:    2. 'Intel(R) HD Graphics 530' (P:0 D:0)
[2019.11.08-23.44.54:852][  0]LogWindows:    3. 'NVIDIA GeForce GTX 1060' (P:0 D:1)
[2019.11.08-23.44.54:853][  0]LogWindows:    4. 'NVIDIA GeForce GTX 1060' (P:0 D:0)
[2019.11.08-23.44.54:853][  0]LogWindows:    5. 'NVIDIA GeForce GTX 1060' (P:0 D:0)
[2019.11.08-23.44.54:854][  0]LogWindows:    6. 'NVIDIA GeForce GTX 1060' (P:0 D:0)
[2019.11.08-23.44.54:854][  0]LogWindows: DebugString: PrimaryIsNotTheChoosenAdapter PrimaryIsNotTheChoosenAdapter PrimaryIsNotTheChoosenAdapter FoundDriverCount:4 
[2019.11.08-23.44.54:854][  0]LogD3D11RHI:     Adapter Name: NVIDIA GeForce GTX 1060
[2019.11.08-23.44.54:855][  0]LogD3D11RHI:   Driver Version: 399.01 (internal:24.21.13.9901, unified:399.01)
[2019.11.08-23.44.54:855][  0]LogD3D11RHI:      Driver Date: 8-13-2018
[2019.11.08-23.44.54:855][  0]LogRHI: Texture pool is 4236 MB (70% of 6052 MB)
[2019.11.08-23.44.54:922][  0]LogD3D11RHI: Async texture creation enabled
[2019.11.08-23.44.55:203][  0]LogD3D11RHI: GPU Timing Frequency: 1000.000000 (Debug: 2 2)
[2019.11.08-23.44.55:999][  0]LogTemp: Display: Module 'AllDesktopTargetPlatform' loaded TargetPlatform 'AllDesktop'
[2019.11.08-23.44.56:793][  0]LogTemp: Display: Module 'MacClientTargetPlatform' loaded TargetPlatform 'MacClient'
[2019.11.08-23.44.56:859][  0]LogTemp: Display: Module 'MacNoEditorTargetPlatform' loaded TargetPlatform 'MacNoEditor'
[2019.11.08-23.44.56:903][  0]LogTemp: Display: Module 'MacServerTargetPlatform' loaded TargetPlatform 'MacServer'
[2019.11.08-23.44.56:957][  0]LogTemp: Display: Module 'MacTargetPlatform' loaded TargetPlatform 'Mac'
[2019.11.08-23.44.57:057][  0]LogTemp: Display: Module 'WindowsClientTargetPlatform' loaded TargetPlatform 'WindowsClient'
[2019.11.08-23.44.57:107][  0]LogTemp: Display: Module 'WindowsNoEditorTargetPlatform' loaded TargetPlatform 'WindowsNoEditor'
[2019.11.08-23.44.57:140][  0]LogTemp: Display: Module 'WindowsServerTargetPlatform' loaded TargetPlatform 'WindowsServer'
[2019.11.08-23.44.57:167][  0]LogTemp: Display: Module 'WindowsTargetPlatform' loaded TargetPlatform 'Windows'
[2019.11.08-23.44.57:323][  0]LogTemp: Display: Module 'AndroidTargetPlatform' loaded TargetPlatform 'Android'
[2019.11.08-23.44.57:324][  0]LogTemp: Display: Module 'AndroidTargetPlatform' loaded TargetPlatform 'Android_ASTC'
[2019.11.08-23.44.57:324][  0]LogTemp: Display: Module 'AndroidTargetPlatform' loaded TargetPlatform 'Android_ATC'
[2019.11.08-23.44.57:324][  0]LogTemp: Display: Module 'AndroidTargetPlatform' loaded TargetPlatform 'Android_DXT'
[2019.11.08-23.44.57:324][  0]LogTemp: Display: Module 'AndroidTargetPlatform' loaded TargetPlatform 'Android_ETC1'
[2019.11.08-23.44.57:324][  0]LogTemp: Display: Module 'AndroidTargetPlatform' loaded TargetPlatform 'Android_ETC1a'
[2019.11.08-23.44.57:324][  0]LogTemp: Display: Module 'AndroidTargetPlatform' loaded TargetPlatform 'Android_ETC2'
[2019.11.08-23.44.57:324][  0]LogTemp: Display: Module 'AndroidTargetPlatform' loaded TargetPlatform 'Android_PVRTC'
[2019.11.08-23.44.57:324][  0]LogTemp: Display: Module 'AndroidTargetPlatform' loaded TargetPlatform 'AndroidClient'
[2019.11.08-23.44.57:324][  0]LogTemp: Display: Module 'AndroidTargetPlatform' loaded TargetPlatform 'Android_ASTCClient'
[2019.11.08-23.44.57:325][  0]LogTemp: Display: Module 'AndroidTargetPlatform' loaded TargetPlatform 'Android_ATCClient'
[2019.11.08-23.44.57:325][  0]LogTemp: Display: Module 'AndroidTargetPlatform' loaded TargetPlatform 'Android_DXTClient'
[2019.11.08-23.44.57:325][  0]LogTemp: Display: Module 'AndroidTargetPlatform' loaded TargetPlatform 'Android_ETC1Client'
[2019.11.08-23.44.57:325][  0]LogTemp: Display: Module 'AndroidTargetPlatform' loaded TargetPlatform 'Android_ETC1aClient'
[2019.11.08-23.44.57:325][  0]LogTemp: Display: Module 'AndroidTargetPlatform' loaded TargetPlatform 'Android_ETC2Client'
[2019.11.08-23.44.57:325][  0]LogTemp: Display: Module 'AndroidTargetPlatform' loaded TargetPlatform 'Android_PVRTCClient'
[2019.11.08-23.44.57:325][  0]LogTemp: Display: Module 'AndroidTargetPlatform' loaded TargetPlatform 'Android_Multi'
[2019.11.08-23.44.57:325][  0]LogTemp: Display: Module 'AndroidTargetPlatform' loaded TargetPlatform 'Android_MultiClient'
[2019.11.08-23.44.57:376][  0]LogTemp: Display: Module 'HTML5TargetPlatform' loaded TargetPlatform 'HTML5'
[2019.11.08-23.44.57:531][  0]LogTemp: Display: Module 'IOSTargetPlatform' loaded TargetPlatform 'IOSClient'
[2019.11.08-23.44.57:531][  0]LogTemp: Display: Module 'IOSTargetPlatform' loaded TargetPlatform 'IOS'
[2019.11.08-23.44.57:564][  0]LogTemp: Display: Module 'TVOSTargetPlatform' loaded TargetPlatform 'TVOSClient'
[2019.11.08-23.44.57:564][  0]LogTemp: Display: Module 'TVOSTargetPlatform' loaded TargetPlatform 'TVOS'
[2019.11.08-23.44.57:631][  0]LogTemp: Display: Module 'LinuxClientTargetPlatform' loaded TargetPlatform 'LinuxClient'
[2019.11.08-23.44.57:669][  0]LogTemp: Display: Module 'LinuxNoEditorTargetPlatform' loaded TargetPlatform 'LinuxNoEditor'
[2019.11.08-23.44.57:697][  0]LogTemp: Display: Module 'LinuxServerTargetPlatform' loaded TargetPlatform 'LinuxServer'
[2019.11.08-23.44.57:736][  0]LogTemp: Display: Module 'LinuxTargetPlatform' loaded TargetPlatform 'Linux'
[2019.11.08-23.44.57:818][  0]LogTemp: Display: Module 'LuminTargetPlatform' loaded TargetPlatform 'Lumin'
[2019.11.08-23.44.57:818][  0]LogTemp: Display: Module 'LuminTargetPlatform' loaded TargetPlatform 'LuminClient'
[2019.11.08-23.44.57:818][  0]LogTargetPlatformManager: Display: Building Assets For Windows
[2019.11.08-23.44.58:055][  0]LogAudioDebug: Display: Lib vorbis DLL was dynamically loaded.
[2019.11.08-23.44.59:057][  0]LogShaderCompilers: Guid format shader working directory is 2 characters bigger than the processId version (../../../../../GOAP_Ecosystem/GOAP_Ecosystem/Intermediate/Shaders/WorkingDirectory/9556/).
[2019.11.08-23.44.59:057][  0]LogShaderCompilers: Cleaned the shader compiler working directory 'C:/Users/ZackR/AppData/Local/Temp/UnrealShaderWorkingDir/042B50344343B63F01F551A40BFC28DD/'.
[2019.11.08-23.44.59:083][  0]LogXGEController: Cleaning working directory: C:/Users/ZackR/AppData/Local/Temp/UnrealXGEWorkingDir/
[2019.11.08-23.44.59:084][  0]LogXGEController: Cannot use XGE Controller as Incredibuild is not installed on this machine.
[2019.11.08-23.44.59:084][  0]LogShaderCompilers: Cannot use XGE Shader Compiler as Incredibuild is not installed on this machine.
[2019.11.08-23.44.59:084][  0]LogShaderCompilers: Display: Using Local Shader Compiler.
[2019.11.08-23.45.03:323][  0]LogDerivedDataCache: Display: Max Cache Size: 512 MB
[2019.11.08-23.45.03:335][  0]LogDerivedDataCache: Error: Memory cache was corrputed (size) C:/Users/ZackR/AppData/Local/UnrealEngine/4.23/DerivedDataCache/Boot.ddc.
[2019.11.08-23.45.03:336][  0]LogDerivedDataCache: Warning: Could not load Boot cache: C:/Users/ZackR/AppData/Local/UnrealEngine/4.23/DerivedDataCache/Boot.ddc
[2019.11.08-23.45.03:336][  0]LogDerivedDataCache: FDerivedDataBackendGraph:  Pak pak cache file ../../../../../GOAP_Ecosystem/GOAP_Ecosystem/DerivedDataCache/DDC.ddp not found, will not use a pak cache.
[2019.11.08-23.45.03:337][  0]LogDerivedDataCache: Unable to find inner node Pak for hierarchical cache Hierarchy.
[2019.11.08-23.45.03:337][  0]LogDerivedDataCache: FDerivedDataBackendGraph:  CompressedPak pak cache file ../../../../../GOAP_Ecosystem/GOAP_Ecosystem/DerivedDataCache/Compressed.ddp not found, will not use a pak cache.
[2019.11.08-23.45.03:337][  0]LogDerivedDataCache: Unable to find inner node CompressedPak for hierarchical cache Hierarchy.
[2019.11.08-23.45.03:421][  0]LogDerivedDataCache: Display: Pak cache opened for reading ../../../Engine/DerivedDataCache/Compressed.ddp.
[2019.11.08-23.45.03:422][  0]LogDerivedDataCache: FDerivedDataBackendGraph:  EnterprisePak pak cache file ../../../Enterprise/DerivedDataCache/Compressed.ddp not found, will not use a pak cache.
[2019.11.08-23.45.03:422][  0]LogDerivedDataCache: Unable to find inner node EnterprisePak for hierarchical cache Hierarchy.
[2019.11.08-23.45.03:426][  0]LogDerivedDataCache: Using Local data cache path C:/Users/ZackR/AppData/Local/UnrealEngine/Common/DerivedDataCache: Writable
[2019.11.08-23.45.03:427][  0]LogDerivedDataCache: Shared data cache path not found in *engine.ini, will not use an Shared cache.
[2019.11.08-23.45.03:427][  0]LogDerivedDataCache: Unable to find inner node Shared for hierarchical cache Hierarchy.
[2019.11.08-23.45.03:620][  0]LogMaterial: Verifying Global Shaders for PCD3D_SM5
[2019.11.08-23.45.03:686][  0]LogSlate: Using FreeType 2.6.0
[2019.11.08-23.45.03:862][  0]LogSlate: SlateFontServices - WITH_FREETYPE: 1, WITH_HARFBUZZ: 1
[2019.11.08-23.45.04:951][  0]LogAssetRegistry: FAssetRegistry took 0.0697 seconds to start up
[2019.11.08-23.45.08:491][  0]LogInit: Selected Device Profile: [Windows]
[2019.11.08-23.45.11:263][  0]LogMeshReduction: Using QuadricMeshReduction for automatic static mesh reduction
[2019.11.08-23.45.11:263][  0]LogMeshReduction: Using SimplygonMeshReduction for automatic skeletal mesh reduction
[2019.11.08-23.45.11:263][  0]LogMeshReduction: Using ProxyLODMeshReduction for automatic mesh merging
[2019.11.08-23.45.11:263][  0]LogMeshReduction: No distributed automatic mesh merging module available
[2019.11.08-23.45.11:266][  0]LogMeshMerging: No distributed automatic mesh merging module available
[2019.11.08-23.45.12:128][  0]LogNetVersion: GOAP_Ecosystem 1.0.0, NetCL: 8386587, EngineNetVer: 11, GameNetVer: 0 (Checksum: 2534418638)
[2019.11.08-23.45.17:664][  0]LogPackageLocalizationCache: Processed 12 localized package path(s) for 1 prioritized culture(s) in 0.095344 seconds
[2019.11.08-23.45.17:672][  0]LogUObjectArray: 43444 objects as part of root set at end of initial load.
[2019.11.08-23.45.17:672][  0]LogUObjectAllocator: 7548648 out of 0 bytes used by permanent object pool.
[2019.11.08-23.45.17:672][  0]LogUObjectArray: CloseDisregardForGC: 0/0 objects in disregard for GC pool
[2019.11.08-23.45.31:276][  0]LogTcpMessaging: Initializing TcpMessaging bridge
[2019.11.08-23.45.31:335][  0]LogUdpMessaging: Initializing bridge on interface 0.0.0.0:0 to multicast group 230.0.0.1:6666.
[2019.11.08-23.45.32:571][  0]SourceControl: Source control is disabled
[2019.11.08-23.45.32:581][  0]SourceControl: Source control is disabled
[2019.11.08-23.45.32:701][  0]SourceControl: Source control is disabled
[2019.11.08-23.45.32:773][  0]SourceControl: Source control is disabled
[2019.11.08-23.45.34:744][  0]LogAndroidPermission: UAndroidPermissionCallbackProxy::GetInstance
[2019.11.08-23.45.36:017][  0]LogOcInput: OculusInput pre-init called
[2019.11.08-23.45.36:122][  0]LogWindows: Failed to load 'OVRPlugin.dll' (GetLastError=126)
[2019.11.08-23.45.36:122][  0]LogWindows: File 'OVRPlugin.dll' does not exist
[2019.11.08-23.45.37:498][  0]LogEngine: Initializing Engine...
[2019.11.08-23.45.37:597][  0]LogHMD: Failed to initialize OpenVR with code 126
[2019.11.08-23.45.37:620][  0]LogStats: UGameplayTagsManager::InitializeManager -  0.022 s
[2019.11.08-23.45.39:391][  0]LogInit: Initializing FReadOnlyCVARCache
[2019.11.08-23.45.39:785][  0]LogAIModule: Creating AISystem for world Untitled
[2019.11.08-23.45.40:050][  0]LogInit: XAudio2 using 'Speakers (Realtek High Definition Audio)' : 6 channels at 48 kHz using 32 bits per sample (channel mask 0x3f)
[2019.11.08-23.45.40:346][  0]LogInit: FAudioDevice initialized.
[2019.11.08-23.45.40:347][  0]LogNetVersion: Set ProjectVersion to 1.0.0.0. Version Checksum will be recalculated on next use.
[2019.11.08-23.45.40:517][  0]LogDerivedDataCache: Saved boot cache 0.17s 73MB C:/Users/ZackR/AppData/Local/UnrealEngine/4.23/DerivedDataCache/Boot.ddc.
[2019.11.08-23.45.40:524][  0]LogInit: Texture streaming: Enabled
[2019.11.08-23.45.41:513][  0]LogEngineSessionManager: EngineSessionManager initialized
[2019.11.08-23.45.41:514][  0]LogEngineSessionManager: EngineSessionManager sent abnormal shutdown report. Type=Debugger, SessionId={D5D0733C-495F-0FE0-807D-14BDCF4EAC54}
[2019.11.08-23.45.41:514][  0]LogEditorSessionSummary: Verbose: Initializing EditorSessionSummaryWriter for editor session tracking
[2019.11.08-23.45.41:534][  0]LogEditorSessionSummary: EditorSessionSummaryWriter initialized
[2019.11.08-23.45.41:842][  0]LogInit: Transaction tracking system initialized
[2019.11.08-23.45.42:411][  0]BlueprintLog: New page: Editor Load
[2019.11.08-23.45.43:871][  0]LocalizationService: Localization service is disabled
[2019.11.08-23.45.46:264][  0]LogFileCache: Scanning file cache for directory 'D:/GOAP_Ecosystem/GOAP_Ecosystem/Content/' took 0.01s
[2019.11.08-23.45.46:264][  0]LogCook: Display: Max memory allowance for cook 16384mb min free memory 0mb
[2019.11.08-23.45.46:264][  0]LogCook: Display: Mobile HDR setting 1
[2019.11.08-23.45.49:470][  0]SourceControl: Source control is disabled
[2019.11.08-23.45.49:529][  0]Cmd: MAP LOAD FILE="../../../../../GOAP_Ecosystem/GOAP_Ecosystem/Content/FlyingBP/Maps/FlyingExampleMap.umap" TEMPLATE=0 SHOWPROGRESS=1 FEATURELEVEL=3
[2019.11.08-23.45.49:597][  0]LightingResults: New page: Lighting Build
[2019.11.08-23.45.49:674][  0]LogWorld: UWorld::CleanupWorld for Untitled, bSessionEnded=true, bCleanupResources=true
[2019.11.08-23.45.49:779][  0]MapCheck: New page: Map Check
[2019.11.08-23.45.49:780][  0]LightingResults: New page: Lighting Build
[2019.11.08-23.45.50:018][  0]LogUObjectHash: Compacting FUObjectHashTables data took   1.88ms
[2019.11.08-23.45.51:429][  0]LogAIModule: Creating AISystem for world FlyingExampleMap
[2019.11.08-23.45.51:825][  0]LogEditorServer: Finished looking for orphan Actors (0.000 secs)
[2019.11.08-23.45.51:917][  0]LogUObjectHash: Compacting FUObjectHashTables data took   2.48ms
[2019.11.08-23.45.51:918][  0]Cmd: MAP CHECKDEP NOCLEARLOG
[2019.11.08-23.45.51:926][  0]MapCheck: Map check complete: 0 Error(s), 0 Warning(s), took 8.598ms to complete.
[2019.11.08-23.45.51:927][  0]LogFileHelpers: Loading map 'FlyingExampleMap' took 2.408
[2019.11.08-23.45.53:472][  0]LogSlate: Updating window title bar state: overlay mode, drag disabled, window buttons hidden, title bar hidden
[2019.11.08-23.45.53:481][  0]LogSlate: Updating window title bar state: overlay mode, drag disabled, window buttons hidden, title bar hidden
[2019.11.08-23.45.53:489][  0]LogSlate: Updating window title bar state: overlay mode, drag disabled, window buttons hidden, title bar hidden
[2019.11.08-23.45.53:498][  0]LogSlate: Updating window title bar state: overlay mode, drag disabled, window buttons hidden, title bar hidden
[2019.11.08-23.45.53:554][  0]LogCollectionManager: Loaded 0 collections in 0.001104 seconds
[2019.11.08-23.45.53:659][  0]LogFileCache: Scanning file cache for directory 'D:/GOAP_Ecosystem/GOAP_Ecosystem/Saved/Collections/' took 0.00s
[2019.11.08-23.45.53:659][  0]LogFileCache: Scanning file cache for directory 'D:/GOAP_Ecosystem/GOAP_Ecosystem/Content/Developers/ZackR/Collections/' took 0.00s
[2019.11.08-23.45.53:660][  0]LogFileCache: Scanning file cache for directory 'D:/GOAP_Ecosystem/GOAP_Ecosystem/Content/Collections/' took 0.00s
[2019.11.08-23.45.53:660][  0]LogCollectionManager: Rebuilt the GUID cache for 0 collections in 0.000002 seconds
[2019.11.08-23.45.53:692][  0]LogContentBrowser: Native class hierarchy populated in 0.0316 seconds. Added 2867 classes and 683 folders.
[2019.11.08-23.45.53:767][  0]LogContentBrowser: Native class hierarchy updated for 'WidgetCarousel' in 0.0004 seconds. Added 0 classes and 0 folders.
[2019.11.08-23.45.55:343][  0]LogContentBrowser: Native class hierarchy updated for 'AddContentDialog' in 0.0004 seconds. Added 0 classes and 0 folders.
[2019.11.08-23.45.55:394][  0]LogContentBrowser: Native class hierarchy updated for 'SceneOutliner' in 0.0003 seconds. Added 1 classes and 2 folders.
[2019.11.08-23.45.55:978][  0]LogSlate: Took 0.029283 seconds to synchronously load lazily loaded font '../../../Engine/Content/Slate/Fonts/Roboto-Regular.ttf' (155K)
[2019.11.08-23.45.56:020][  0]LogSlate: Took 0.038605 seconds to synchronously load lazily loaded font '../../../Engine/Content/Slate/Fonts/Roboto-Bold.ttf' (160K)
[2019.11.08-23.45.56:071][  0]LogSlate: Took 0.025308 seconds to synchronously load lazily loaded font '../../../Engine/Content/Editor/Slate/Fonts/FontAwesome.ttf' (139K)
[2019.11.08-23.45.56:636][  0]LogRenderer: Reallocating scene render targets to support 844x444 Format 10 NumSamples 1 (Frame:1).
[2019.11.08-23.45.56:952][  0]LogSlate: Took 0.005803 seconds to synchronously load lazily loaded font '../../../Engine/Content/Slate/Fonts/Roboto-Light.ttf' (167K)
[2019.11.08-23.45.57:136][  0]LogSlate: FSceneViewport::OnFocusLost() reason 5
[2019.11.08-23.45.57:230][  0]LogSlate: Window 'Tutorials' being destroyed
[2019.11.08-23.45.57:348][  0]LogContentBrowser: Native class hierarchy updated for 'HierarchicalLODOutliner' in 0.0004 seconds. Added 0 classes and 0 folders.
[2019.11.08-23.45.57:348][  0]LogLoad: (Engine Initialization) Total time: 84.42 seconds
[2019.11.08-23.45.57:348][  0]LogLoad: (Engine Initialization) Total Blueprint compile time: 0.00 seconds
[2019.11.08-23.45.57:653][  0]LogContentStreaming: Texture pool size now 1000 MB
[2019.11.08-23.45.59:709][ 28]LogAssetRegistry: Asset discovery search completed in 54.7621 seconds
[2019.11.08-23.45.59:714][ 28]LogCollectionManager: Rebuilt the object cache for 0 collections in 0.000009 seconds (found 0 objects)
[2019.11.08-23.45.59:714][ 28]LogCollectionManager: Fixed up redirectors for 0 collections in 0.000327 seconds (updated 0 objects)
[2019.11.08-23.46.57:390][485]LogEditorSessionSummary: EditorSessionSummary sent report. Type=Debugger, SessionId={200EFF68-4798-719E-FE4A-249E5E0EA5BB}
[2019.11.08-23.46.57:391][485]LogEditorSessionSummary: EditorSessionSummary sent report. Type=Debugger, SessionId={4B335090-46F0-A8E4-97E1-E2A84F85A37F}
[2019.11.08-23.50.31:851][245]LogSlate: FSceneViewport::OnFocusLost() reason 0
[2019.11.08-23.50.31:930][248]LogTemp: Repeating last play command: Selected Viewport
[2019.11.08-23.50.31:976][248]LogBlueprintUserMessages: Early PlayInEditor Detection: Level '/Game/FlyingBP/Maps/FlyingExampleMap.FlyingExampleMap:PersistentLevel' has LevelScriptBlueprint '/Game/FlyingBP/Maps/FlyingExampleMap.FlyingExampleMap:PersistentLevel.FlyingExampleMap' with GeneratedClass '/Game/FlyingBP/Maps/FlyingExampleMap.FlyingExampleMap_C' with ClassGeneratedBy '/Game/FlyingBP/Maps/FlyingExampleMap.FlyingExampleMap:PersistentLevel.FlyingExampleMap'
[2019.11.08-23.50.31:987][248]LogPlayLevel: PlayLevel: No blueprints needed recompiling
[2019.11.08-23.50.32:000][248]PIE: New page: PIE session: FlyingExampleMap (Nov 8, 2019, 7:50:31 AM)
[2019.11.08-23.50.32:027][248]LogOnline: OSS: Creating online subsystem instance for: NULL
[2019.11.08-23.50.32:045][248]LogPlayLevel: Creating play world package: /Game/FlyingBP/Maps/UEDPIE_0_FlyingExampleMap
[2019.11.08-23.50.32:089][248]LogPlayLevel: PIE: StaticDuplicateObject took: (0.042776s)
[2019.11.08-23.50.32:090][248]LogAIModule: Creating AISystem for world FlyingExampleMap
[2019.11.08-23.50.32:091][248]LogPlayLevel: PIE: World Init took: (0.001849s)
[2019.11.08-23.50.32:091][248]LogPlayLevel: PIE: Created PIE world by copying editor world from /Game/FlyingBP/Maps/FlyingExampleMap.FlyingExampleMap to /Game/FlyingBP/Maps/UEDPIE_0_FlyingExampleMap.FlyingExampleMap (0.045415s)
[2019.11.08-23.50.32:126][248]LogUObjectHash: Compacting FUObjectHashTables data took   2.77ms
[2019.11.08-23.50.32:253][248]LogInit: XAudio2 using 'Speakers (Realtek High Definition Audio)' : 6 channels at 48 kHz using 32 bits per sample (channel mask 0x3f)
[2019.11.08-23.50.32:355][248]LogInit: FAudioDevice initialized.
[2019.11.08-23.50.32:374][248]LogLoad: Game class is 'FlyingGameMode_C'
[2019.11.08-23.50.32:470][248]LogWorld: Bringing World /Game/FlyingBP/Maps/UEDPIE_0_FlyingExampleMap.FlyingExampleMap up for play (max tick rate 60) at 2019.11.08-15.50.32
[2019.11.08-23.50.32:479][248]LogWorld: Bringing up level for play took: 0.018176
[2019.11.08-23.50.32:480][248]LogOnline: OSS: Creating online subsystem instance for: :Context_1
[2019.11.08-23.50.32:615][248]LogContentBrowser: Native class hierarchy updated for 'MovieSceneCapture' in 0.0005 seconds. Added 20 classes and 0 folders.
[2019.11.08-23.50.32:616][248]PIE: Play in editor start time for /Game/FlyingBP/Maps/UEDPIE_0_FlyingExampleMap 0.573
[2019.11.08-23.50.32:617][248]LogBlueprintUserMessages: Late PlayInEditor Detection: Level '/Game/FlyingBP/Maps/FlyingExampleMap.FlyingExampleMap:PersistentLevel' has LevelScriptBlueprint '/Game/FlyingBP/Maps/FlyingExampleMap.FlyingExampleMap:PersistentLevel.FlyingExampleMap' with GeneratedClass '/Game/FlyingBP/Maps/FlyingExampleMap.FlyingExampleMap_C' with ClassGeneratedBy '/Game/FlyingBP/Maps/FlyingExampleMap.FlyingExampleMap:PersistentLevel.FlyingExampleMap'
[2019.11.08-23.51.15:475][778]LogSlate: FSceneViewport::OnFocusLost() reason 0
[2019.11.08-23.51.18:584][963]LogSlate: FSceneViewport::OnFocusLost() reason 0
[2019.11.08-23.51.35:667][983]LogSlate: FSceneViewport::OnFocusLost() reason 0
[2019.11.08-23.51.37:766][108]LogBlueprintUserMessages: Early EndPlayMap Detection: Level '/Game/FlyingBP/Maps/FlyingExampleMap.FlyingExampleMap:PersistentLevel' has LevelScriptBlueprint '/Game/FlyingBP/Maps/FlyingExampleMap.FlyingExampleMap:PersistentLevel.FlyingExampleMap' with GeneratedClass '/Game/FlyingBP/Maps/FlyingExampleMap.FlyingExampleMap_C' with ClassGeneratedBy '/Game/FlyingBP/Maps/FlyingExampleMap.FlyingExampleMap:PersistentLevel.FlyingExampleMap'
[2019.11.08-23.51.37:924][108]LogSlate: Updating window title bar state: overlay mode, drag disabled, window buttons hidden, title bar hidden
[2019.11.08-23.51.37:924][108]LogWorld: BeginTearingDown for /Game/FlyingBP/Maps/UEDPIE_0_FlyingExampleMap
[2019.11.08-23.51.37:942][108]LogWorld: UWorld::CleanupWorld for FlyingExampleMap, bSessionEnded=true, bCleanupResources=true
[2019.11.08-23.51.37:975][108]LogPlayLevel: Display: Shutting down PIE online subsystems
[2019.11.08-23.51.37:975][108]LogBlueprintUserMessages: Late EndPlayMap Detection: Level '/Game/FlyingBP/Maps/FlyingExampleMap.FlyingExampleMap:PersistentLevel' has LevelScriptBlueprint '/Game/FlyingBP/Maps/FlyingExampleMap.FlyingExampleMap:PersistentLevel.FlyingExampleMap' with GeneratedClass '/Game/FlyingBP/Maps/FlyingExampleMap.FlyingExampleMap_C' with ClassGeneratedBy '/Game/FlyingBP/Maps/FlyingExampleMap.FlyingExampleMap:PersistentLevel.FlyingExampleMap'
[2019.11.08-23.51.38:031][108]LogSlate: Updating window title bar state: overlay mode, drag disabled, window buttons hidden, title bar hidden
[2019.11.08-23.51.38:035][108]LogUObjectHash: Compacting FUObjectHashTables data took   1.85ms
[2019.11.08-23.51.38:052][109]LogPlayLevel: Display: Destroying online subsystem :Context_1
[2019.11.08-23.51.43:992][464]LogEditorViewport: Clicking on Actor (LMB): Animal (Animal2)
[2019.11.08-23.52.28:982][105]LogSlate: FSceneViewport::OnFocusLost() reason 2
[2019.11.08-23.53.55:905][271]LogSlate: Took 0.005940 seconds to synchronously load lazily loaded font '../../../Engine/Content/Slate/Fonts/Roboto-Light.ttf' (167K)
[2019.11.08-23.53.55:948][271]LogAssetEditorManager: Opening Asset editor for Class /Script/GOAP_Ecosystem.Behavior
[2019.11.08-23.56.21:948][708]LogSlate: FSceneViewport::OnFocusLost() reason 0
[2019.11.08-23.56.22:127][715]LogAssetEditorManager: Opening Asset editor for Class /Script/GOAP_Ecosystem.B_Move
[2019.11.08-23.57.02:949][837]LogSlate: FSceneViewport::OnFocusLost() reason 0
[2019.11.08-23.57.03:062][842]Candidate modules for hot reload:
[2019.11.08-23.57.03:062][842]  GOAP_Ecosystem
[2019.11.08-23.57.03:062][842]Launching UnrealBuildTool... [D:/Epic Games/UE_4.23/Engine/Binaries/DotNET/UnrealBuildTool.exe  -ModuleWithSuffix=GOAP_Ecosystem,5888 Win64 Development -TargetType=Editor -Project="D:/GOAP_Ecosystem/GOAP_Ecosystem/GOAP_Ecosystem.uproject" "D:/GOAP_Ecosystem/GOAP_Ecosystem/GOAP_Ecosystem.uproject"  -IgnoreJunk]
[2019.11.08-23.57.03:072][842]Warning: Starting HotReload took  0.0s.
[2019.11.08-23.59.09:165][313]LogSlate: Took 0.317610 seconds to synchronously load lazily loaded font '../../../Engine/Content/Slate/Fonts/Roboto-Italic.ttf' (157K)
[2019.11.09-00.00.48:465][187]CompilerResultsLog: New page: Compilation - Nov 8, 2019, 8:00:48 AM
[2019.11.09-00.00.48:466][187]CompilerResultsLog: Using 'git status' to determine working set for adaptive non-unity build (D:\GOAP_Ecosystem).
[2019.11.09-00.00.48:467][187]CompilerResultsLog: Parsing headers for GOAP_EcosystemEditor
[2019.11.09-00.00.48:467][187]CompilerResultsLog:   Running UnrealHeaderTool "D:\GOAP_Ecosystem\GOAP_Ecosystem\GOAP_Ecosystem.uproject" "D:\GOAP_Ecosystem\GOAP_Ecosystem\Intermediate\Build\Win64\GOAP_EcosystemEditor\Development\GOAP_EcosystemEditor.uhtmanifest" -LogCmds="loginit warning, logexit warning, logdatabase error" -Unattended -WarningsAsErrors -installed
[2019.11.09-00.00.48:467][187]CompilerResultsLog: Reflection code generated for GOAP_EcosystemEditor in 22.6208488 seconds
[2019.11.09-00.00.48:467][187]CompilerResultsLog: Failed to delete file 'D:\GOAP_Ecosystem\GOAP_Ecosystem\Binaries\Win64\UE4Editor-GOAP_Ecosystem.pdb'
[2019.11.09-00.00.48:467][187]CompilerResultsLog:     Exception: Access to the path 'D:\GOAP_Ecosystem\GOAP_Ecosystem\Binaries\Win64\UE4Editor-GOAP_Ecosystem.pdb' is denied.
[2019.11.09-00.00.48:468][187]CompilerResultsLog: Attempting to retry...
[2019.11.09-00.00.48:468][187]CompilerResultsLog: Failed to delete file 'D:\GOAP_Ecosystem\GOAP_Ecosystem\Binaries\Win64\UE4Editor-GOAP_Ecosystem.pdb'
[2019.11.09-00.00.48:468][187]CompilerResultsLog:     Exception: Access to the path 'D:\GOAP_Ecosystem\GOAP_Ecosystem\Binaries\Win64\UE4Editor-GOAP_Ecosystem.pdb' is denied.
[2019.11.09-00.00.48:468][187]CompilerResultsLog: Attempting to retry...
[2019.11.09-00.00.48:468][187]CompilerResultsLog: Failed to delete file 'D:\GOAP_Ecosystem\GOAP_Ecosystem\Binaries\Win64\UE4Editor-GOAP_Ecosystem.pdb'
[2019.11.09-00.00.48:468][187]CompilerResultsLog:     Exception: Access to the path 'D:\GOAP_Ecosystem\GOAP_Ecosystem\Binaries\Win64\UE4Editor-GOAP_Ecosystem.pdb' is denied.
[2019.11.09-00.00.48:469][187]CompilerResultsLog: ERROR: Exhausted all retries!
[2019.11.09-00.00.48:469][187]CompilerResultsLog: Using Visual Studio 2017 14.16.27023 toolchain (C:\Program Files (x86)\Microsoft Visual Studio\2017\Community\VC\Tools\MSVC\14.16.27023) and Windows 10.0.17763.0 SDK (C:\Program Files (x86)\Windows Kits\10).
[2019.11.09-00.00.48:469][187]CompilerResultsLog: Building 5 actions with 8 processes...
[2019.11.09-00.00.48:469][187]CompilerResultsLog:   [1/5] TestBehavior.cpp
[2019.11.09-00.00.48:469][187]CompilerResultsLog:   [2/5] TestBehavior.gen.cpp
[2019.11.09-00.00.48:470][187]CompilerResultsLog:   [3/5] UE4Editor-GOAP_Ecosystem-5888.lib
[2019.11.09-00.00.48:470][187]CompilerResultsLog:   TestBehavior.cpp.obj : warning LNK4006: "public: virtual void __cdecl UBehavior::TickComponent(float,enum ELevelTick,struct FActorComponentTickFunction *)" (?TickComponent@UBehavior@@UEAAXMW4ELevelTick@@PEAUFActorComponentTickFunction@@@Z) already defined in Behavior.cpp.obj; second definition ignored
[2019.11.09-00.00.48:470][187]CompilerResultsLog:      Creating library D:\GOAP_Ecosystem\GOAP_Ecosystem\Intermediate\Build\Win64\UE4Editor\Development\GOAP_Ecosystem\UE4Editor-GOAP_Ecosystem-5888.lib and object D:\GOAP_Ecosystem\GOAP_Ecosystem\Intermediate\Build\Win64\UE4Editor\Development\GOAP_Ecosystem\UE4Editor-GOAP_Ecosystem-5888.exp
[2019.11.09-00.00.48:470][187]CompilerResultsLog:   [4/5] UE4Editor-GOAP_Ecosystem-5888.dll
[2019.11.09-00.00.48:470][187]CompilerResultsLog: Error:   TestBehavior.cpp.obj : error LNK2005: "public: virtual void __cdecl UBehavior::TickComponent(float,enum ELevelTick,struct FActorComponentTickFunction *)" (?TickComponent@UBehavior@@UEAAXMW4ELevelTick@@PEAUFActorComponentTickFunction@@@Z) already defined in Behavior.cpp.obj
[2019.11.09-00.00.48:470][187]CompilerResultsLog:      Creating library D:\GOAP_Ecosystem\GOAP_Ecosystem\Intermediate\Build\Win64\UE4Editor\Development\GOAP_Ecosystem\UE4Editor-GOAP_Ecosystem-5888.suppressed.lib and object D:\GOAP_Ecosystem\GOAP_Ecosystem\Intermediate\Build\Win64\UE4Editor\Development\GOAP_Ecosystem\UE4Editor-GOAP_Ecosystem-5888.suppressed.exp
[2019.11.09-00.00.48:470][187]CompilerResultsLog: Error:   TestBehavior.cpp.obj : error LNK2001: unresolved external symbol "public: virtual void __cdecl UTestBehavior::TickComponent(float,enum ELevelTick,struct FActorComponentTickFunction *)" (?TickComponent@UTestBehavior@@UEAAXMW4ELevelTick@@PEAUFActorComponentTickFunction@@@Z)
[2019.11.09-00.00.48:471][187]CompilerResultsLog: Error:   TestBehavior.gen.cpp.obj : error LNK2001: unresolved external symbol "public: virtual void __cdecl UTestBehavior::TickComponent(float,enum ELevelTick,struct FActorComponentTickFunction *)" (?TickComponent@UTestBehavior@@UEAAXMW4ELevelTick@@PEAUFActorComponentTickFunction@@@Z)
[2019.11.09-00.00.48:471][187]CompilerResultsLog: Error:   D:\GOAP_Ecosystem\GOAP_Ecosystem\Binaries\Win64\UE4Editor-GOAP_Ecosystem-5888.dll : fatal error LNK1120: 1 unresolved externals
[2019.11.09-00.00.48:471][187]LogMainFrame: MainFrame: Module compiling took 225.417 seconds
[2019.11.09-00.00.48:471][187]Warning: HotReload failed, recompile failed
[2019.11.09-00.05.57:336][239]LogEditorViewport: Clicking on Actor (LMB): FlyingPawn_C (FlyingPawn)
[2019.11.09-00.05.59:002][313]LogSlate: FSceneViewport::OnFocusLost() reason 2
[2019.11.09-00.06.00:158][381]LogSlate: FSceneViewport::OnFocusLost() reason 5
[2019.11.09-00.06.00:175][381]LogAssetEditorManager: Opening Asset editor for Blueprint /Game/FlyingBP/Blueprints/FlyingPawn.FlyingPawn
[2019.11.09-00.06.01:944][381]LogContentBrowser: Native class hierarchy updated for 'BlueprintGraph' in 0.0007 seconds. Added 121 classes and 0 folders.
[2019.11.09-00.06.04:338][381]LogSlate: Took 0.014608 seconds to synchronously load lazily loaded font '../../../Engine/Content/Slate/Fonts/Roboto-BoldCondensed.ttf' (158K)
[2019.11.09-00.06.08:164][558]LogRenderer: Reallocating scene render targets to support 1000x908 Format 10 NumSamples 1 (Frame:1).
[2019.11.09-00.06.19:587][184]LogSlate: FSceneViewport::OnFocusLost() reason 0
[2019.11.09-00.06.21:848][309]LogSlate: FSceneViewport::OnFocusLost() reason 0
[2019.11.09-00.06.24:164][435]LogSlate: FSceneViewport::OnFocusLost() reason 0
[2019.11.09-00.07.46:753][178]LogUObjectHash: Compacting FUObjectHashTables data took   4.34ms
[2019.11.09-00.07.46:754][178]LogFileHelpers: Editor autosave (incl. sublevels) for '/Game/FlyingBP/Maps/FlyingExampleMap' took 0.160
[2019.11.09-00.07.46:833][178]OBJ SavePackage: Generating thumbnails for [1] asset(s) in package [/Game/FlyingBP/Blueprints/FlyingPawn] ([1] browsable assets)...
[2019.11.09-00.07.46:864][178]OBJ SavePackage:     Rendered thumbnail for [Blueprint /Game/FlyingBP/Blueprints/FlyingPawn.FlyingPawn]
[2019.11.09-00.07.46:864][178]OBJ SavePackage: Finished generating thumbnails for package [/Game/FlyingBP/Blueprints/FlyingPawn]
[2019.11.09-00.07.47:196][178]LogSavePackage: Moving '../../../../../GOAP_Ecosystem/GOAP_Ecosystem/Saved/FlyingPawn_Auto12A67020B42F073024834C2B0863B7752.tmp' to '../../../../../GOAP_Ecosystem/GOAP_Ecosystem/Saved/Autosaves/Game/FlyingBP/Blueprints/FlyingPawn_Auto1.uasset'
[2019.11.09-00.07.47:216][178]LogFileHelpers: Auto-saving content packages took 0.460
[2019.11.09-00.09.12:340][242]LogSlate: FSceneViewport::OnFocusLost() reason 0
[2019.11.09-00.09.20:496][712]LogSlate: Window 'FlyingPawn' being destroyed
[2019.11.09-00.09.20:594][712]LogWorld: UWorld::CleanupWorld for World_0, bSessionEnded=true, bCleanupResources=true
[2019.11.09-00.09.40:316][595]LogSlate: FSceneViewport::OnFocusLost() reason 0
[2019.11.09-00.09.50:466][196]LogEditorViewport: Clicking on Actor (LMB): Animal (Animal2)
[2019.11.09-00.09.54:942][456]LogSlate: FSceneViewport::OnFocusLost() reason 2
[2019.11.09-00.12.49:042][ 57]LogSlate: FSceneViewport::OnFocusLost() reason 0
[2019.11.09-00.13.37:958][405]LogAssetEditorManager: Opening Asset editor for Class /Script/GOAP_Ecosystem.B_Move
[2019.11.09-00.14.19:701][530]Candidate modules for hot reload:
[2019.11.09-00.14.19:701][530]  GOAP_Ecosystem
[2019.11.09-00.14.19:701][530]Launching UnrealBuildTool... [D:/Epic Games/UE_4.23/Engine/Binaries/DotNET/UnrealBuildTool.exe  -ModuleWithSuffix=GOAP_Ecosystem,2745 Win64 Development -TargetType=Editor -Project="D:/GOAP_Ecosystem/GOAP_Ecosystem/GOAP_Ecosystem.uproject" "D:/GOAP_Ecosystem/GOAP_Ecosystem/GOAP_Ecosystem.uproject"  -IgnoreJunk]
[2019.11.09-00.14.19:707][530]Warning: Starting HotReload took  0.0s.
[2019.11.09-00.15.28:613][631]CompilerResultsLog: New page: Compilation - Nov 8, 2019, 8:15:28 AM
[2019.11.09-00.15.28:615][631]CompilerResultsLog: Using 'git status' to determine working set for adaptive non-unity build (D:\GOAP_Ecosystem).
[2019.11.09-00.15.28:615][631]CompilerResultsLog: Parsing headers for GOAP_EcosystemEditor
[2019.11.09-00.15.28:615][631]CompilerResultsLog:   Running UnrealHeaderTool "D:\GOAP_Ecosystem\GOAP_Ecosystem\GOAP_Ecosystem.uproject" "D:\GOAP_Ecosystem\GOAP_Ecosystem\Intermediate\Build\Win64\GOAP_EcosystemEditor\Development\GOAP_EcosystemEditor.uhtmanifest" -LogCmds="loginit warning, logexit warning, logdatabase error" -Unattended -WarningsAsErrors -installed
[2019.11.09-00.15.28:615][631]CompilerResultsLog: Reflection code generated for GOAP_EcosystemEditor in 8.6494275 seconds
[2019.11.09-00.15.28:615][631]CompilerResultsLog: Failed to delete file 'D:\GOAP_Ecosystem\GOAP_Ecosystem\Binaries\Win64\UE4Editor-GOAP_Ecosystem.pdb'
[2019.11.09-00.15.28:616][631]CompilerResultsLog:     Exception: Access to the path 'D:\GOAP_Ecosystem\GOAP_Ecosystem\Binaries\Win64\UE4Editor-GOAP_Ecosystem.pdb' is denied.
[2019.11.09-00.15.28:616][631]CompilerResultsLog: Attempting to retry...
[2019.11.09-00.15.28:616][631]CompilerResultsLog: Failed to delete file 'D:\GOAP_Ecosystem\GOAP_Ecosystem\Binaries\Win64\UE4Editor-GOAP_Ecosystem.pdb'
[2019.11.09-00.15.28:616][631]CompilerResultsLog:     Exception: Access to the path 'D:\GOAP_Ecosystem\GOAP_Ecosystem\Binaries\Win64\UE4Editor-GOAP_Ecosystem.pdb' is denied.
[2019.11.09-00.15.28:616][631]CompilerResultsLog: Attempting to retry...
[2019.11.09-00.15.28:616][631]CompilerResultsLog: Failed to delete file 'D:\GOAP_Ecosystem\GOAP_Ecosystem\Binaries\Win64\UE4Editor-GOAP_Ecosystem.pdb'
[2019.11.09-00.15.28:616][631]CompilerResultsLog:     Exception: Access to the path 'D:\GOAP_Ecosystem\GOAP_Ecosystem\Binaries\Win64\UE4Editor-GOAP_Ecosystem.pdb' is denied.
[2019.11.09-00.15.28:616][631]CompilerResultsLog: ERROR: Exhausted all retries!
[2019.11.09-00.15.28:616][631]CompilerResultsLog: Using Visual Studio 2017 14.16.27023 toolchain (C:\Program Files (x86)\Microsoft Visual Studio\2017\Community\VC\Tools\MSVC\14.16.27023) and Windows 10.0.17763.0 SDK (C:\Program Files (x86)\Windows Kits\10).
[2019.11.09-00.15.28:617][631]CompilerResultsLog: Building 6 actions with 8 processes...
[2019.11.09-00.15.28:617][631]CompilerResultsLog:   [1/6] GOAP_Ecosystem.init.gen.cpp
[2019.11.09-00.15.28:617][631]CompilerResultsLog:   [2/6] B_Move.gen.cpp
[2019.11.09-00.15.28:617][631]CompilerResultsLog:   [3/6] B_Move.cpp
[2019.11.09-00.15.28:617][631]CompilerResultsLog:   [4/6] UE4Editor-GOAP_Ecosystem-2745.lib
[2019.11.09-00.15.28:617][631]CompilerResultsLog:   TestBehavior.cpp.obj : warning LNK4006: "public: virtual void __cdecl UBehavior::TickComponent(float,enum ELevelTick,struct FActorComponentTickFunction *)" (?TickComponent@UBehavior@@UEAAXMW4ELevelTick@@PEAUFActorComponentTickFunction@@@Z) already defined in Behavior.cpp.obj; second definition ignored
[2019.11.09-00.15.28:617][631]CompilerResultsLog:      Creating library D:\GOAP_Ecosystem\GOAP_Ecosystem\Intermediate\Build\Win64\UE4Editor\Development\GOAP_Ecosystem\UE4Editor-GOAP_Ecosystem-2745.lib and object D:\GOAP_Ecosystem\GOAP_Ecosystem\Intermediate\Build\Win64\UE4Editor\Development\GOAP_Ecosystem\UE4Editor-GOAP_Ecosystem-2745.exp
[2019.11.09-00.15.28:617][631]CompilerResultsLog:   [5/6] UE4Editor-GOAP_Ecosystem-2745.dll
[2019.11.09-00.15.28:618][631]CompilerResultsLog: Error:   TestBehavior.cpp.obj : error LNK2005: "public: virtual void __cdecl UBehavior::TickComponent(float,enum ELevelTick,struct FActorComponentTickFunction *)" (?TickComponent@UBehavior@@UEAAXMW4ELevelTick@@PEAUFActorComponentTickFunction@@@Z) already defined in Behavior.cpp.obj
[2019.11.09-00.15.28:618][631]CompilerResultsLog:      Creating library D:\GOAP_Ecosystem\GOAP_Ecosystem\Intermediate\Build\Win64\UE4Editor\Development\GOAP_Ecosystem\UE4Editor-GOAP_Ecosystem-2745.suppressed.lib and object D:\GOAP_Ecosystem\GOAP_Ecosystem\Intermediate\Build\Win64\UE4Editor\Development\GOAP_Ecosystem\UE4Editor-GOAP_Ecosystem-2745.suppressed.exp
[2019.11.09-00.15.28:618][631]CompilerResultsLog: Error:   TestBehavior.cpp.obj : error LNK2001: unresolved external symbol "public: virtual void __cdecl UTestBehavior::TickComponent(float,enum ELevelTick,struct FActorComponentTickFunction *)" (?TickComponent@UTestBehavior@@UEAAXMW4ELevelTick@@PEAUFActorComponentTickFunction@@@Z)
[2019.11.09-00.15.28:618][631]CompilerResultsLog: Error:   TestBehavior.gen.cpp.obj : error LNK2001: unresolved external symbol "public: virtual void __cdecl UTestBehavior::TickComponent(float,enum ELevelTick,struct FActorComponentTickFunction *)" (?TickComponent@UTestBehavior@@UEAAXMW4ELevelTick@@PEAUFActorComponentTickFunction@@@Z)
[2019.11.09-00.15.28:618][631]CompilerResultsLog: Error:   D:\GOAP_Ecosystem\GOAP_Ecosystem\Binaries\Win64\UE4Editor-GOAP_Ecosystem-2745.dll : fatal error LNK1120: 1 unresolved externals
[2019.11.09-00.15.28:618][631]LogMainFrame: MainFrame: Module compiling took 68.926 seconds
[2019.11.09-00.15.28:618][631]Warning: HotReload failed, recompile failed
[2019.11.09-00.16.36:188][314]Candidate modules for hot reload:
[2019.11.09-00.16.36:188][314]  GOAP_Ecosystem
[2019.11.09-00.16.36:189][314]Launching UnrealBuildTool... [D:/Epic Games/UE_4.23/Engine/Binaries/DotNET/UnrealBuildTool.exe  -ModuleWithSuffix=GOAP_Ecosystem,3605 Win64 Development -TargetType=Editor -Project="D:/GOAP_Ecosystem/GOAP_Ecosystem/GOAP_Ecosystem.uproject" "D:/GOAP_Ecosystem/GOAP_Ecosystem/GOAP_Ecosystem.uproject"  -IgnoreJunk]
[2019.11.09-00.16.36:193][314]Warning: Starting HotReload took  0.0s.
[2019.11.09-00.17.03:860][995]CompilerResultsLog: New page: Compilation - Nov 8, 2019, 8:17:03 AM
[2019.11.09-00.17.03:860][995]CompilerResultsLog: Using 'git status' to determine working set for adaptive non-unity build (D:\GOAP_Ecosystem).
[2019.11.09-00.17.03:860][995]CompilerResultsLog: Parsing headers for GOAP_EcosystemEditor
[2019.11.09-00.17.03:861][995]CompilerResultsLog:   Running UnrealHeaderTool "D:\GOAP_Ecosystem\GOAP_Ecosystem\GOAP_Ecosystem.uproject" "D:\GOAP_Ecosystem\GOAP_Ecosystem\Intermediate\Build\Win64\GOAP_EcosystemEditor\Development\GOAP_EcosystemEditor.uhtmanifest" -LogCmds="loginit warning, logexit warning, logdatabase error" -Unattended -WarningsAsErrors -installed
[2019.11.09-00.17.03:861][995]CompilerResultsLog: Reflection code generated for GOAP_EcosystemEditor in 8.3556833 seconds
[2019.11.09-00.17.03:861][995]CompilerResultsLog: Failed to delete file 'D:\GOAP_Ecosystem\GOAP_Ecosystem\Binaries\Win64\UE4Editor-GOAP_Ecosystem.pdb'
[2019.11.09-00.17.03:861][995]CompilerResultsLog:     Exception: Access to the path 'D:\GOAP_Ecosystem\GOAP_Ecosystem\Binaries\Win64\UE4Editor-GOAP_Ecosystem.pdb' is denied.
[2019.11.09-00.17.03:861][995]CompilerResultsLog: Attempting to retry...
[2019.11.09-00.17.03:861][995]CompilerResultsLog: Failed to delete file 'D:\GOAP_Ecosystem\GOAP_Ecosystem\Binaries\Win64\UE4Editor-GOAP_Ecosystem.pdb'
[2019.11.09-00.17.03:861][995]CompilerResultsLog:     Exception: Access to the path 'D:\GOAP_Ecosystem\GOAP_Ecosystem\Binaries\Win64\UE4Editor-GOAP_Ecosystem.pdb' is denied.
[2019.11.09-00.17.03:862][995]CompilerResultsLog: Attempting to retry...
[2019.11.09-00.17.03:862][995]CompilerResultsLog: Failed to delete file 'D:\GOAP_Ecosystem\GOAP_Ecosystem\Binaries\Win64\UE4Editor-GOAP_Ecosystem.pdb'
[2019.11.09-00.17.03:862][995]CompilerResultsLog:     Exception: Access to the path 'D:\GOAP_Ecosystem\GOAP_Ecosystem\Binaries\Win64\UE4Editor-GOAP_Ecosystem.pdb' is denied.
[2019.11.09-00.17.03:862][995]CompilerResultsLog: ERROR: Exhausted all retries!
[2019.11.09-00.17.03:862][995]CompilerResultsLog: Using Visual Studio 2017 14.16.27023 toolchain (C:\Program Files (x86)\Microsoft Visual Studio\2017\Community\VC\Tools\MSVC\14.16.27023) and Windows 10.0.17763.0 SDK (C:\Program Files (x86)\Windows Kits\10).
[2019.11.09-00.17.03:862][995]CompilerResultsLog: Building 5 actions with 8 processes...
[2019.11.09-00.17.03:862][995]CompilerResultsLog:   [1/5] B_Move.cpp
[2019.11.09-00.17.03:862][995]CompilerResultsLog:   [2/5] TestBehavior.cpp
[2019.11.09-00.17.03:862][995]CompilerResultsLog:   [3/5] UE4Editor-GOAP_Ecosystem-3605.lib
[2019.11.09-00.17.03:863][995]CompilerResultsLog:      Creating library D:\GOAP_Ecosystem\GOAP_Ecosystem\Intermediate\Build\Win64\UE4Editor\Development\GOAP_Ecosystem\UE4Editor-GOAP_Ecosystem-3605.lib and object D:\GOAP_Ecosystem\GOAP_Ecosystem\Intermediate\Build\Win64\UE4Editor\Development\GOAP_Ecosystem\UE4Editor-GOAP_Ecosystem-3605.exp
[2019.11.09-00.17.03:863][995]CompilerResultsLog:   [4/5] UE4Editor-GOAP_Ecosystem-3605.dll
[2019.11.09-00.17.03:863][995]CompilerResultsLog:      Creating library D:\GOAP_Ecosystem\GOAP_Ecosystem\Intermediate\Build\Win64\UE4Editor\Development\GOAP_Ecosystem\UE4Editor-GOAP_Ecosystem-3605.suppressed.lib and object D:\GOAP_Ecosystem\GOAP_Ecosystem\Intermediate\Build\Win64\UE4Editor\Development\GOAP_Ecosystem\UE4Editor-GOAP_Ecosystem-3605.suppressed.exp
[2019.11.09-00.17.03:863][995]CompilerResultsLog:   [5/5] GOAP_EcosystemEditor.target
[2019.11.09-00.17.03:863][995]CompilerResultsLog: Total time in Parallel executor: 15.64 seconds
[2019.11.09-00.17.03:863][995]CompilerResultsLog: Total execution time: 27.41 seconds
[2019.11.09-00.17.03:863][995]LogMainFrame: MainFrame: Module compiling took 27.682 seconds
[2019.11.09-00.17.04:030][995]LogUObjectHash: Compacting FUObjectHashTables data took   4.43ms
[2019.11.09-00.17.04:293][995]LogClass: Could not find existing class B_Move in package /Script/GOAP_Ecosystem for HotReload, assuming new class
[2019.11.09-00.17.04:303][995]LogHotReload: Re-instancing B_Move after hot-reload.
[2019.11.09-00.17.05:156][995]LogContentBrowser: Native class hierarchy updated for 'GOAP_Ecosystem' in 0.0004 seconds. Added 4 classes and 3 folders.
[2019.11.09-00.17.05:161][995]Display: HotReload successful (0 functions remapped  0 scriptstructs remapped)
[2019.11.09-00.17.05:257][995]LogUObjectHash: Compacting FUObjectHashTables data took   2.12ms
[2019.11.09-00.17.05:291][995]LogContentBrowser: Native class hierarchy populated in 0.0129 seconds. Added 2868 classes and 685 folders.
[2019.11.09-00.17.05:315][995]Display: HotReload took 29.1s.
[2019.11.09-00.17.33:719][266]LogEditorViewport: Clicking on Actor (LMB): StaticMeshActor (Ground)
[2019.11.09-00.17.35:287][331]LogSlate: FSceneViewport::OnFocusLost() reason 5
[2019.11.09-00.17.37:283][432]LogUObjectHash: Compacting FUObjectHashTables data took   4.22ms
[2019.11.09-00.17.38:562][432]LogSlate: FSceneViewport::OnFocusLost() reason 5
[2019.11.09-00.17.38:874][432]LogUObjectHash: Compacting FUObjectHashTables data took   3.19ms
[2019.11.09-00.17.39:331][432]LogSavePackage: Moving '../../../../../GOAP_Ecosystem/GOAP_Ecosystem/Saved/FlyingExampleMap595C064041F08EDE3C54768B9145949A.tmp' to '../../../../../GOAP_Ecosystem/GOAP_Ecosystem/Content/FlyingBP/Maps/FlyingExampleMap.umap'
[2019.11.09-00.17.39:370][432]LogFileHelpers: Saving map 'FlyingExampleMap' took 0.797
[2019.11.09-00.17.39:374][432]Cmd: OBJ SAVEPACKAGE PACKAGE="/Game/FlyingBP/Blueprints/FlyingPawn" FILE="../../../../../GOAP_Ecosystem/GOAP_Ecosystem/Content/FlyingBP/Blueprints/FlyingPawn.uasset" SILENT=true
[2019.11.09-00.17.39:461][432]LogSavePackage: Moving '../../../../../GOAP_Ecosystem/GOAP_Ecosystem/Saved/FlyingPawn0F1460BC46499A1DDBB0A68A152AFB51.tmp' to '../../../../../GOAP_Ecosystem/GOAP_Ecosystem/Content/FlyingBP/Blueprints/FlyingPawn.uasset'
[2019.11.09-00.17.43:664][445]LogEditorViewport: Clicking on Actor (LMB): Animal (Animal2)
[2019.11.09-00.17.44:686][502]LogSlate: FSceneViewport::OnFocusLost() reason 0
[2019.11.09-00.17.47:087][641]LogUObjectHash: Compacting FUObjectHashTables data took   2.99ms
[2019.11.09-00.17.47:472][641]LogSlate: Window 'Message Log' being destroyed
[2019.11.09-00.17.47:477][641]LogSlate: Window 'GOAP_Ecosystem - Unreal Editor' being destroyed
[2019.11.09-00.17.47:479][641]LogWindowsTextInputMethodSystem: Display: IME system now deactivated.
[2019.11.09-00.17.47:847][642]Cmd: QUIT_EDITOR
[2019.11.09-00.17.49:762][642]LogExit: Preparing to exit.
[2019.11.09-00.17.50:561][642]LogWorld: UWorld::CleanupWorld for World_3, bSessionEnded=true, bCleanupResources=true
[2019.11.09-00.17.50:563][642]LogWorld: UWorld::CleanupWorld for World_1, bSessionEnded=true, bCleanupResources=true
[2019.11.09-00.17.50:566][642]LogWorld: UWorld::CleanupWorld for World_2, bSessionEnded=true, bCleanupResources=true
[2019.11.09-00.17.50:779][642]LogDemo: Cleaned up 0 splitscreen connections with owner deletion
[2019.11.09-00.17.50:978][642]LogWorld: UWorld::CleanupWorld for None, bSessionEnded=true, bCleanupResources=true
[2019.11.09-00.17.50:987][642]LogExit: Editor shut down
[2019.11.09-00.17.50:989][642]LogExit: Transaction tracking system shut down
