Log file open, 10/29/19 22:08:23
LogWindows: Failed to load 'aqProf.dll' (GetLastError=126)
LogWindows: File 'aqProf.dll' does not exist
LogWindows: Failed to load 'VtuneApi.dll' (GetLastError=126)
LogWindows: File 'VtuneApi.dll' does not exist
LogWindows: Failed to load 'VtuneApi32e.dll' (GetLastError=126)
LogWindows: File 'VtuneApi32e.dll' does not exist
LogConsoleResponse: Display: Failed to find resolution value strings in scalability ini. Falling back to default.
LogInit: Display: Running engine for game: GOAP_Ecosystem
LogPlatformFile: Not using cached read wrapper
LogTaskGraph: Started task graph with 5 named threads and 23 total threads with 3 sets of task threads.
LogStats: Stats thread started at 0.339836
LogD3D11RHI: Loaded GFSDK_Aftermath_Lib.x64.dll
LogICUInternationalization: ICU TimeZone Detection - Raw Offset: -8:00, Platform Override: ''
LogPluginManager: Mounting plugin Paper2D
LogPluginManager: Mounting plugin AISupport
LogPluginManager: Mounting plugin LightPropagationVolume
LogPluginManager: Mounting plugin ActorLayerUtilities
LogPluginManager: Mounting plugin AnimationSharing
LogPluginManager: Mounting plugin CLionSourceCodeAccess
LogPluginManager: Mounting plugin CodeLiteSourceCodeAccess
LogPluginManager: Mounting plugin GitSourceControl
LogPluginManager: Mounting plugin KDevelopSourceCodeAccess
LogPluginManager: Mounting plugin NullSourceCodeAccess
LogPluginManager: Mounting plugin PerforceSourceControl
LogPluginManager: Mounting plugin SubversionSourceControl
LogPluginManager: Mounting plugin UObjectPlugin
LogPluginManager: Mounting plugin VisualStudioCodeSourceCodeAccess
LogPluginManager: Mounting plugin VisualStudioSourceCodeAccess
LogPluginManager: Mounting plugin XCodeSourceCodeAccess
LogPluginManager: Mounting plugin AssetManagerEditor
LogPluginManager: Mounting plugin CryptoKeys
LogPluginManager: Mounting plugin CurveEditorTools
LogPluginManager: Mounting plugin DataValidation
LogPluginManager: Mounting plugin FacialAnimation
LogPluginManager: Mounting plugin GameplayTagsEditor
LogPluginManager: Mounting plugin MacGraphicsSwitching
LogPluginManager: Mounting plugin MaterialAnalyzer
LogPluginManager: Mounting plugin MobileLauncherProfileWizard
LogPluginManager: Mounting plugin PluginBrowser
LogPluginManager: Mounting plugin SpeedTreeImporter
LogPluginManager: Mounting plugin DatasmithContent
LogPluginManager: Mounting plugin VariantManagerContent
LogPluginManager: Mounting plugin AlembicImporter
LogPluginManager: Mounting plugin AutomationUtils
LogPluginManager: Mounting plugin BackChannel
LogPluginManager: Mounting plugin CharacterAI
LogPluginManager: Mounting plugin GeometryCache
LogPluginManager: Mounting plugin HTML5Networking
LogPluginManager: Mounting plugin PlatformCrypto
LogPluginManager: Mounting plugin ProxyLODPlugin
LogPluginManager: Mounting plugin SkeletalReduction
LogPluginManager: Mounting plugin MagicLeap
LogPluginManager: Mounting plugin MagicLeapMedia
LogPluginManager: Mounting plugin AndroidMedia
LogPluginManager: Mounting plugin AvfMedia
LogPluginManager: Mounting plugin ImgMedia
LogPluginManager: Mounting plugin MediaCompositing
LogPluginManager: Mounting plugin MediaPlayerEditor
LogPluginManager: Mounting plugin WebMMedia
LogPluginManager: Mounting plugin WmfMedia
LogPluginManager: Mounting plugin TcpMessaging
LogPluginManager: Mounting plugin UdpMessaging
LogPluginManager: Mounting plugin ActorSequence
LogPluginManager: Mounting plugin LevelSequenceEditor
LogPluginManager: Mounting plugin MatineeToLevelSequence
LogPluginManager: Mounting plugin NetcodeUnitTest
LogPluginManager: Mounting plugin NUTUnrealEngine4
LogPluginManager: Mounting plugin OnlineSubsystemGooglePlay
LogPluginManager: Mounting plugin OnlineSubsystemIOS
LogPluginManager: Mounting plugin OnlineSubsystem
LogPluginManager: Mounting plugin OnlineSubsystemNull
LogPluginManager: Mounting plugin OnlineSubsystemUtils
LogPluginManager: Mounting plugin LauncherChunkInstaller
LogPluginManager: Mounting plugin AndroidDeviceProfileSelector
LogPluginManager: Mounting plugin AndroidMoviePlayer
LogPluginManager: Mounting plugin AndroidPermission
LogPluginManager: Mounting plugin AppleImageUtils
LogPluginManager: Mounting plugin AppleMoviePlayer
LogPluginManager: Mounting plugin ArchVisCharacter
LogPluginManager: Mounting plugin AudioCapture
LogPluginManager: Mounting plugin CableComponent
LogPluginManager: Mounting plugin CustomMeshComponent
LogPluginManager: Mounting plugin EditableMesh
LogPluginManager: Mounting plugin ExampleDeviceProfileSelector
LogPluginManager: Mounting plugin GoogleCloudMessaging
LogPluginManager: Mounting plugin IOSDeviceProfileSelector
LogPluginManager: Mounting plugin LinuxDeviceProfileSelector
LogPluginManager: Mounting plugin LocationServicesBPLibrary
LogPluginManager: Mounting plugin MobilePatchingUtils
LogPluginManager: Mounting plugin OculusVR
LogPluginManager: Mounting plugin PhysXVehicles
LogPluginManager: Mounting plugin ProceduralMeshComponent
LogPluginManager: Mounting plugin RuntimePhysXCooking
LogPluginManager: Mounting plugin SignificanceManager
LogPluginManager: Mounting plugin SteamVR
LogPluginManager: Mounting plugin WebMMoviePlayer
LogPluginManager: Mounting plugin WindowsMoviePlayer
LogPluginManager: Mounting plugin ScreenshotTools
LogInit: Using libcurl 7.55.1-DEV
LogInit:  - built for x86_64-pc-win32
LogInit:  - supports SSL with OpenSSL/1.1.1
LogInit:  - supports HTTP deflate (compression) using libz 1.2.8
LogInit:  - other features:
LogInit:      CURL_VERSION_SSL
LogInit:      CURL_VERSION_LIBZ
LogInit:      CURL_VERSION_IPV6
LogInit:      CURL_VERSION_ASYNCHDNS
LogInit:      CURL_VERSION_LARGEFILE
LogInit:      CURL_VERSION_IDN
LogInit:  CurlRequestOptions (configurable via config and command line):
LogInit:  - bVerifyPeer = true  - Libcurl will verify peer certificate
LogInit:  - bUseHttpProxy = false  - Libcurl will NOT use HTTP proxy
LogInit:  - bDontReuseConnections = false  - Libcurl will reuse connections
LogInit:  - MaxHostConnections = 16  - Libcurl will limit the number of connections to a host
LogInit:  - LocalHostAddr = Default
LogInit:  - BufferSize = 65536
LogOnline: OSS: Creating online subsystem instance for: NULL
LogInit: WinSock: version 1.1 (2.2), MaxSocks=32767, MaxUdp=65467
LogInit: Build: ++UE4+Release-4.23-CL-9631420
LogInit: Engine Version: 4.23.1-9631420+++UE4+Release-4.23
LogInit: Compatible Engine Version: 4.23.0-8386587+++UE4+Release-4.23
LogInit: Net CL: 8386587
LogInit: OS: Windows 10 (Release 1903) (), CPU: Intel(R) Core(TM) i7-6700HQ CPU @ 2.60GHz, GPU: Intel(R) HD Graphics 530
LogInit: Compiled (64-bit): Oct 18 2019 02:07:44
LogInit: Compiled with Visual C++: 19.16.27030.01
LogInit: Build Configuration: Development
LogInit: Branch Name: ++UE4+Release-4.23
LogInit: Command Line:  -skipcompile
LogInit: Base Directory: D:/Epic Games/UE_4.23/Engine/Binaries/Win64/
LogInit: Installed Engine Build: 1
LogDevObjectVersion: Number of dev versions registered: 23
LogDevObjectVersion:   Dev-Blueprints (B0D832E4-1F89-4F0D-ACCF-7EB736FD4AA2): 10
LogDevObjectVersion:   Dev-Build (E1C64328-A22C-4D53-A36C-8E866417BD8C): 0
LogDevObjectVersion:   Dev-Core (375EC13C-06E4-48FB-B500-84F0262A717E): 3
LogDevObjectVersion:   Dev-Editor (E4B068ED-F494-42E9-A231-DA0B2E46BB41): 34
LogDevObjectVersion:   Dev-Framework (CFFC743F-43B0-4480-9391-14DF171D2073): 35
LogDevObjectVersion:   Dev-Mobile (B02B49B5-BB20-44E9-A304-32B752E40360): 2
LogDevObjectVersion:   Dev-Networking (A4E4105C-59A1-49B5-A7C5-40C4547EDFEE): 0
LogDevObjectVersion:   Dev-Online (39C831C9-5AE6-47DC-9A44-9C173E1C8E7C): 0
LogDevObjectVersion:   Dev-Physics (78F01B33-EBEA-4F98-B9B4-84EACCB95AA2): 0
LogDevObjectVersion:   Dev-Platform (6631380F-2D4D-43E0-8009-CF276956A95A): 0
LogDevObjectVersion:   Dev-Rendering (12F88B9F-8875-4AFC-A67C-D90C383ABD29): 31
LogDevObjectVersion:   Dev-Sequencer (7B5AE74C-D270-4C10-A958-57980B212A5A): 11
LogDevObjectVersion:   Dev-VR (D7296918-1DD6-4BDD-9DE2-64A83CC13884): 2
LogDevObjectVersion:   Dev-LoadTimes (C2A15278-BFE7-4AFE-6C17-90FF531DF755): 1
LogDevObjectVersion:   Private-Geometry (6EACA3D4-40EC-4CC1-B786-8BED09428FC5): 3
LogDevObjectVersion:   Dev-AnimPhys (29E575DD-E0A3-4627-9D10-D276232CDCEA): 17
LogDevObjectVersion:   Dev-Anim (AF43A65D-7FD3-4947-9873-3E8ED9C1BB05): 2
LogDevObjectVersion:   Dev-ReflectionCapture (6B266CEC-1EC7-4B8F-A30B-E4D90942FC07): 1
LogDevObjectVersion:   Dev-Automation (0DF73D61-A23F-47EA-B727-89E90C41499A): 1
LogDevObjectVersion:   FortniteMain (601D1886-AC64-4F84-AA16-D3DE0DEAC7D6): 27
LogDevObjectVersion:   Dev-Enterprise (9DFFBCD6-494F-0158-E221-12823C92A888): 6
LogDevObjectVersion:   Dev-Niagara (F2AED0AC-9AFE-416F-8664-AA7FFA26D6FC): 1
LogDevObjectVersion:   Dev-Destruction (174F1F0B-B4C6-45A5-B13F-2EE8D0FB917D): 9
LogInit: Presizing for max 16777216 objects, including 0 objects not considered by GC, pre-allocating 0 bytes for permanent pool.
LogInit: Object subsystem initialized
LogConfig: Setting CVar [[con.DebugEarlyDefault:1]]
LogConfig: Setting CVar [[r.setres:1280x720]]
[2019.10.30-05.08.30:637][  0]LogConfig: Setting CVar [[r.VSync:0]]
[2019.10.30-05.08.30:637][  0]LogConfig: Setting CVar [[r.RHICmdBypass:0]]
[2019.10.30-05.08.30:637][  0]LogConfig: Applying CVar settings from Section [/Script/Engine.RendererSettings] File [D:/GOAP_Ecosystem/GOAP_Ecosystem/Saved/Config/Windows/Engine.ini]
[2019.10.30-05.08.30:638][  0]LogConfig: Setting CVar [[r.GPUCrashDebugging:0]]
[2019.10.30-05.08.30:638][  0]LogConfig: Applying CVar settings from Section [/Script/Engine.RendererOverrideSettings] File [D:/GOAP_Ecosystem/GOAP_Ecosystem/Saved/Config/Windows/Engine.ini]
[2019.10.30-05.08.30:638][  0]LogConfig: Applying CVar settings from Section [/Script/Engine.StreamingSettings] File [D:/GOAP_Ecosystem/GOAP_Ecosystem/Saved/Config/Windows/Engine.ini]
[2019.10.30-05.08.30:638][  0]LogConfig: Setting CVar [[s.MinBulkDataSizeForAsyncLoading:131072]]
[2019.10.30-05.08.30:638][  0]LogConfig: Setting CVar [[s.AsyncLoadingThreadEnabled:0]]
[2019.10.30-05.08.30:638][  0]LogConfig: Setting CVar [[s.EventDrivenLoaderEnabled:1]]
[2019.10.30-05.08.30:638][  0]LogConfig: Setting CVar [[s.WarnIfTimeLimitExceeded:0]]
[2019.10.30-05.08.30:638][  0]LogConfig: Setting CVar [[s.TimeLimitExceededMultiplier:1.5]]
[2019.10.30-05.08.30:638][  0]LogConfig: Setting CVar [[s.TimeLimitExceededMinTime:0.005]]
[2019.10.30-05.08.30:638][  0]LogConfig: Setting CVar [[s.UseBackgroundLevelStreaming:1]]
[2019.10.30-05.08.30:638][  0]LogConfig: Setting CVar [[s.PriorityAsyncLoadingExtraTime:15.0]]
[2019.10.30-05.08.30:638][  0]LogConfig: Setting CVar [[s.LevelStreamingActorsUpdateTimeLimit:5.0]]
[2019.10.30-05.08.30:638][  0]LogConfig: Setting CVar [[s.PriorityLevelStreamingActorsUpdateExtraTime:5.0]]
[2019.10.30-05.08.30:638][  0]LogConfig: Setting CVar [[s.LevelStreamingComponentsRegistrationGranularity:10]]
[2019.10.30-05.08.30:639][  0]LogConfig: Setting CVar [[s.UnregisterComponentsTimeLimit:1.0]]
[2019.10.30-05.08.30:639][  0]LogConfig: Setting CVar [[s.LevelStreamingComponentsUnregistrationGranularity:5]]
[2019.10.30-05.08.30:639][  0]LogConfig: Applying CVar settings from Section [/Script/Engine.GarbageCollectionSettings] File [D:/GOAP_Ecosystem/GOAP_Ecosystem/Saved/Config/Windows/Engine.ini]
[2019.10.30-05.08.30:639][  0]LogConfig: Setting CVar [[gc.MaxObjectsNotConsideredByGC:1]]
[2019.10.30-05.08.30:639][  0]LogConfig: Setting CVar [[gc.SizeOfPermanentObjectPool:0]]
[2019.10.30-05.08.30:639][  0]LogConfig: Setting CVar [[gc.FlushStreamingOnGC:0]]
[2019.10.30-05.08.30:639][  0]LogConfig: Setting CVar [[gc.NumRetriesBeforeForcingGC:10]]
[2019.10.30-05.08.30:639][  0]LogConfig: Setting CVar [[gc.AllowParallelGC:1]]
[2019.10.30-05.08.30:639][  0]LogConfig: Setting CVar [[gc.TimeBetweenPurgingPendingKillObjects:61.1]]
[2019.10.30-05.08.30:639][  0]LogConfig: Setting CVar [[gc.MaxObjectsInEditor:16777216]]
[2019.10.30-05.08.30:639][  0]LogConfig: Setting CVar [[gc.IncrementalBeginDestroyEnabled:1]]
[2019.10.30-05.08.30:639][  0]LogConfig: Setting CVar [[gc.CreateGCClusters:1]]
[2019.10.30-05.08.30:640][  0]LogConfig: Setting CVar [[gc.MinGCClusterSize:5]]
[2019.10.30-05.08.30:640][  0]LogConfig: Setting CVar [[gc.ActorClusteringEnabled:0]]
[2019.10.30-05.08.30:640][  0]LogConfig: Setting CVar [[gc.BlueprintClusteringEnabled:0]]
[2019.10.30-05.08.30:640][  0]LogConfig: Setting CVar [[gc.UseDisregardForGCOnDedicatedServers:0]]
[2019.10.30-05.08.30:640][  0]LogConfig: Applying CVar settings from Section [/Script/Engine.NetworkSettings] File [D:/GOAP_Ecosystem/GOAP_Ecosystem/Saved/Config/Windows/Engine.ini]
[2019.10.30-05.08.30:640][  0]LogConfig: Applying CVar settings from Section [/Script/UnrealEd.CookerSettings] File [D:/GOAP_Ecosystem/GOAP_Ecosystem/Saved/Config/Windows/Engine.ini]
[2019.10.30-05.08.30:709][  0]LogConfig: Applying CVar settings from Section [ViewDistanceQuality@3] File [D:/GOAP_Ecosystem/GOAP_Ecosystem/Saved/Config/Windows/Scalability.ini]
[2019.10.30-05.08.30:709][  0]LogConfig: Setting CVar [[r.SkeletalMeshLODBias:0]]
[2019.10.30-05.08.30:709][  0]LogConfig: Setting CVar [[r.ViewDistanceScale:1.0]]
[2019.10.30-05.08.30:709][  0]LogConfig: Applying CVar settings from Section [AntiAliasingQuality@3] File [D:/GOAP_Ecosystem/GOAP_Ecosystem/Saved/Config/Windows/Scalability.ini]
[2019.10.30-05.08.30:709][  0]LogConfig: Setting CVar [[r.PostProcessAAQuality:4]]
[2019.10.30-05.08.30:709][  0]LogConfig: Applying CVar settings from Section [ShadowQuality@3] File [D:/GOAP_Ecosystem/GOAP_Ecosystem/Saved/Config/Windows/Scalability.ini]
[2019.10.30-05.08.30:709][  0]LogConfig: Setting CVar [[r.LightFunctionQuality:1]]
[2019.10.30-05.08.30:709][  0]LogConfig: Setting CVar [[r.ShadowQuality:5]]
[2019.10.30-05.08.30:709][  0]LogConfig: Setting CVar [[r.Shadow.CSM.MaxCascades:10]]
[2019.10.30-05.08.30:709][  0]LogConfig: Setting CVar [[r.Shadow.MaxResolution:2048]]
[2019.10.30-05.08.30:710][  0]LogConfig: Setting CVar [[r.Shadow.MaxCSMResolution:2048]]
[2019.10.30-05.08.30:710][  0]LogConfig: Setting CVar [[r.Shadow.RadiusThreshold:0.01]]
[2019.10.30-05.08.30:710][  0]LogConfig: Setting CVar [[r.Shadow.DistanceScale:1.0]]
[2019.10.30-05.08.30:710][  0]LogConfig: Setting CVar [[r.Shadow.CSM.TransitionScale:1.0]]
[2019.10.30-05.08.30:710][  0]LogConfig: Setting CVar [[r.Shadow.PreShadowResolutionFactor:1.0]]
[2019.10.30-05.08.30:710][  0]LogConfig: Setting CVar [[r.DistanceFieldShadowing:1]]
[2019.10.30-05.08.30:710][  0]LogConfig: Setting CVar [[r.DistanceFieldAO:1]]
[2019.10.30-05.08.30:710][  0]LogConfig: Setting CVar [[r.AOQuality:2]]
[2019.10.30-05.08.30:710][  0]LogConfig: Setting CVar [[r.VolumetricFog:1]]
[2019.10.30-05.08.30:710][  0]LogConfig: Setting CVar [[r.VolumetricFog.GridPixelSize:8]]
[2019.10.30-05.08.30:710][  0]LogConfig: Setting CVar [[r.VolumetricFog.GridSizeZ:128]]
[2019.10.30-05.08.30:710][  0]LogConfig: Setting CVar [[r.VolumetricFog.HistoryMissSupersampleCount:4]]
[2019.10.30-05.08.30:711][  0]LogConfig: Setting CVar [[r.LightMaxDrawDistanceScale:1]]
[2019.10.30-05.08.30:711][  0]LogConfig: Setting CVar [[r.CapsuleShadows:1]]
[2019.10.30-05.08.30:711][  0]LogConfig: Applying CVar settings from Section [PostProcessQuality@3] File [D:/GOAP_Ecosystem/GOAP_Ecosystem/Saved/Config/Windows/Scalability.ini]
[2019.10.30-05.08.30:711][  0]LogConfig: Setting CVar [[r.MotionBlurQuality:4]]
[2019.10.30-05.08.30:711][  0]LogConfig: Setting CVar [[r.AmbientOcclusionMipLevelFactor:0.4]]
[2019.10.30-05.08.30:711][  0]LogConfig: Setting CVar [[r.AmbientOcclusionMaxQuality:100]]
[2019.10.30-05.08.30:711][  0]LogConfig: Setting CVar [[r.AmbientOcclusionLevels:-1]]
[2019.10.30-05.08.30:711][  0]LogConfig: Setting CVar [[r.AmbientOcclusionRadiusScale:1.0]]
[2019.10.30-05.08.30:711][  0]LogConfig: Setting CVar [[r.DepthOfFieldQuality:2]]
[2019.10.30-05.08.30:711][  0]LogConfig: Setting CVar [[r.RenderTargetPoolMin:400]]
[2019.10.30-05.08.30:711][  0]LogConfig: Setting CVar [[r.LensFlareQuality:2]]
[2019.10.30-05.08.30:711][  0]LogConfig: Setting CVar [[r.SceneColorFringeQuality:1]]
[2019.10.30-05.08.30:712][  0]LogConfig: Setting CVar [[r.EyeAdaptationQuality:2]]
[2019.10.30-05.08.30:712][  0]LogConfig: Setting CVar [[r.BloomQuality:5]]
[2019.10.30-05.08.30:712][  0]LogConfig: Setting CVar [[r.FastBlurThreshold:100]]
[2019.10.30-05.08.30:712][  0]LogConfig: Setting CVar [[r.Upscale.Quality:3]]
[2019.10.30-05.08.30:712][  0]LogConfig: Setting CVar [[r.Tonemapper.GrainQuantization:1]]
[2019.10.30-05.08.30:712][  0]LogConfig: Setting CVar [[r.LightShaftQuality:1]]
[2019.10.30-05.08.30:712][  0]LogConfig: Setting CVar [[r.Filter.SizeScale:1]]
[2019.10.30-05.08.30:712][  0]LogConfig: Setting CVar [[r.Tonemapper.Quality:5]]
[2019.10.30-05.08.30:712][  0]LogConfig: Setting CVar [[r.DOF.Gather.AccumulatorQuality:1        ; higher gathering accumulator quality]]
[2019.10.30-05.08.30:712][  0]LogConfig: Setting CVar [[r.DOF.Gather.PostfilterMethod:1          ; Median3x3 postfilering method]]
[2019.10.30-05.08.30:712][  0]LogConfig: Setting CVar [[r.DOF.Gather.EnableBokehSettings:0       ; no bokeh simulation when gathering]]
[2019.10.30-05.08.30:712][  0]LogConfig: Setting CVar [[r.DOF.Gather.RingCount:4                 ; medium number of samples when gathering]]
[2019.10.30-05.08.30:712][  0]LogConfig: Setting CVar [[r.DOF.Scatter.ForegroundCompositing:1    ; additive foreground scattering]]
[2019.10.30-05.08.30:713][  0]LogConfig: Setting CVar [[r.DOF.Scatter.BackgroundCompositing:2    ; additive background scattering]]
[2019.10.30-05.08.30:713][  0]LogConfig: Setting CVar [[r.DOF.Scatter.EnableBokehSettings:1      ; bokeh simulation when scattering]]
[2019.10.30-05.08.30:713][  0]LogConfig: Setting CVar [[r.DOF.Scatter.MaxSpriteRatio:0.1         ; only a maximum of 10% of scattered bokeh]]
[2019.10.30-05.08.30:713][  0]LogConfig: Setting CVar [[r.DOF.Recombine.Quality:1                ; cheap slight out of focus]]
[2019.10.30-05.08.30:713][  0]LogConfig: Setting CVar [[r.DOF.Recombine.EnableBokehSettings:0    ; no bokeh simulation on slight out of focus]]
[2019.10.30-05.08.30:713][  0]LogConfig: Setting CVar [[r.DOF.TemporalAAQuality:1                ; more stable temporal accumulation]]
[2019.10.30-05.08.30:713][  0]LogConfig: Setting CVar [[r.DOF.Kernel.MaxForegroundRadius:0.025]]
[2019.10.30-05.08.30:713][  0]LogConfig: Setting CVar [[r.DOF.Kernel.MaxBackgroundRadius:0.025]]
[2019.10.30-05.08.30:713][  0]LogConfig: Applying CVar settings from Section [TextureQuality@3] File [D:/GOAP_Ecosystem/GOAP_Ecosystem/Saved/Config/Windows/Scalability.ini]
[2019.10.30-05.08.30:714][  0]LogConfig: Setting CVar [[r.Streaming.MipBias:0]]
[2019.10.30-05.08.30:714][  0]LogConfig: Setting CVar [[r.Streaming.AmortizeCPUToGPUCopy:0]]
[2019.10.30-05.08.30:714][  0]LogConfig: Setting CVar [[r.Streaming.MaxNumTexturesToStreamPerFrame:0]]
[2019.10.30-05.08.30:714][  0]LogConfig: Setting CVar [[r.Streaming.Boost:1]]
[2019.10.30-05.08.30:714][  0]LogConfig: Setting CVar [[r.MaxAnisotropy:8]]
[2019.10.30-05.08.30:714][  0]LogConfig: Setting CVar [[r.Streaming.LimitPoolSizeToVRAM:0]]
[2019.10.30-05.08.30:714][  0]LogConfig: Setting CVar [[r.Streaming.PoolSize:1000]]
[2019.10.30-05.08.30:714][  0]LogConfig: Setting CVar [[r.Streaming.MaxEffectiveScreenSize:0]]
[2019.10.30-05.08.30:714][  0]LogConfig: Applying CVar settings from Section [EffectsQuality@3] File [D:/GOAP_Ecosystem/GOAP_Ecosystem/Saved/Config/Windows/Scalability.ini]
[2019.10.30-05.08.30:714][  0]LogConfig: Setting CVar [[r.TranslucencyLightingVolumeDim:64]]
[2019.10.30-05.08.30:714][  0]LogConfig: Setting CVar [[r.RefractionQuality:2]]
[2019.10.30-05.08.30:714][  0]LogConfig: Setting CVar [[r.SSR.Quality:3]]
[2019.10.30-05.08.30:715][  0]LogConfig: Setting CVar [[r.SceneColorFormat:4]]
[2019.10.30-05.08.30:715][  0]LogConfig: Setting CVar [[r.DetailMode:2]]
[2019.10.30-05.08.30:715][  0]LogConfig: Setting CVar [[r.TranslucencyVolumeBlur:1]]
[2019.10.30-05.08.30:715][  0]LogConfig: Setting CVar [[r.MaterialQualityLevel:1 ; High quality]]
[2019.10.30-05.08.30:715][  0]LogConfig: Setting CVar [[r.SSS.Scale:1]]
[2019.10.30-05.08.30:715][  0]LogConfig: Setting CVar [[r.SSS.SampleSet:2]]
[2019.10.30-05.08.30:715][  0]LogConfig: Setting CVar [[r.SSS.Quality:1]]
[2019.10.30-05.08.30:715][  0]LogConfig: Setting CVar [[r.SSS.HalfRes:1]]
[2019.10.30-05.08.30:715][  0]LogConfig: Setting CVar [[r.EmitterSpawnRateScale:1.0]]
[2019.10.30-05.08.30:715][  0]LogConfig: Setting CVar [[r.ParticleLightQuality:2]]
[2019.10.30-05.08.30:715][  0]LogConfig: Applying CVar settings from Section [FoliageQuality@3] File [D:/GOAP_Ecosystem/GOAP_Ecosystem/Saved/Config/Windows/Scalability.ini]
[2019.10.30-05.08.30:715][  0]LogConfig: Setting CVar [[foliage.DensityScale:1.0]]
[2019.10.30-05.08.30:716][  0]LogConfig: Setting CVar [[grass.DensityScale:1.0]]
[2019.10.30-05.08.30:716][  0]LogInit: Selected Device Profile: [Windows]
[2019.10.30-05.08.30:716][  0]LogInit: Applying CVar settings loaded from the selected device profile: [Windows]
[2019.10.30-05.08.30:762][  0]LogHAL: Display: Platform has ~ 16 GB [17059831808 / 17179869184 / 16], which maps to Larger [LargestMinGB=32, LargerMinGB=12, DefaultMinGB=8, SmallerMinGB=6, SmallestMinGB=0)
[2019.10.30-05.08.30:762][  0]LogInit: Going up to parent DeviceProfile []
[2019.10.30-05.08.30:763][  0]LogConfig: Applying CVar settings from Section [ViewDistanceQuality@3] File [D:/GOAP_Ecosystem/GOAP_Ecosystem/Saved/Config/Windows/Scalability.ini]
[2019.10.30-05.08.30:763][  0]LogConfig: Setting CVar [[r.SkeletalMeshLODBias:0]]
[2019.10.30-05.08.30:763][  0]LogConfig: Setting CVar [[r.ViewDistanceScale:1.0]]
[2019.10.30-05.08.30:763][  0]LogConfig: Applying CVar settings from Section [AntiAliasingQuality@3] File [D:/GOAP_Ecosystem/GOAP_Ecosystem/Saved/Config/Windows/Scalability.ini]
[2019.10.30-05.08.30:763][  0]LogConfig: Setting CVar [[r.PostProcessAAQuality:4]]
[2019.10.30-05.08.30:763][  0]LogConfig: Applying CVar settings from Section [ShadowQuality@3] File [D:/GOAP_Ecosystem/GOAP_Ecosystem/Saved/Config/Windows/Scalability.ini]
[2019.10.30-05.08.30:763][  0]LogConfig: Setting CVar [[r.LightFunctionQuality:1]]
[2019.10.30-05.08.30:763][  0]LogConfig: Setting CVar [[r.ShadowQuality:5]]
[2019.10.30-05.08.30:763][  0]LogConfig: Setting CVar [[r.Shadow.CSM.MaxCascades:10]]
[2019.10.30-05.08.30:763][  0]LogConfig: Setting CVar [[r.Shadow.MaxResolution:2048]]
[2019.10.30-05.08.30:763][  0]LogConfig: Setting CVar [[r.Shadow.MaxCSMResolution:2048]]
[2019.10.30-05.08.30:763][  0]LogConfig: Setting CVar [[r.Shadow.RadiusThreshold:0.01]]
[2019.10.30-05.08.30:763][  0]LogConfig: Setting CVar [[r.Shadow.DistanceScale:1.0]]
[2019.10.30-05.08.30:764][  0]LogConfig: Setting CVar [[r.Shadow.CSM.TransitionScale:1.0]]
[2019.10.30-05.08.30:764][  0]LogConfig: Setting CVar [[r.Shadow.PreShadowResolutionFactor:1.0]]
[2019.10.30-05.08.30:764][  0]LogConfig: Setting CVar [[r.DistanceFieldShadowing:1]]
[2019.10.30-05.08.30:764][  0]LogConfig: Setting CVar [[r.DistanceFieldAO:1]]
[2019.10.30-05.08.30:764][  0]LogConfig: Setting CVar [[r.AOQuality:2]]
[2019.10.30-05.08.30:764][  0]LogConfig: Setting CVar [[r.VolumetricFog:1]]
[2019.10.30-05.08.30:764][  0]LogConfig: Setting CVar [[r.VolumetricFog.GridPixelSize:8]]
[2019.10.30-05.08.30:764][  0]LogConfig: Setting CVar [[r.VolumetricFog.GridSizeZ:128]]
[2019.10.30-05.08.30:764][  0]LogConfig: Setting CVar [[r.VolumetricFog.HistoryMissSupersampleCount:4]]
[2019.10.30-05.08.30:764][  0]LogConfig: Setting CVar [[r.LightMaxDrawDistanceScale:1]]
[2019.10.30-05.08.30:764][  0]LogConfig: Setting CVar [[r.CapsuleShadows:1]]
[2019.10.30-05.08.30:765][  0]LogConfig: Applying CVar settings from Section [PostProcessQuality@3] File [D:/GOAP_Ecosystem/GOAP_Ecosystem/Saved/Config/Windows/Scalability.ini]
[2019.10.30-05.08.30:765][  0]LogConfig: Setting CVar [[r.MotionBlurQuality:4]]
[2019.10.30-05.08.30:765][  0]LogConfig: Setting CVar [[r.AmbientOcclusionMipLevelFactor:0.4]]
[2019.10.30-05.08.30:765][  0]LogConfig: Setting CVar [[r.AmbientOcclusionMaxQuality:100]]
[2019.10.30-05.08.30:765][  0]LogConfig: Setting CVar [[r.AmbientOcclusionLevels:-1]]
[2019.10.30-05.08.30:765][  0]LogConfig: Setting CVar [[r.AmbientOcclusionRadiusScale:1.0]]
[2019.10.30-05.08.30:765][  0]LogConfig: Setting CVar [[r.DepthOfFieldQuality:2]]
[2019.10.30-05.08.30:765][  0]LogConfig: Setting CVar [[r.RenderTargetPoolMin:400]]
[2019.10.30-05.08.30:765][  0]LogConfig: Setting CVar [[r.LensFlareQuality:2]]
[2019.10.30-05.08.30:765][  0]LogConfig: Setting CVar [[r.SceneColorFringeQuality:1]]
[2019.10.30-05.08.30:765][  0]LogConfig: Setting CVar [[r.EyeAdaptationQuality:2]]
[2019.10.30-05.08.30:766][  0]LogConfig: Setting CVar [[r.BloomQuality:5]]
[2019.10.30-05.08.30:766][  0]LogConfig: Setting CVar [[r.FastBlurThreshold:100]]
[2019.10.30-05.08.30:766][  0]LogConfig: Setting CVar [[r.Upscale.Quality:3]]
[2019.10.30-05.08.30:766][  0]LogConfig: Setting CVar [[r.Tonemapper.GrainQuantization:1]]
[2019.10.30-05.08.30:766][  0]LogConfig: Setting CVar [[r.LightShaftQuality:1]]
[2019.10.30-05.08.30:766][  0]LogConfig: Setting CVar [[r.Filter.SizeScale:1]]
[2019.10.30-05.08.30:766][  0]LogConfig: Setting CVar [[r.Tonemapper.Quality:5]]
[2019.10.30-05.08.30:766][  0]LogConfig: Setting CVar [[r.DOF.Gather.AccumulatorQuality:1        ; higher gathering accumulator quality]]
[2019.10.30-05.08.30:766][  0]LogConfig: Setting CVar [[r.DOF.Gather.PostfilterMethod:1          ; Median3x3 postfilering method]]
[2019.10.30-05.08.30:766][  0]LogConfig: Setting CVar [[r.DOF.Gather.EnableBokehSettings:0       ; no bokeh simulation when gathering]]
[2019.10.30-05.08.30:766][  0]LogConfig: Setting CVar [[r.DOF.Gather.RingCount:4                 ; medium number of samples when gathering]]
[2019.10.30-05.08.30:766][  0]LogConfig: Setting CVar [[r.DOF.Scatter.ForegroundCompositing:1    ; additive foreground scattering]]
[2019.10.30-05.08.30:767][  0]LogConfig: Setting CVar [[r.DOF.Scatter.BackgroundCompositing:2    ; additive background scattering]]
[2019.10.30-05.08.30:767][  0]LogConfig: Setting CVar [[r.DOF.Scatter.EnableBokehSettings:1      ; bokeh simulation when scattering]]
[2019.10.30-05.08.30:767][  0]LogConfig: Setting CVar [[r.DOF.Scatter.MaxSpriteRatio:0.1         ; only a maximum of 10% of scattered bokeh]]
[2019.10.30-05.08.30:767][  0]LogConfig: Setting CVar [[r.DOF.Recombine.Quality:1                ; cheap slight out of focus]]
[2019.10.30-05.08.30:767][  0]LogConfig: Setting CVar [[r.DOF.Recombine.EnableBokehSettings:0    ; no bokeh simulation on slight out of focus]]
[2019.10.30-05.08.30:767][  0]LogConfig: Setting CVar [[r.DOF.TemporalAAQuality:1                ; more stable temporal accumulation]]
[2019.10.30-05.08.30:767][  0]LogConfig: Setting CVar [[r.DOF.Kernel.MaxForegroundRadius:0.025]]
[2019.10.30-05.08.30:767][  0]LogConfig: Setting CVar [[r.DOF.Kernel.MaxBackgroundRadius:0.025]]
[2019.10.30-05.08.30:767][  0]LogConfig: Applying CVar settings from Section [TextureQuality@3] File [D:/GOAP_Ecosystem/GOAP_Ecosystem/Saved/Config/Windows/Scalability.ini]
[2019.10.30-05.08.30:767][  0]LogConfig: Setting CVar [[r.Streaming.MipBias:0]]
[2019.10.30-05.08.30:767][  0]LogConfig: Setting CVar [[r.Streaming.AmortizeCPUToGPUCopy:0]]
[2019.10.30-05.08.30:767][  0]LogConfig: Setting CVar [[r.Streaming.MaxNumTexturesToStreamPerFrame:0]]
[2019.10.30-05.08.30:767][  0]LogConfig: Setting CVar [[r.Streaming.Boost:1]]
[2019.10.30-05.08.30:768][  0]LogConfig: Setting CVar [[r.MaxAnisotropy:8]]
[2019.10.30-05.08.30:768][  0]LogConfig: Setting CVar [[r.Streaming.LimitPoolSizeToVRAM:0]]
[2019.10.30-05.08.30:768][  0]LogConfig: Setting CVar [[r.Streaming.PoolSize:1000]]
[2019.10.30-05.08.30:768][  0]LogConfig: Setting CVar [[r.Streaming.MaxEffectiveScreenSize:0]]
[2019.10.30-05.08.30:768][  0]LogConfig: Applying CVar settings from Section [EffectsQuality@3] File [D:/GOAP_Ecosystem/GOAP_Ecosystem/Saved/Config/Windows/Scalability.ini]
[2019.10.30-05.08.30:768][  0]LogConfig: Setting CVar [[r.TranslucencyLightingVolumeDim:64]]
[2019.10.30-05.08.30:768][  0]LogConfig: Setting CVar [[r.RefractionQuality:2]]
[2019.10.30-05.08.30:768][  0]LogConfig: Setting CVar [[r.SSR.Quality:3]]
[2019.10.30-05.08.30:768][  0]LogConfig: Setting CVar [[r.SceneColorFormat:4]]
[2019.10.30-05.08.30:768][  0]LogConfig: Setting CVar [[r.DetailMode:2]]
[2019.10.30-05.08.30:768][  0]LogConfig: Setting CVar [[r.TranslucencyVolumeBlur:1]]
[2019.10.30-05.08.30:769][  0]LogConfig: Setting CVar [[r.MaterialQualityLevel:1 ; High quality]]
[2019.10.30-05.08.30:769][  0]LogConfig: Setting CVar [[r.SSS.Scale:1]]
[2019.10.30-05.08.30:769][  0]LogConfig: Setting CVar [[r.SSS.SampleSet:2]]
[2019.10.30-05.08.30:769][  0]LogConfig: Setting CVar [[r.SSS.Quality:1]]
[2019.10.30-05.08.30:769][  0]LogConfig: Setting CVar [[r.SSS.HalfRes:1]]
[2019.10.30-05.08.30:769][  0]LogConfig: Setting CVar [[r.EmitterSpawnRateScale:1.0]]
[2019.10.30-05.08.30:769][  0]LogConfig: Setting CVar [[r.ParticleLightQuality:2]]
[2019.10.30-05.08.30:769][  0]LogConfig: Applying CVar settings from Section [FoliageQuality@3] File [D:/GOAP_Ecosystem/GOAP_Ecosystem/Saved/Config/Windows/Scalability.ini]
[2019.10.30-05.08.30:769][  0]LogConfig: Setting CVar [[foliage.DensityScale:1.0]]
[2019.10.30-05.08.30:769][  0]LogConfig: Setting CVar [[grass.DensityScale:1.0]]
[2019.10.30-05.08.30:769][  0]LogConfig: Applying CVar settings from Section [Startup] File [../../../Engine/Config/ConsoleVariables.ini]
[2019.10.30-05.08.30:770][  0]LogConfig: Setting CVar [[net.UseAdaptiveNetUpdateFrequency:0]]
[2019.10.30-05.08.30:770][  0]LogConfig: Setting CVar [[p.chaos.AllowCreatePhysxBodies:1]]
[2019.10.30-05.08.30:770][  0]LogConfig: Applying CVar settings from Section [ConsoleVariables] File [D:/GOAP_Ecosystem/GOAP_Ecosystem/Saved/Config/Windows/Engine.ini]
[2019.10.30-05.08.30:788][  0]LogInit: Computer: MSI
[2019.10.30-05.08.30:788][  0]LogInit: User: ZackR
[2019.10.30-05.08.30:789][  0]LogInit: CPU Page size=4096, Cores=4
[2019.10.30-05.08.30:789][  0]LogInit: High frequency timer resolution =10.000000 MHz
[2019.10.30-05.08.30:789][  0]LogMemory: Memory total: Physical=15.9GB (16GB approx)
[2019.10.30-05.08.30:789][  0]LogMemory: Platform Memory Stats for Windows
[2019.10.30-05.08.30:789][  0]LogMemory: Process Physical Memory: 103.97 MB used, 103.98 MB peak
[2019.10.30-05.08.30:789][  0]LogMemory: Process Virtual Memory: 89.17 MB used, 89.17 MB peak
[2019.10.30-05.08.30:789][  0]LogMemory: Physical Memory: 14086.26 MB used,  2183.26 MB free, 16269.52 MB total
[2019.10.30-05.08.30:789][  0]LogMemory: Virtual Memory: 4656.99 MB used,  134213072.00 MB free, 134217728.00 MB total
[2019.10.30-05.08.31:453][  0]LogWindows: WindowsPlatformFeatures enabled
[2019.10.30-05.08.35:696][  0]LogInit: Using OS detected language (en-US).
[2019.10.30-05.08.35:696][  0]LogInit: Using OS detected locale (en-US).
[2019.10.30-05.08.35:735][  0]LogTextLocalizationManager: No specific localization for 'en-US' exists, so the 'en' localization will be used.
[2019.10.30-05.08.43:246][  0]LogInit: Setting process to per monitor DPI aware
[2019.10.30-05.08.44:879][  0]LogSlate: New Slate User Created.  User Index 0, Is Virtual User: 0
[2019.10.30-05.08.44:880][  0]LogSlate: Slate User Registered.  User Index 0, Is Virtual User: 0
[2019.10.30-05.08.57:185][  0]LogHMD: Failed to initialize OpenVR with code 126
[2019.10.30-05.08.57:185][  0]LogD3D11RHI: D3D11 adapters:
[2019.10.30-05.08.57:304][  0]LogD3D11RHI:    0. 'NVIDIA GeForce GTX 1060' (Feature Level 11_0)
[2019.10.30-05.08.57:304][  0]LogD3D11RHI:       6052/0/8134 MB DedicatedVideo/DedicatedSystem/SharedSystem, Outputs:2, VendorId:0x10de
[2019.10.30-05.08.57:331][  0]LogD3D11RHI:    1. 'Intel(R) HD Graphics 530' (Feature Level 11_0)
[2019.10.30-05.08.57:331][  0]LogD3D11RHI:       128/0/8134 MB DedicatedVideo/DedicatedSystem/SharedSystem, Outputs:0, VendorId:0x8086
[2019.10.30-05.08.57:344][  0]LogD3D11RHI:    2. 'Microsoft Basic Render Driver' (Feature Level 11_0)
[2019.10.30-05.08.57:344][  0]LogD3D11RHI:       0/0/8134 MB DedicatedVideo/DedicatedSystem/SharedSystem, Outputs:0, VendorId:0x1414
[2019.10.30-05.08.57:344][  0]LogD3D11RHI: Chosen D3D11 Adapter: 0
[2019.10.30-05.08.57:409][  0]LogD3D11RHI: Creating new Direct3DDevice
[2019.10.30-05.08.57:410][  0]LogD3D11RHI:     GPU DeviceId: 0x1c20 (for the marketing name, search the web for "GPU Device Id")
[2019.10.30-05.08.57:425][  0]LogWindows: EnumDisplayDevices:
[2019.10.30-05.08.57:425][  0]LogWindows:    0. 'Intel(R) HD Graphics 530' (P:1 D:1)
[2019.10.30-05.08.57:426][  0]LogWindows:    1. 'Intel(R) HD Graphics 530' (P:0 D:0)
[2019.10.30-05.08.57:427][  0]LogWindows:    2. 'Intel(R) HD Graphics 530' (P:0 D:0)
[2019.10.30-05.08.57:428][  0]LogWindows:    3. 'NVIDIA GeForce GTX 1060' (P:0 D:1)
[2019.10.30-05.08.57:428][  0]LogWindows:    4. 'NVIDIA GeForce GTX 1060' (P:0 D:0)
[2019.10.30-05.08.57:429][  0]LogWindows:    5. 'NVIDIA GeForce GTX 1060' (P:0 D:0)
[2019.10.30-05.08.57:429][  0]LogWindows:    6. 'NVIDIA GeForce GTX 1060' (P:0 D:0)
[2019.10.30-05.08.57:430][  0]LogWindows: DebugString: PrimaryIsNotTheChoosenAdapter PrimaryIsNotTheChoosenAdapter PrimaryIsNotTheChoosenAdapter FoundDriverCount:4 
[2019.10.30-05.08.57:430][  0]LogD3D11RHI:     Adapter Name: NVIDIA GeForce GTX 1060
[2019.10.30-05.08.57:430][  0]LogD3D11RHI:   Driver Version: 399.01 (internal:24.21.13.9901, unified:399.01)
[2019.10.30-05.08.57:430][  0]LogD3D11RHI:      Driver Date: 8-13-2018
[2019.10.30-05.08.57:430][  0]LogRHI: Texture pool is 4236 MB (70% of 6052 MB)
[2019.10.30-05.08.57:498][  0]LogD3D11RHI: Async texture creation enabled
[2019.10.30-05.08.57:836][  0]LogD3D11RHI: GPU Timing Frequency: 1000.000000 (Debug: 2 2)
[2019.10.30-05.08.58:907][  0]LogTemp: Display: Module 'AllDesktopTargetPlatform' loaded TargetPlatform 'AllDesktop'
[2019.10.30-05.08.59:065][  0]LogTemp: Display: Module 'MacClientTargetPlatform' loaded TargetPlatform 'MacClient'
[2019.10.30-05.08.59:080][  0]LogTemp: Display: Module 'MacNoEditorTargetPlatform' loaded TargetPlatform 'MacNoEditor'
[2019.10.30-05.08.59:094][  0]LogTemp: Display: Module 'MacServerTargetPlatform' loaded TargetPlatform 'MacServer'
[2019.10.30-05.08.59:135][  0]LogTemp: Display: Module 'MacTargetPlatform' loaded TargetPlatform 'Mac'
[2019.10.30-05.08.59:250][  0]LogTemp: Display: Module 'WindowsClientTargetPlatform' loaded TargetPlatform 'WindowsClient'
[2019.10.30-05.08.59:380][  0]LogTemp: Display: Module 'WindowsNoEditorTargetPlatform' loaded TargetPlatform 'WindowsNoEditor'
[2019.10.30-05.08.59:397][  0]LogTemp: Display: Module 'WindowsServerTargetPlatform' loaded TargetPlatform 'WindowsServer'
[2019.10.30-05.08.59:508][  0]LogTemp: Display: Module 'WindowsTargetPlatform' loaded TargetPlatform 'Windows'
[2019.10.30-05.08.59:604][  0]LogTemp: Display: Module 'AndroidTargetPlatform' loaded TargetPlatform 'Android'
[2019.10.30-05.08.59:604][  0]LogTemp: Display: Module 'AndroidTargetPlatform' loaded TargetPlatform 'Android_ASTC'
[2019.10.30-05.08.59:604][  0]LogTemp: Display: Module 'AndroidTargetPlatform' loaded TargetPlatform 'Android_ATC'
[2019.10.30-05.08.59:604][  0]LogTemp: Display: Module 'AndroidTargetPlatform' loaded TargetPlatform 'Android_DXT'
[2019.10.30-05.08.59:604][  0]LogTemp: Display: Module 'AndroidTargetPlatform' loaded TargetPlatform 'Android_ETC1'
[2019.10.30-05.08.59:604][  0]LogTemp: Display: Module 'AndroidTargetPlatform' loaded TargetPlatform 'Android_ETC1a'
[2019.10.30-05.08.59:605][  0]LogTemp: Display: Module 'AndroidTargetPlatform' loaded TargetPlatform 'Android_ETC2'
[2019.10.30-05.08.59:605][  0]LogTemp: Display: Module 'AndroidTargetPlatform' loaded TargetPlatform 'Android_PVRTC'
[2019.10.30-05.08.59:605][  0]LogTemp: Display: Module 'AndroidTargetPlatform' loaded TargetPlatform 'AndroidClient'
[2019.10.30-05.08.59:605][  0]LogTemp: Display: Module 'AndroidTargetPlatform' loaded TargetPlatform 'Android_ASTCClient'
[2019.10.30-05.08.59:605][  0]LogTemp: Display: Module 'AndroidTargetPlatform' loaded TargetPlatform 'Android_ATCClient'
[2019.10.30-05.08.59:605][  0]LogTemp: Display: Module 'AndroidTargetPlatform' loaded TargetPlatform 'Android_DXTClient'
[2019.10.30-05.08.59:605][  0]LogTemp: Display: Module 'AndroidTargetPlatform' loaded TargetPlatform 'Android_ETC1Client'
[2019.10.30-05.08.59:605][  0]LogTemp: Display: Module 'AndroidTargetPlatform' loaded TargetPlatform 'Android_ETC1aClient'
[2019.10.30-05.08.59:605][  0]LogTemp: Display: Module 'AndroidTargetPlatform' loaded TargetPlatform 'Android_ETC2Client'
[2019.10.30-05.08.59:605][  0]LogTemp: Display: Module 'AndroidTargetPlatform' loaded TargetPlatform 'Android_PVRTCClient'
[2019.10.30-05.08.59:605][  0]LogTemp: Display: Module 'AndroidTargetPlatform' loaded TargetPlatform 'Android_Multi'
[2019.10.30-05.08.59:605][  0]LogTemp: Display: Module 'AndroidTargetPlatform' loaded TargetPlatform 'Android_MultiClient'
[2019.10.30-05.08.59:818][  0]LogTemp: Display: Module 'HTML5TargetPlatform' loaded TargetPlatform 'HTML5'
[2019.10.30-05.09.00:056][  0]LogTemp: Display: Module 'IOSTargetPlatform' loaded TargetPlatform 'IOSClient'
[2019.10.30-05.09.00:056][  0]LogTemp: Display: Module 'IOSTargetPlatform' loaded TargetPlatform 'IOS'
[2019.10.30-05.09.00:089][  0]LogTemp: Display: Module 'TVOSTargetPlatform' loaded TargetPlatform 'TVOSClient'
[2019.10.30-05.09.00:089][  0]LogTemp: Display: Module 'TVOSTargetPlatform' loaded TargetPlatform 'TVOS'
[2019.10.30-05.09.00:223][  0]LogTemp: Display: Module 'LinuxClientTargetPlatform' loaded TargetPlatform 'LinuxClient'
[2019.10.30-05.09.00:270][  0]LogTemp: Display: Module 'LinuxNoEditorTargetPlatform' loaded TargetPlatform 'LinuxNoEditor'
[2019.10.30-05.09.00:300][  0]LogTemp: Display: Module 'LinuxServerTargetPlatform' loaded TargetPlatform 'LinuxServer'
[2019.10.30-05.09.00:381][  0]LogTemp: Display: Module 'LinuxTargetPlatform' loaded TargetPlatform 'Linux'
[2019.10.30-05.09.00:553][  0]LogTemp: Display: Module 'LuminTargetPlatform' loaded TargetPlatform 'Lumin'
[2019.10.30-05.09.00:553][  0]LogTemp: Display: Module 'LuminTargetPlatform' loaded TargetPlatform 'LuminClient'
[2019.10.30-05.09.00:554][  0]LogTargetPlatformManager: Display: Building Assets For Windows
[2019.10.30-05.09.00:829][  0]LogAudioDebug: Display: Lib vorbis DLL was dynamically loaded.
[2019.10.30-05.09.02:772][  0]LogShaderCompilers: Guid format shader working directory is 1 characters bigger than the processId version (../../../../../GOAP_Ecosystem/GOAP_Ecosystem/Intermediate/Shaders/WorkingDirectory/32660/).
[2019.10.30-05.09.02:772][  0]LogShaderCompilers: Cleaned the shader compiler working directory 'C:/Users/ZackR/AppData/Local/Temp/UnrealShaderWorkingDir/D5E66FAC42ABBADD9457A488E46BCC63/'.
[2019.10.30-05.09.03:084][  0]LogXGEController: Cleaning working directory: C:/Users/ZackR/AppData/Local/Temp/UnrealXGEWorkingDir/
[2019.10.30-05.09.03:094][  0]LogXGEController: Cannot use XGE Controller as Incredibuild is not installed on this machine.
[2019.10.30-05.09.03:094][  0]LogShaderCompilers: Cannot use XGE Shader Compiler as Incredibuild is not installed on this machine.
[2019.10.30-05.09.03:095][  0]LogShaderCompilers: Display: Using Local Shader Compiler.
[2019.10.30-05.09.18:928][  0]LogDerivedDataCache: Display: Max Cache Size: 512 MB
[2019.10.30-05.09.19:321][  0]LogDerivedDataCache: Loaded boot cache 0.39s 73MB C:/Users/ZackR/AppData/Local/UnrealEngine/4.23/DerivedDataCache/Boot.ddc.
[2019.10.30-05.09.19:321][  0]LogDerivedDataCache: Display: Loaded Boot cache: C:/Users/ZackR/AppData/Local/UnrealEngine/4.23/DerivedDataCache/Boot.ddc
[2019.10.30-05.09.19:322][  0]LogDerivedDataCache: FDerivedDataBackendGraph:  Pak pak cache file ../../../../../GOAP_Ecosystem/GOAP_Ecosystem/DerivedDataCache/DDC.ddp not found, will not use a pak cache.
[2019.10.30-05.09.19:322][  0]LogDerivedDataCache: Unable to find inner node Pak for hierarchical cache Hierarchy.
[2019.10.30-05.09.19:322][  0]LogDerivedDataCache: FDerivedDataBackendGraph:  CompressedPak pak cache file ../../../../../GOAP_Ecosystem/GOAP_Ecosystem/DerivedDataCache/Compressed.ddp not found, will not use a pak cache.
[2019.10.30-05.09.19:322][  0]LogDerivedDataCache: Unable to find inner node CompressedPak for hierarchical cache Hierarchy.
[2019.10.30-05.09.19:517][  0]LogDerivedDataCache: Display: Pak cache opened for reading ../../../Engine/DerivedDataCache/Compressed.ddp.
[2019.10.30-05.09.19:518][  0]LogDerivedDataCache: FDerivedDataBackendGraph:  EnterprisePak pak cache file ../../../Enterprise/DerivedDataCache/Compressed.ddp not found, will not use a pak cache.
[2019.10.30-05.09.19:518][  0]LogDerivedDataCache: Unable to find inner node EnterprisePak for hierarchical cache Hierarchy.
[2019.10.30-05.09.19:522][  0]LogDerivedDataCache: Using Local data cache path C:/Users/ZackR/AppData/Local/UnrealEngine/Common/DerivedDataCache: Writable
[2019.10.30-05.09.19:522][  0]LogDerivedDataCache: Shared data cache path not found in *engine.ini, will not use an Shared cache.
[2019.10.30-05.09.19:522][  0]LogDerivedDataCache: Unable to find inner node Shared for hierarchical cache Hierarchy.
[2019.10.30-05.09.19:602][  0]LogMaterial: Verifying Global Shaders for PCD3D_SM5
[2019.10.30-05.09.19:606][  0]LogSlate: Using FreeType 2.6.0
[2019.10.30-05.09.20:127][  0]LogSlate: SlateFontServices - WITH_FREETYPE: 1, WITH_HARFBUZZ: 1
[2019.10.30-05.09.22:846][  0]LogAssetRegistry: FAssetRegistry took 0.0781 seconds to start up
[2019.10.30-05.09.29:357][  0]LogInit: Selected Device Profile: [Windows]
[2019.10.30-05.09.33:290][  0]LogMeshReduction: Using QuadricMeshReduction for automatic static mesh reduction
[2019.10.30-05.09.33:290][  0]LogMeshReduction: Using SimplygonMeshReduction for automatic skeletal mesh reduction
[2019.10.30-05.09.33:290][  0]LogMeshReduction: Using ProxyLODMeshReduction for automatic mesh merging
[2019.10.30-05.09.33:290][  0]LogMeshReduction: No distributed automatic mesh merging module available
[2019.10.30-05.09.33:291][  0]LogMeshMerging: No distributed automatic mesh merging module available
[2019.10.30-05.09.33:923][  0]LogNetVersion: GOAP_Ecosystem 1.0.0, NetCL: 8386587, EngineNetVer: 11, GameNetVer: 0 (Checksum: 2534418638)
[2019.10.30-05.09.40:603][  0]LogPackageLocalizationCache: Processed 12 localized package path(s) for 1 prioritized culture(s) in 0.091153 seconds
[2019.10.30-05.09.40:694][  0]LogUObjectArray: 43444 objects as part of root set at end of initial load.
[2019.10.30-05.09.40:694][  0]LogUObjectAllocator: 7548648 out of 0 bytes used by permanent object pool.
[2019.10.30-05.09.40:695][  0]LogUObjectArray: CloseDisregardForGC: 0/0 objects in disregard for GC pool
[2019.10.30-05.10.43:585][  0]LogTcpMessaging: Initializing TcpMessaging bridge
[2019.10.30-05.10.43:638][  0]LogUdpMessaging: Initializing bridge on interface 0.0.0.0:0 to multicast group 230.0.0.1:6666.
[2019.10.30-05.10.46:642][  0]SourceControl: Source control is disabled
[2019.10.30-05.10.46:691][  0]SourceControl: Source control is disabled
[2019.10.30-05.10.47:246][  0]SourceControl: Source control is disabled
[2019.10.30-05.10.47:525][  0]SourceControl: Source control is disabled
[2019.10.30-05.10.52:862][  0]LogAndroidPermission: UAndroidPermissionCallbackProxy::GetInstance
[2019.10.30-05.10.55:534][  0]LogOcInput: OculusInput pre-init called
[2019.10.30-05.10.55:840][  0]LogWindows: Failed to load 'OVRPlugin.dll' (GetLastError=126)
[2019.10.30-05.10.55:840][  0]LogWindows: File 'OVRPlugin.dll' does not exist
[2019.10.30-05.10.59:268][  0]LogAutomationTest: Warning: Smoke tests took > 2s to run: 2.17s
[2019.10.30-05.10.59:376][  0]LogEngine: Initializing Engine...
[2019.10.30-05.10.59:681][  0]LogHMD: Failed to initialize OpenVR with code 126
[2019.10.30-05.10.59:966][  0]LogStats: UGameplayTagsManager::InitializeManager -  0.087 s
[2019.10.30-05.11.02:320][  0]LogInit: Initializing FReadOnlyCVARCache
[2019.10.30-05.11.03:879][  0]LogAIModule: Creating AISystem for world Untitled
[2019.10.30-05.11.04:428][  0]LogInit: XAudio2 using 'Speakers (Realtek High Definition Audio)' : 6 channels at 48 kHz using 32 bits per sample (channel mask 0x3f)
[2019.10.30-05.11.04:709][  0]LogInit: FAudioDevice initialized.
[2019.10.30-05.11.04:710][  0]LogNetVersion: Set ProjectVersion to 1.0.0.0. Version Checksum will be recalculated on next use.
[2019.10.30-05.11.04:906][  0]LogDerivedDataCache: Saved boot cache 0.20s 73MB C:/Users/ZackR/AppData/Local/UnrealEngine/4.23/DerivedDataCache/Boot.ddc.
[2019.10.30-05.11.04:973][  0]LogInit: Texture streaming: Enabled
[2019.10.30-05.11.05:733][  0]LogEngineSessionManager: EngineSessionManager initialized
[2019.10.30-05.11.05:747][  0]LogEditorSessionSummary: Verbose: Initializing EditorSessionSummaryWriter for editor session tracking
[2019.10.30-05.11.05:752][  0]LogEditorSessionSummary: EditorSessionSummaryWriter initialized
[2019.10.30-05.11.06:804][  0]LogInit: Transaction tracking system initialized
[2019.10.30-05.11.09:071][  0]BlueprintLog: New page: Editor Load
[2019.10.30-05.11.14:136][  0]LocalizationService: Localization service is disabled
[2019.10.30-05.11.20:333][  0]LogFileCache: Scanning file cache for directory 'D:/GOAP_Ecosystem/GOAP_Ecosystem/Content/' took 0.01s
[2019.10.30-05.11.20:333][  0]LogCook: Display: Max memory allowance for cook 16384mb min free memory 0mb
[2019.10.30-05.11.20:333][  0]LogCook: Display: Mobile HDR setting 1
[2019.10.30-05.11.28:320][  0]SourceControl: Source control is disabled
[2019.10.30-05.11.28:344][  0]Cmd: MAP LOAD FILE="../../../../../GOAP_Ecosystem/GOAP_Ecosystem/Content/FlyingBP/Maps/FlyingExampleMap.umap" TEMPLATE=0 SHOWPROGRESS=1 FEATURELEVEL=3
[2019.10.30-05.11.28:443][  0]LightingResults: New page: Lighting Build
[2019.10.30-05.11.28:954][  0]LogWorld: UWorld::CleanupWorld for Untitled, bSessionEnded=true, bCleanupResources=true
[2019.10.30-05.11.29:186][  0]MapCheck: New page: Map Check
[2019.10.30-05.11.29:186][  0]LightingResults: New page: Lighting Build
[2019.10.30-05.11.30:002][  0]LogUObjectHash: Compacting FUObjectHashTables data took   1.98ms
[2019.10.30-05.11.33:818][  0]LogAIModule: Creating AISystem for world FlyingExampleMap
[2019.10.30-05.11.34:793][  0]LogEditorServer: Finished looking for orphan Actors (0.000 secs)
[2019.10.30-05.11.34:996][  0]LogUObjectHash: Compacting FUObjectHashTables data took   2.62ms
[2019.10.30-05.11.34:996][  0]Cmd: MAP CHECKDEP NOCLEARLOG
[2019.10.30-05.11.34:997][  0]MapCheck: Map check complete: 0 Error(s), 0 Warning(s), took 0.544ms to complete.
[2019.10.30-05.11.34:997][  0]LogFileHelpers: Loading map 'FlyingExampleMap' took 6.654
[2019.10.30-05.11.38:709][  0]LogSlate: Updating window title bar state: overlay mode, drag disabled, window buttons hidden, title bar hidden
[2019.10.30-05.11.38:720][  0]LogSlate: Updating window title bar state: overlay mode, drag disabled, window buttons hidden, title bar hidden
[2019.10.30-05.11.38:731][  0]LogSlate: Updating window title bar state: overlay mode, drag disabled, window buttons hidden, title bar hidden
[2019.10.30-05.11.38:742][  0]LogSlate: Updating window title bar state: overlay mode, drag disabled, window buttons hidden, title bar hidden
[2019.10.30-05.11.39:278][  0]LogCollectionManager: Loaded 0 collections in 0.001779 seconds
[2019.10.30-05.11.39:700][  0]LogFileCache: Scanning file cache for directory 'D:/GOAP_Ecosystem/GOAP_Ecosystem/Saved/Collections/' took 0.00s
[2019.10.30-05.11.39:700][  0]LogFileCache: Scanning file cache for directory 'D:/GOAP_Ecosystem/GOAP_Ecosystem/Content/Developers/ZackR/Collections/' took 0.00s
[2019.10.30-05.11.39:700][  0]LogFileCache: Scanning file cache for directory 'D:/GOAP_Ecosystem/GOAP_Ecosystem/Content/Collections/' took 0.00s
[2019.10.30-05.11.39:701][  0]LogCollectionManager: Rebuilt the GUID cache for 0 collections in 0.000002 seconds
[2019.10.30-05.11.39:731][  0]LogContentBrowser: Native class hierarchy populated in 0.0265 seconds. Added 2864 classes and 682 folders.
[2019.10.30-05.11.40:190][  0]LogContentBrowser: Native class hierarchy updated for 'WidgetCarousel' in 0.0008 seconds. Added 0 classes and 0 folders.
[2019.10.30-05.11.44:433][  0]LogContentBrowser: Native class hierarchy updated for 'AddContentDialog' in 0.0004 seconds. Added 0 classes and 0 folders.
[2019.10.30-05.11.44:696][  0]LogContentBrowser: Native class hierarchy updated for 'SceneOutliner' in 0.0006 seconds. Added 1 classes and 2 folders.
[2019.10.30-05.11.47:634][  0]LogSlate: Took 0.158689 seconds to synchronously load lazily loaded font '../../../Engine/Content/Slate/Fonts/Roboto-Regular.ttf' (155K)
[2019.10.30-05.11.47:709][  0]LogSlate: Took 0.071436 seconds to synchronously load lazily loaded font '../../../Engine/Content/Slate/Fonts/Roboto-Bold.ttf' (160K)
[2019.10.30-05.11.47:994][  0]LogSlate: Took 0.018841 seconds to synchronously load lazily loaded font '../../../Engine/Content/Editor/Slate/Fonts/FontAwesome.ttf' (139K)
[2019.10.30-05.11.48:971][  0]LogRenderer: Reallocating scene render targets to support 1060x400 Format 10 NumSamples 1 (Frame:1).
[2019.10.30-05.11.50:551][  0]LogSlate: Took 0.065427 seconds to synchronously load lazily loaded font '../../../Engine/Content/Slate/Fonts/Roboto-Light.ttf' (167K)
[2019.10.30-05.11.51:331][  0]LogContentBrowser: Native class hierarchy updated for 'HierarchicalLODOutliner' in 0.0005 seconds. Added 0 classes and 0 folders.
[2019.10.30-05.11.51:331][  0]LogLoad: (Engine Initialization) Total time: 214.32 seconds
[2019.10.30-05.11.51:331][  0]LogLoad: (Engine Initialization) Total Blueprint compile time: 0.00 seconds
[2019.10.30-05.11.52:273][  0]LogContentStreaming: Texture pool size now 1000 MB
[2019.10.30-05.11.59:226][ 45]LogAssetRegistry: Asset discovery search completed in 156.3958 seconds
[2019.10.30-05.11.59:344][ 45]LogCollectionManager: Rebuilt the object cache for 0 collections in 0.014318 seconds (found 0 objects)
[2019.10.30-05.11.59:344][ 45]LogCollectionManager: Fixed up redirectors for 0 collections in 0.014687 seconds (updated 0 objects)
[2019.10.30-05.12.51:729][202]LogEditorSessionSummary: EditorSessionSummary sent report. Type=Debugger, SessionId={305E878E-4DAB-2C82-73E9-4A93A139FBAB}
[2019.10.30-05.14.38:703][661]LogSlate: FSceneViewport::OnFocusLost() reason 0
[2019.10.30-05.14.50:409][263]LogSlate: FSceneViewport::OnFocusLost() reason 0
[2019.10.30-05.14.50:939][263]LogEditor: Attempting to add actor of class 'Animal' to level at -470.00,-890.00,100.00
[2019.10.30-05.14.50:951][263]LogActor: Warning: Animal /Game/FlyingBP/Maps/FlyingExampleMap.FlyingExampleMap:PersistentLevel.Animal_0 has natively added scene component(s), but none of them were set as the actor's RootComponent - picking one arbitrarily
[2019.10.30-05.14.52:499][308]LogEditor: Attempting to add actor of class 'Animal' to level at 490.00,-50.00,100.00
[2019.10.30-05.14.52:500][308]LogActor: Warning: Animal /Game/FlyingBP/Maps/FlyingExampleMap.FlyingExampleMap:PersistentLevel.Animal_1 has natively added scene component(s), but none of them were set as the actor's RootComponent - picking one arbitrarily
[2019.10.30-05.14.54:931][422]LogSlate: Took 0.040959 seconds to synchronously load lazily loaded font '../../../Engine/Content/Slate/Fonts/Roboto-Italic.ttf' (157K)
[2019.10.30-05.14.56:585][502]LogSlate: FSceneViewport::OnFocusLost() reason 0
[2019.10.30-05.15.00:588][630]LogUObjectHash: Compacting FUObjectHashTables data took   2.31ms
[2019.10.30-05.15.03:879][630]LogSlate: Window 'Save Content' being destroyed
[2019.10.30-05.15.04:127][630]LogSlate: Window 'Find in Blueprints' being destroyed
[2019.10.30-05.15.04:142][630]LogSlate: Window 'GOAP_Ecosystem - Unreal Editor' being destroyed
[2019.10.30-05.15.04:684][631]Cmd: QUIT_EDITOR
[2019.10.30-05.15.05:075][631]LogWindowsTextInputMethodSystem: Display: IME system now deactivated.
[2019.10.30-05.15.05:212][631]LogExit: Preparing to exit.
[2019.10.30-05.15.08:429][631]LogDemo: Cleaned up 0 splitscreen connections with owner deletion
[2019.10.30-05.15.08:605][631]LogWorld: UWorld::CleanupWorld for None, bSessionEnded=true, bCleanupResources=true
[2019.10.30-05.15.08:605][631]LogExit: Editor shut down
[2019.10.30-05.15.08:606][631]LogExit: Transaction tracking system shut down
[2019.10.30-05.15.12:916][631]LogExit: Object subsystem successfully closed.
[2019.10.30-05.15.13:638][631]LogShaderCompilers: Display: Shaders left to compile 0
[2019.10.30-05.15.15:204][631]LogModuleManager: Shutting down and abandoning module HierarchicalLODOutliner (670)
[2019.10.30-05.15.15:204][631]LogModuleManager: Shutting down and abandoning module SceneOutliner (668)
[2019.10.30-05.15.15:204][631]LogModuleManager: Shutting down and abandoning module AddContentDialog (666)
[2019.10.30-05.15.15:211][631]LogModuleManager: Shutting down and abandoning module WidgetCarousel (665)
[2019.10.30-05.15.15:211][631]LogModuleManager: Shutting down and abandoning module EditorWidgets (662)
[2019.10.30-05.15.15:211][631]LogModuleManager: Shutting down and abandoning module CollectionManager (660)
[2019.10.30-05.15.15:244][631]LogModuleManager: Shutting down and abandoning module StatsViewer (658)
[2019.10.30-05.15.15:304][631]LogModuleManager: Shutting down and abandoning module VirtualTexturingEditor (656)
[2019.10.30-05.15.15:304][631]LogModuleManager: Shutting down and abandoning module FoliageEdit (654)
[2019.10.30-05.15.15:321][631]LogModuleManager: Shutting down and abandoning module LandscapeEditor (652)
[2019.10.30-05.15.15:459][631]LogModuleManager: Shutting down and abandoning module MeshPaintMode (650)
[2019.10.30-05.15.15:459][631]LogModuleManager: Shutting down and abandoning module SceneDepthPickerMode (648)
[2019.10.30-05.15.15:459][631]LogModuleManager: Shutting down and abandoning module ActorPickerMode (646)
[2019.10.30-05.15.15:459][631]LogModuleManager: Shutting down and abandoning module GeometryMode (644)
[2019.10.30-05.15.15:487][631]LogModuleManager: Shutting down and abandoning module TextureAlignMode (642)
[2019.10.30-05.15.15:487][631]LogModuleManager: Shutting down and abandoning module BspMode (640)
[2019.10.30-05.15.15:487][631]LogModuleManager: Shutting down and abandoning module PIEPreviewDeviceProfileSelector (638)
[2019.10.30-05.15.15:489][631]LogModuleManager: Shutting down and abandoning module SequenceRecorderSections (636)
[2019.10.30-05.15.15:497][631]LogModuleManager: Shutting down and abandoning module AutomationWorker (634)
[2019.10.30-05.15.15:497][631]LogModuleManager: Shutting down and abandoning module OculusMR (632)
[2019.10.30-05.15.15:497][631]LogModuleManager: Shutting down and abandoning module AudioCaptureEditor (630)
[2019.10.30-05.15.15:498][631]LogModuleManager: Shutting down and abandoning module MatineeToLevelSequence (628)
[2019.10.30-05.15.15:545][631]LogModuleManager: Shutting down and abandoning module LevelSequenceEditor (626)
[2019.10.30-05.15.15:752][631]LogModuleManager: Shutting down and abandoning module PlacementMode (625)
[2019.10.30-05.15.15:753][631]LogModuleManager: Shutting down and abandoning module MaterialEditor (624)
[2019.10.30-05.15.15:792][631]LogModuleManager: Shutting down and abandoning module ActorSequenceEditor (620)
[2019.10.30-05.15.15:845][631]LogModuleManager: Shutting down and abandoning module WmfMediaFactory (618)
[2019.10.30-05.15.15:846][631]LogModuleManager: Shutting down and abandoning module WmfMediaEditor (616)
[2019.10.30-05.15.15:846][631]LogModuleManager: Shutting down and abandoning module WebMMediaFactory (614)
[2019.10.30-05.15.15:846][631]LogModuleManager: Shutting down and abandoning module WebMMediaEditor (612)
[2019.10.30-05.15.15:846][631]LogModuleManager: Shutting down and abandoning module WebMMedia (610)
[2019.10.30-05.15.15:849][631]LogModuleManager: Shutting down and abandoning module MediaPlayerEditor (608)
[2019.10.30-05.15.15:942][631]LogModuleManager: Shutting down and abandoning module MediaCompositingEditor (606)
[2019.10.30-05.15.16:030][631]LogModuleManager: Shutting down and abandoning module SequenceRecorder (605)
[2019.10.30-05.15.16:030][631]LogModuleManager: Shutting down and abandoning module OpenExrWrapper (602)
[2019.10.30-05.15.16:031][631]LogModuleManager: Shutting down and abandoning module ImgMediaFactory (600)
[2019.10.30-05.15.16:031][631]LogModuleManager: Shutting down and abandoning module ImgMediaEditor (598)
[2019.10.30-05.15.16:031][631]LogModuleManager: Shutting down and abandoning module AvfMediaFactory (596)
[2019.10.30-05.15.16:031][631]LogModuleManager: Shutting down and abandoning module AvfMediaEditor (594)
[2019.10.30-05.15.16:031][631]LogModuleManager: Shutting down and abandoning module AndroidMediaFactory (592)
[2019.10.30-05.15.16:032][631]LogModuleManager: Shutting down and abandoning module AndroidMediaEditor (590)
[2019.10.30-05.15.16:032][631]LogModuleManager: Shutting down and abandoning module MagicLeapCameraPreviewFactory (588)
[2019.10.30-05.15.16:032][631]LogModuleManager: Shutting down and abandoning module MagicLeapMediaCodecFactory (586)
[2019.10.30-05.15.16:032][631]LogModuleManager: Shutting down and abandoning module MagicLeapMediaFactory (584)
[2019.10.30-05.15.16:032][631]LogModuleManager: Shutting down and abandoning module MagicLeapMediaEditor (582)
[2019.10.30-05.15.16:032][631]LogModuleManager: Shutting down and abandoning module CharacterAI (580)
[2019.10.30-05.15.16:032][631]LogModuleManager: Shutting down and abandoning module SmartSnapping (578)
[2019.10.30-05.15.16:033][631]LogModuleManager: Shutting down and abandoning module SessionServices (576)
[2019.10.30-05.15.16:033][631]LogModuleManager: Shutting down and abandoning module MeshPaint (574)
[2019.10.30-05.15.16:061][631]LogModuleManager: Shutting down and abandoning module ViewportSnapping (572)
[2019.10.30-05.15.16:061][631]LogModuleManager: Shutting down and abandoning module ViewportInteraction (570)
[2019.10.30-05.15.16:061][631]LogModuleManager: Shutting down and abandoning module ClothPainter (568)
[2019.10.30-05.15.16:085][631]LogModuleManager: Shutting down and abandoning module SkeletalMeshEditor (567)
[2019.10.30-05.15.16:109][631]LogModuleManager: Shutting down and abandoning module LogVisualizer (564)
[2019.10.30-05.15.16:127][631]LogModuleManager: Shutting down and abandoning module IntroTutorials (562)
[2019.10.30-05.15.16:127][631]LogModuleManager: Shutting down and abandoning module GameProjectGeneration (561)
[2019.10.30-05.15.16:136][631]LogModuleManager: Shutting down and abandoning module LuminPlatformEditor (558)
[2019.10.30-05.15.16:136][631]LogModuleManager: Shutting down and abandoning module IOSPlatformEditor (556)
[2019.10.30-05.15.16:145][631]LogModuleManager: Shutting down and abandoning module HTML5PlatformEditor (554)
[2019.10.30-05.15.16:145][631]LogModuleManager: Shutting down and abandoning module AndroidPlatformEditor (552)
[2019.10.30-05.15.16:146][631]LogModuleManager: Shutting down and abandoning module AndroidDeviceDetection (551)
[2019.10.30-05.15.17:022][631]LogModuleManager: Shutting down and abandoning module WindowsPlatformEditor (548)
[2019.10.30-05.15.17:022][631]LogModuleManager: Shutting down and abandoning module LuminRuntimeSettings (546)
[2019.10.30-05.15.17:022][631]LogModuleManager: Shutting down and abandoning module IOSRuntimeSettings (544)
[2019.10.30-05.15.17:022][631]LogModuleManager: Shutting down and abandoning module AndroidRuntimeSettings (542)
[2019.10.30-05.15.17:023][631]LogModuleManager: Shutting down and abandoning module TimeManagementEditor (540)
[2019.10.30-05.15.17:023][631]LogModuleManager: Shutting down and abandoning module InputBindingEditor (538)
[2019.10.30-05.15.17:060][631]LogModuleManager: Shutting down and abandoning module MergeActors (536)
[2019.10.30-05.15.17:067][631]LogModuleManager: Shutting down and abandoning module LocalizationDashboard (534)
[2019.10.30-05.15.17:089][631]LogModuleManager: Shutting down and abandoning module LocalizationService (533)
[2019.10.30-05.15.17:166][631]LogModuleManager: Shutting down and abandoning module HardwareTargeting (530)
[2019.10.30-05.15.17:167][631]LogModuleManager: Shutting down and abandoning module DeviceProfileEditor (528)
[2019.10.30-05.15.17:172][631]LogModuleManager: Shutting down and abandoning module UndoHistory (526)
[2019.10.30-05.15.17:180][631]LogModuleManager: Shutting down and abandoning module XmlParser (524)
[2019.10.30-05.15.17:214][631]LogModuleManager: Shutting down and abandoning module Blutility (522)
[2019.10.30-05.15.17:227][631]LogModuleManager: Shutting down and abandoning module ProjectSettingsViewer (520)
[2019.10.30-05.15.17:227][631]LogModuleManager: Shutting down and abandoning module ProjectTargetPlatformEditor (519)
[2019.10.30-05.15.17:228][631]LogModuleManager: Shutting down and abandoning module EditorSettingsViewer (516)
[2019.10.30-05.15.17:228][631]LogModuleManager: Shutting down and abandoning module SettingsEditor (514)
[2019.10.30-05.15.17:246][631]LogModuleManager: Shutting down and abandoning module ProjectLauncher (512)
[2019.10.30-05.15.17:257][631]LogModuleManager: Shutting down and abandoning module SessionFrontend (510)
[2019.10.30-05.15.17:260][631]LogModuleManager: Shutting down and abandoning module ProfilerClient (508)
[2019.10.30-05.15.17:264][631]LogModuleManager: Shutting down and abandoning module DeviceManager (506)
[2019.10.30-05.15.17:277][631]LogModuleManager: Shutting down and abandoning module TargetDeviceServices (505)
[2019.10.30-05.15.17:333][631]LogModuleManager: Shutting down and abandoning module AutomationController (502)
[2019.10.30-05.15.17:492][631]LogModuleManager: Shutting down and abandoning module AutomationWindow (500)
[2019.10.30-05.15.17:524][631]LogModuleManager: Shutting down and abandoning module Layers (498)
[2019.10.30-05.15.17:568][631]LogModuleManager: Shutting down and abandoning module ComponentVisualizers (496)
[2019.10.30-05.15.17:568][631]LogModuleManager: Shutting down and abandoning module DetailCustomizations (494)
[2019.10.30-05.15.17:568][631]LogModuleManager: Shutting down and abandoning module PackagesDialog (492)
[2019.10.30-05.15.17:568][631]LogModuleManager: Shutting down and abandoning module AnimationBlueprintEditor (490)
[2019.10.30-05.15.17:658][631]LogModuleManager: Shutting down and abandoning module Persona (488)
[2019.10.30-05.15.17:759][631]LogModuleManager: Shutting down and abandoning module AdvancedPreviewScene (487)
[2019.10.30-05.15.17:759][631]LogModuleManager: Shutting down and abandoning module AnimGraph (485)
[2019.10.30-05.15.17:759][631]LogModuleManager: Shutting down and abandoning module Kismet (482)
[2019.10.30-05.15.17:833][631]LogModuleManager: Shutting down and abandoning module KismetWidgets (481)
[2019.10.30-05.15.17:853][631]LogModuleManager: Shutting down and abandoning module GraphEditor (478)
[2019.10.30-05.15.17:865][631]LogModuleManager: Shutting down and abandoning module StructViewer (476)
[2019.10.30-05.15.17:866][631]LogModuleManager: Shutting down and abandoning module ClassViewer (474)
[2019.10.30-05.15.17:866][631]LogModuleManager: Shutting down and abandoning module Toolbox (472)
[2019.10.30-05.15.17:866][631]LogModuleManager: Shutting down and abandoning module DesktopPlatform (471)
[2019.10.30-05.15.17:871][631]LogModuleManager: Shutting down and abandoning module ModuleUI (468)
[2019.10.30-05.15.17:887][631]LogModuleManager: Shutting down and abandoning module MovieSceneTools (466)
[2019.10.30-05.15.17:901][631]LogModuleManager: Shutting down and abandoning module OutputLog (464)
[2019.10.30-05.15.17:901][631]LogModuleManager: Shutting down and abandoning module GammaUI (462)
[2019.10.30-05.15.17:908][631]LogModuleManager: Shutting down and abandoning module Documentation (460)
[2019.10.30-05.15.17:909][631]LogModuleManager: Shutting down and abandoning module LiveCoding (458)
[2019.10.30-05.15.17:911][631]LogModuleManager: Shutting down and abandoning module LevelSequence (456)
[2019.10.30-05.15.17:912][631]LogModuleManager: Shutting down and abandoning module MovieSceneTracks (454)
[2019.10.30-05.15.17:912][631]LogModuleManager: Shutting down and abandoning module MovieScene (452)
[2019.10.30-05.15.17:917][631]LogModuleManager: Shutting down and abandoning module StreamingPauseRendering (450)
[2019.10.30-05.15.17:917][631]LogModuleManager: Shutting down and abandoning module LauncherPlatform (448)
[2019.10.30-05.15.17:917][631]LogModuleManager: Shutting down and abandoning module AnalyticsET (446)
[2019.10.30-05.15.17:917][631]LogModuleManager: Shutting down and abandoning module PortalServices (444)
[2019.10.30-05.15.17:918][631]LogModuleManager: Shutting down and abandoning module PortalRpc (442)
[2019.10.30-05.15.17:918][631]LogModuleManager: Shutting down and abandoning module MessagingRpc (440)
[2019.10.30-05.15.17:918][631]LogModuleManager: Shutting down and abandoning module AIModule (438)
[2019.10.30-05.15.17:931][631]LogModuleManager: Shutting down and abandoning module GameplayDebugger (437)
[2019.10.30-05.15.17:957][631]LogModuleManager: Shutting down and abandoning module AITestSuite (435)
[2019.10.30-05.15.17:957][631]LogModuleManager: Shutting down and abandoning module NavigationSystem (433)
[2019.10.30-05.15.17:958][631]LogModuleManager: Shutting down and abandoning module ImageWriteQueue (430)
[2019.10.30-05.15.17:969][631]LogModuleManager: Shutting down and abandoning module ProfilerService (428)
[2019.10.30-05.15.18:231][631]LogModuleManager: Shutting down and abandoning module TaskGraph (426)
[2019.10.30-05.15.18:300][631]LogModuleManager: Shutting down and abandoning module ScreenshotTools (424)
[2019.10.30-05.15.18:300][631]LogModuleManager: Shutting down and abandoning module SteamVRController (422)
[2019.10.30-05.15.18:300][631]LogModuleManager: Shutting down and abandoning module ProceduralMeshComponentEditor (420)
[2019.10.30-05.15.18:300][631]LogModuleManager: Shutting down and abandoning module ProceduralMeshComponent (418)
[2019.10.30-05.15.18:344][631]LogModuleManager: Shutting down and abandoning module OculusEditor (416)
[2019.10.30-05.15.18:344][631]LogModuleManager: Shutting down and abandoning module OculusInput (414)
[2019.10.30-05.15.18:344][631]LogModuleManager: Shutting down and abandoning module MobilePatchingUtils (412)
[2019.10.30-05.15.18:344][631]LogModuleManager: Shutting down and abandoning module EditableMesh (410)
[2019.10.30-05.15.18:376][631]LogModuleManager: Shutting down and abandoning module CustomMeshComponent (408)
[2019.10.30-05.15.18:376][631]LogModuleManager: Shutting down and abandoning module CableComponent (406)
[2019.10.30-05.15.18:376][631]LogModuleManager: Shutting down and abandoning module AudioCapture (404)
[2019.10.30-05.15.18:376][631]LogModuleManager: Shutting down and abandoning module ArchVisCharacter (402)
[2019.10.30-05.15.18:376][631]LogModuleManager: Shutting down and abandoning module AppleImageUtilsBlueprintSupport (400)
[2019.10.30-05.15.18:377][631]LogModuleManager: Shutting down and abandoning module AppleImageUtils (398)
[2019.10.30-05.15.18:377][631]LogModuleManager: Shutting down and abandoning module AndroidPermission (396)
[2019.10.30-05.15.18:377][631]LogModuleManager: Shutting down and abandoning module NUTUnrealEngine4 (394)
[2019.10.30-05.15.18:398][631]LogModuleManager: Shutting down and abandoning module NetcodeUnitTest (392)
[2019.10.30-05.15.18:433][631]LogModuleManager: Shutting down and abandoning module MediaCompositing (390)
[2019.10.30-05.15.18:433][631]LogModuleManager: Shutting down and abandoning module ImgMedia (388)
[2019.10.30-05.15.18:444][631]LogModuleManager: Shutting down and abandoning module MagicLeapHelperVulkan (386)
[2019.10.30-05.15.18:444][631]LogModuleManager: Shutting down and abandoning module MagicLeapHelperOpenGL (384)
[2019.10.30-05.15.18:444][631]LogModuleManager: Shutting down and abandoning module MagicLeapAudio (382)
[2019.10.30-05.15.18:449][631]LogModuleManager: Shutting down and abandoning module HTML5Networking (380)
[2019.10.30-05.15.18:449][631]LogModuleManager: Shutting down and abandoning module GeometryCacheTracks (378)
[2019.10.30-05.15.18:449][631]LogModuleManager: Shutting down and abandoning module GeometryCacheSequencer (376)
[2019.10.30-05.15.18:449][631]LogModuleManager: Shutting down and abandoning module BackChannel (374)
[2019.10.30-05.15.18:462][631]LogModuleManager: Shutting down and abandoning module AutomationUtilsEditor (372)
[2019.10.30-05.15.18:462][631]LogModuleManager: Shutting down and abandoning module AutomationUtils (370)
[2019.10.30-05.15.18:462][631]LogModuleManager: Shutting down and abandoning module AlembicImporter (368)
[2019.10.30-05.15.18:539][631]LogModuleManager: Shutting down and abandoning module AlembicLibrary (367)
[2019.10.30-05.15.18:539][631]LogModuleManager: Shutting down and abandoning module GeometryCache (366)
[2019.10.30-05.15.18:540][631]LogModuleManager: Shutting down and abandoning module GeometryCacheEd (365)
[2019.10.30-05.15.18:540][631]LogModuleManager: Shutting down and abandoning module VariantManagerContent (360)
[2019.10.30-05.15.18:540][631]LogModuleManager: Shutting down and abandoning module DatasmithContentEditor (358)
[2019.10.30-05.15.18:540][631]LogModuleManager: Shutting down and abandoning module SpeedTreeImporter (356)
[2019.10.30-05.15.18:540][631]LogModuleManager: Shutting down and abandoning module PluginBrowser (354)
[2019.10.30-05.15.18:564][631]LogModuleManager: Shutting down and abandoning module MobileLauncherProfileWizard (352)
[2019.10.30-05.15.18:574][631]LogModuleManager: Shutting down and abandoning module MaterialAnalyzer (350)
[2019.10.30-05.15.18:586][631]LogModuleManager: Shutting down and abandoning module CurveEditorTools (348)
[2019.10.30-05.15.18:612][631]LogModuleManager: Shutting down and abandoning module CurveEditor (347)
[2019.10.30-05.15.18:614][631]LogModuleManager: Shutting down and abandoning module CryptoKeysOpenSSL (344)
[2019.10.30-05.15.18:614][631]LogModuleManager: Shutting down and abandoning module CryptoKeys (342)
[2019.10.30-05.15.18:614][631]LogModuleManager: Shutting down and abandoning module VisualStudioSourceCodeAccess (340)
[2019.10.30-05.15.18:622][631]LogModuleManager: Shutting down and abandoning module VisualStudioCodeSourceCodeAccess (338)
[2019.10.30-05.15.18:622][631]LogModuleManager: Shutting down and abandoning module UObjectPlugin (336)
[2019.10.30-05.15.18:623][631]LogModuleManager: Shutting down and abandoning module SubversionSourceControl (334)
[2019.10.30-05.15.18:645][631]LogModuleManager: Shutting down and abandoning module PerforceSourceControl (332)
[2019.10.30-05.15.18:654][631]LogModuleManager: Shutting down and abandoning module GitSourceControl (330)
[2019.10.30-05.15.18:665][631]LogModuleManager: Shutting down and abandoning module SourceControl (329)
[2019.10.30-05.15.18:665][631]LogModuleManager: Shutting down and abandoning module CLionSourceCodeAccess (326)
[2019.10.30-05.15.18:665][631]LogModuleManager: Shutting down and abandoning module AnimationSharingEd (324)
[2019.10.30-05.15.18:665][631]LogModuleManager: Shutting down and abandoning module ActorLayerUtilitiesEditor (322)
[2019.10.30-05.15.18:665][631]LogModuleManager: Shutting down and abandoning module ActorLayerUtilities (320)
[2019.10.30-05.15.18:665][631]LogModuleManager: Shutting down and abandoning module LightPropagationVolumeEditor (318)
[2019.10.30-05.15.18:665][631]LogModuleManager: Shutting down and abandoning module PaperTiledImporter (316)
[2019.10.30-05.15.18:665][631]LogModuleManager: Shutting down and abandoning module PaperSpriteSheetImporter (314)
[2019.10.30-05.15.18:666][631]LogModuleManager: Shutting down and abandoning module Paper2DEditor (312)
[2019.10.30-05.15.18:697][631]LogModuleManager: Shutting down and abandoning module GOAP_Ecosystem (310)
[2019.10.30-05.15.18:698][631]LogModuleManager: Shutting down and abandoning module SignificanceManager (308)
[2019.10.30-05.15.18:698][631]LogModuleManager: Shutting down and abandoning module RuntimePhysXCooking (306)
[2019.10.30-05.15.18:698][631]LogModuleManager: Shutting down and abandoning module PhysXVehiclesEditor (304)
[2019.10.30-05.15.18:698][631]LogModuleManager: Shutting down and abandoning module LocationServicesBPLibrary (300)
[2019.10.30-05.15.18:698][631]LogModuleManager: Shutting down and abandoning module ActorSequence (298)
[2019.10.30-05.15.18:698][631]LogModuleManager: Shutting down and abandoning module UdpMessaging (296)
[2019.10.30-05.15.18:800][631]LogModuleManager: Shutting down and abandoning module TcpMessaging (294)
[2019.10.30-05.15.18:918][631]LogModuleManager: Shutting down and abandoning module MagicLeapIdentity (292)
[2019.10.30-05.15.18:918][631]LogModuleManager: Shutting down and abandoning module MagicLeapSecureStorage (290)
[2019.10.30-05.15.18:918][631]LogModuleManager: Shutting down and abandoning module MagicLeapHandTracking (288)
[2019.10.30-05.15.18:923][631]LogModuleManager: Shutting down and abandoning module MagicLeapEyeTracker (286)
[2019.10.30-05.15.18:924][631]LogModuleManager: Shutting down and abandoning module MagicLeapController (284)
[2019.10.30-05.15.18:931][631]LogSlate: Slate User Destroyed.  User Index 0, Is Virtual User: 0
[2019.10.30-05.15.18:932][631]LogModuleManager: Shutting down and abandoning module MagicLeapAR (282)
[2019.10.30-05.15.18:932][631]LogModuleManager: Shutting down and abandoning module AugmentedReality (281)
[2019.10.30-05.15.18:932][631]LogModuleManager: Shutting down and abandoning module GameplayTagsEditor (278)
[2019.10.30-05.15.18:970][631]LogModuleManager: Shutting down and abandoning module FacialAnimationEditor (276)
[2019.10.30-05.15.18:970][631]LogModuleManager: Shutting down and abandoning module FacialAnimation (274)
[2019.10.30-05.15.18:970][631]LogModuleManager: Shutting down and abandoning module DataValidation (272)
[2019.10.30-05.15.18:972][631]LogModuleManager: Shutting down and abandoning module AssetManagerEditor (270)
[2019.10.30-05.15.19:586][631]LogModuleManager: Shutting down and abandoning module LevelEditor (269)
[2019.10.30-05.15.19:603][631]LogModuleManager: Shutting down and abandoning module PixelInspectorModule (268)
[2019.10.30-05.15.19:642][631]LogModuleManager: Shutting down and abandoning module CommonMenuExtensions (266)
[2019.10.30-05.15.19:642][631]LogModuleManager: Shutting down and abandoning module MainFrame (264)
[2019.10.30-05.15.19:642][631]LogModuleManager: Shutting down and abandoning module HotReload (263)
[2019.10.30-05.15.19:691][631]LogModuleManager: Shutting down and abandoning module ContentBrowser (259)
[2019.10.30-05.15.19:692][631]LogModuleManager: Shutting down and abandoning module TreeMap (257)
[2019.10.30-05.15.19:707][631]LogModuleManager: Shutting down and abandoning module AnimationSharing (254)
[2019.10.30-05.15.19:707][631]LogModuleManager: Shutting down and abandoning module LightPropagationVolumeRuntime (252)
[2019.10.30-05.15.19:707][631]LogModuleManager: Shutting down and abandoning module Paper2D (250)
[2019.10.30-05.15.19:740][631]LogModuleManager: Shutting down and abandoning module WindowsMoviePlayer (248)
[2019.10.30-05.15.19:791][631]LogModuleManager: Shutting down and abandoning module WebMMoviePlayer (246)
[2019.10.30-05.15.19:827][631]LogModuleManager: Shutting down and abandoning module NetworkReplayStreaming (244)
[2019.10.30-05.15.19:828][631]LogModuleManager: Shutting down and abandoning module PacketHandler (242)
[2019.10.30-05.15.19:828][631]LogModuleManager: Shutting down and abandoning module ClothingSystemEditor (240)
[2019.10.30-05.15.19:828][631]LogModuleManager: Shutting down and abandoning module ClothingSystemRuntime (238)
[2019.10.30-05.15.19:901][631]LogModuleManager: Shutting down and abandoning module MediaAssets (236)
[2019.10.30-05.15.19:901][631]LogModuleManager: Shutting down and abandoning module Overlay (234)
[2019.10.30-05.15.19:901][631]LogModuleManager: Shutting down and abandoning module OverlayEditor (233)
[2019.10.30-05.15.19:901][631]LogModuleManager: Shutting down and abandoning module VREditor (230)
[2019.10.30-05.15.19:947][631]LogModuleManager: Shutting down and abandoning module StringTableEditor (228)
[2019.10.30-05.15.19:990][631]LogModuleManager: Shutting down and abandoning module GameplayTasksEditor (226)
[2019.10.30-05.15.19:990][631]LogModuleManager: Shutting down and abandoning module BehaviorTreeEditor (224)
[2019.10.30-05.15.20:021][631]LogModuleManager: Shutting down and abandoning module FunctionalTesting (222)
[2019.10.30-05.15.20:037][631]LogModuleManager: Shutting down and abandoning module CollisionAnalyzer (220)
[2019.10.30-05.15.20:070][631]LogModuleManager: Shutting down and abandoning module WorkspaceMenuStructure (219)
[2019.10.30-05.15.20:109][631]LogModuleManager: Shutting down and abandoning module UMG (216)
[2019.10.30-05.15.20:188][631]LogModuleManager: Shutting down and abandoning module UMGEditor (215)
[2019.10.30-05.15.20:211][631]LogModuleManager: Shutting down and abandoning module Sequencer (214)
[2019.10.30-05.15.20:298][631]LogModuleManager: Shutting down and abandoning module MessageLog (211)
[2019.10.30-05.15.20:299][631]LogModuleManager: Shutting down and abandoning module SlateReflector (206)
[2019.10.30-05.15.20:353][631]LogModuleManager: Shutting down and abandoning module Slate (204)
[2019.10.30-05.15.20:354][631]LogModuleManager: Shutting down and abandoning module LandscapeEditorUtilities (202)
[2019.10.30-05.15.20:354][631]LogModuleManager: Shutting down and abandoning module EditorStyle (200)
[2019.10.30-05.15.20:355][631]LogModuleManager: Shutting down and abandoning module UnrealEd (198)
[2019.10.30-05.15.20:358][631]LogModuleManager: Shutting down and abandoning module MRMesh (196)
[2019.10.30-05.15.20:358][631]LogModuleManager: Shutting down and abandoning module SourceCodeAccess (194)
[2019.10.30-05.15.20:358][631]LogModuleManager: Shutting down and abandoning module HeadMountedDisplay (192)
[2019.10.30-05.15.20:358][631]LogModuleManager: Shutting down and abandoning module XAudio2 (190)
[2019.10.30-05.15.20:358][631]LogModuleManager: Shutting down and abandoning module Networking (188)
[2019.10.30-05.15.20:358][631]LogModuleManager: Shutting down and abandoning module Core (186)
[2019.10.30-05.15.20:359][631]LogModuleManager: Shutting down and abandoning module KismetCompiler (184)
[2019.10.30-05.15.20:359][631]LogModuleManager: Shutting down and abandoning module MeshUtilities (182)
[2019.10.30-05.15.20:359][631]LogModuleManager: Shutting down and abandoning module MeshMergeUtilities (181)
[2019.10.30-05.15.20:364][631]LogModuleManager: Shutting down and abandoning module MeshReductionInterface (180)
[2019.10.30-05.15.20:364][631]LogModuleManager: Shutting down and abandoning module SkeletalMeshReduction (179)
[2019.10.30-05.15.20:480][631]LogModuleManager: Shutting down and abandoning module ProxyLODMeshReduction (177)
[2019.10.30-05.15.20:510][631]LogModuleManager: Shutting down and abandoning module QuadricMeshReduction (175)
[2019.10.30-05.15.20:516][631]LogModuleManager: Shutting down and abandoning module MaterialBaking (171)
[2019.10.30-05.15.20:527][631]LogModuleManager: Shutting down and abandoning module NullInstallBundleManager (166)
[2019.10.30-05.15.20:527][631]LogModuleManager: Shutting down and abandoning module DerivedDataCache (164)
[2019.10.30-05.15.20:543][631]LogDerivedDataCache: Shutdown
[2019.10.30-05.15.20:551][631]LogModuleManager: Shutting down and abandoning module XGEController (162)
[2019.10.30-05.15.20:551][631]LogXGEController: Cleaning working directory: C:/Users/ZackR/AppData/Local/Temp/UnrealXGEWorkingDir/
[2019.10.30-05.15.20:555][631]LogModuleManager: Shutting down and abandoning module TargetPlatform (160)
[2019.10.30-05.15.20:559][631]LogModuleManager: Shutting down and abandoning module VulkanShaderFormat (159)
[2019.10.30-05.15.20:568][631]LogModuleManager: Shutting down and abandoning module ShaderFormatVectorVM (157)
[2019.10.30-05.15.20:581][631]LogModuleManager: Shutting down and abandoning module ShaderFormatOpenGL (155)
[2019.10.30-05.15.20:585][631]LogModuleManager: Shutting down and abandoning module ShaderFormatD3D (153)
[2019.10.30-05.15.20:595][631]LogModuleManager: Shutting down and abandoning module MetalShaderFormat (151)
[2019.10.30-05.15.20:607][631]LogModuleManager: Shutting down and abandoning module TextureFormatUncompressed (149)
[2019.10.30-05.15.20:608][631]LogModuleManager: Shutting down and abandoning module TextureFormatPVR (147)
[2019.10.30-05.15.20:608][631]LogModuleManager: Shutting down and abandoning module TextureFormatDXT (145)
[2019.10.30-05.15.20:615][631]LogModuleManager: Shutting down and abandoning module TextureFormatIntelISPCTexComp (143)
[2019.10.30-05.15.20:617][631]LogModuleManager: Shutting down and abandoning module TextureFormatASTC (141)
[2019.10.30-05.15.20:617][631]LogModuleManager: Shutting down and abandoning module ImageWrapper (140)
[2019.10.30-05.15.20:617][631]LogModuleManager: Shutting down and abandoning module TextureFormatAndroid (137)
[2019.10.30-05.15.20:617][631]LogModuleManager: Shutting down and abandoning module AudioFormatOpus (135)
[2019.10.30-05.15.20:628][631]LogModuleManager: Shutting down and abandoning module AudioFormatOgg (133)
[2019.10.30-05.15.20:628][631]LogModuleManager: Shutting down and abandoning module AudioFormatADPCM (131)
[2019.10.30-05.15.20:628][631]LogModuleManager: Shutting down and abandoning module LuminTargetPlatform (129)
[2019.10.30-05.15.20:642][631]LogModuleManager: Shutting down and abandoning module LinuxTargetPlatform (127)
[2019.10.30-05.15.20:642][631]LogModuleManager: Shutting down and abandoning module LinuxServerTargetPlatform (125)
[2019.10.30-05.15.20:644][631]LogModuleManager: Shutting down and abandoning module LinuxNoEditorTargetPlatform (123)
[2019.10.30-05.15.20:645][631]LogModuleManager: Shutting down and abandoning module LinuxClientTargetPlatform (121)
[2019.10.30-05.15.20:645][631]LogModuleManager: Shutting down and abandoning module TVOSTargetPlatform (119)
[2019.10.30-05.15.20:647][631]LogModuleManager: Shutting down and abandoning module Messaging (117)
[2019.10.30-05.15.20:647][631]LogModuleManager: Shutting down and abandoning module IOSTargetPlatform (115)
[2019.10.30-05.15.20:648][631]LogModuleManager: Shutting down and abandoning module HTML5TargetPlatform (113)
[2019.10.30-05.15.20:648][631]LogModuleManager: Shutting down and abandoning module AndroidTargetPlatform (111)
[2019.10.30-05.15.20:657][631]LogModuleManager: Shutting down and abandoning module WindowsTargetPlatform (109)
[2019.10.30-05.15.20:658][631]LogModuleManager: Shutting down and abandoning module WindowsServerTargetPlatform (107)
[2019.10.30-05.15.20:658][631]LogModuleManager: Shutting down and abandoning module WindowsNoEditorTargetPlatform (105)
[2019.10.30-05.15.20:658][631]LogModuleManager: Shutting down and abandoning module WindowsClientTargetPlatform (103)
[2019.10.30-05.15.20:658][631]LogModuleManager: Shutting down and abandoning module MacTargetPlatform (101)
[2019.10.30-05.15.20:658][631]LogModuleManager: Shutting down and abandoning module MacServerTargetPlatform (99)
[2019.10.30-05.15.20:658][631]LogModuleManager: Shutting down and abandoning module MacNoEditorTargetPlatform (97)
[2019.10.30-05.15.20:658][631]LogModuleManager: Shutting down and abandoning module MacClientTargetPlatform (95)
[2019.10.30-05.15.20:659][631]LogModuleManager: Shutting down and abandoning module AllDesktopTargetPlatform (93)
[2019.10.30-05.15.20:659][631]LogModuleManager: Shutting down and abandoning module InputCore (90)
[2019.10.30-05.15.20:659][631]LogModuleManager: Shutting down and abandoning module Settings (88)
[2019.10.30-05.15.20:659][631]LogModuleManager: Shutting down and abandoning module DirectoryWatcher (86)
[2019.10.30-05.15.20:659][631]LogModuleManager: Shutting down and abandoning module PhysXCooking (84)
[2019.10.30-05.15.20:659][631]LogModuleManager: Shutting down and abandoning module WindowsPlatformFeatures (82)
[2019.10.30-05.15.20:672][631]LogModuleManager: Shutting down and abandoning module GameplayMediaEncoder (81)
[2019.10.30-05.15.20:777][631]LogModuleManager: Shutting down and abandoning module SteamVR (78)
[2019.10.30-05.15.20:787][631]LogHMD: Freeing OpenVRDLLHandle.
[2019.10.30-05.15.20:787][631]LogModuleManager: Shutting down and abandoning module OculusHMD (76)
[2019.10.30-05.15.20:791][631]LogModuleManager: Shutting down and abandoning module ExampleDeviceProfileSelector (74)
[2019.10.30-05.15.20:791][631]LogModuleManager: Shutting down and abandoning module LauncherChunkInstaller (72)
[2019.10.30-05.15.20:791][631]LogModuleManager: Shutting down and abandoning module OnlineBlueprintSupport (70)
[2019.10.30-05.15.20:792][631]LogModuleManager: Shutting down and abandoning module OnlineSubsystem (66)
[2019.10.30-05.15.20:887][631]LogModuleManager: Shutting down and abandoning module XMPP (61)
[2019.10.30-05.15.20:966][631]LogModuleManager: Shutting down and abandoning module WebSockets (60)
[2019.10.30-05.15.21:120][631]LogModuleManager: Shutting down and abandoning module HTTP (57)
[2019.10.30-05.15.21:121][631]LogHttp: Display: Http module shutting down, but needs to wait on 1 outstanding Http requests:
[2019.10.30-05.15.21:121][631]LogHttp: Display: 	verb=[POST] url=[https://datarouter.ol.epicgames.com/datarouter/api/v1/public/data?SessionID=%7B1D9A24DB-4265-AC18-7092-81B15DAA71BC%7D&AppID=UEEditor.Rocket.Release&AppVersion=4.23.1-9631420%2B%2B%2BUE4%2BRelease-4.23&UserID=8187fa774c171203c8ad7f8af2b6f973%7C92c60276752a456abbcb4fe760b65dc2%7C366e9e42-e361-4193-8c99-d88223d75935&AppEnvironment=datacollector-binary&UploadType=eteventstream] status=Processing
[2019.10.30-05.15.21:136][631]LogModuleManager: Shutting down and abandoning module SSL (56)
[2019.10.30-05.15.21:138][631]LogModuleManager: Shutting down and abandoning module WmfMedia (52)
[2019.10.30-05.15.21:284][631]LogModuleManager: Shutting down and abandoning module Media (51)
[2019.10.30-05.15.21:287][631]LogModuleManager: Shutting down and abandoning module MagicLeap (48)
[2019.10.30-05.15.21:310][631]LogModuleManager: Shutting down and abandoning module DatasmithContent (46)
[2019.10.30-05.15.21:310][631]LogModuleManager: Shutting down and abandoning module AISupportModule (44)
[2019.10.30-05.15.21:311][631]LogModuleManager: Shutting down and abandoning module PlatformCryptoOpenSSL (42)
[2019.10.30-05.15.21:360][631]LogModuleManager: Shutting down and abandoning module PlatformCrypto (40)
[2019.10.30-05.15.21:360][631]LogModuleManager: Shutting down and abandoning module AnimationModifiers (38)
[2019.10.30-05.15.21:383][631]LogModuleManager: Shutting down and abandoning module PropertyEditor (37)
[2019.10.30-05.15.21:434][631]LogModuleManager: Shutting down and abandoning module AudioEditor (34)
[2019.10.30-05.15.21:501][631]LogModuleManager: Shutting down and abandoning module TextureCompressor (32)
[2019.10.30-05.15.21:572][631]LogModuleManager: Shutting down and abandoning module RenderCore (30)
[2019.10.30-05.15.21:572][631]LogModuleManager: Shutting down and abandoning module Landscape (28)
[2019.10.30-05.15.21:572][631]LogModuleManager: Shutting down and abandoning module SlateRHIRenderer (26)
[2019.10.30-05.15.21:588][631]LogModuleManager: Shutting down and abandoning module OpenGLDrv (24)
[2019.10.30-05.15.21:604][631]LogModuleManager: Shutting down and abandoning module D3D11RHI (22)
[2019.10.30-05.15.21:605][631]LogModuleManager: Shutting down and abandoning module AnimGraphRuntime (20)
[2019.10.30-05.15.21:614][631]LogModuleManager: Shutting down and abandoning module Renderer (18)
[2019.10.30-05.15.21:614][631]LogModuleManager: Shutting down and abandoning module Engine (16)
[2019.10.30-05.15.21:615][631]LogModuleManager: Shutting down and abandoning module CoreUObject (14)
[2019.10.30-05.15.21:615][631]LogModuleManager: Shutting down and abandoning module NetworkFile (12)
[2019.10.30-05.15.21:624][631]LogModuleManager: Shutting down and abandoning module CookedIterativeFile (10)
[2019.10.30-05.15.21:624][631]LogModuleManager: Shutting down and abandoning module StreamingFile (8)
[2019.10.30-05.15.21:681][631]LogModuleManager: Shutting down and abandoning module SandboxFile (6)
[2019.10.30-05.15.21:681][631]LogModuleManager: Shutting down and abandoning module PakFile (4)
[2019.10.30-05.15.21:693][631]LogModuleManager: Shutting down and abandoning module RSA (3)
[2019.10.30-05.15.21:700][631]LogD3D11RHI: Shutdown
[2019.10.30-05.15.21:715][631]LogD3D11RHI: CleanupD3DDevice
[2019.10.30-05.15.21:752][631]LogRendererCore: FGlobalDynamicReadBuffer::Cleanup()
[2019.10.30-05.15.21:822][631]LogRendererCore: FGlobalDynamicReadBuffer::Cleanup()
[2019.10.30-05.15.21:823][631]LogRendererCore: FGlobalDynamicReadBuffer::Cleanup()
[2019.10.30-05.15.21:965][631]LogD3D11RHI: ~FD3D11DynamicRHI
[2019.10.30-05.15.22:045][631]LogExit: Exiting.
[2019.10.30-05.15.22:220][631]Log file closed, 10/29/19 22:15:22
