Log file open, 11/26/19 14:10:15
LogWindows: Failed to load 'aqProf.dll' (GetLastError=126)
LogWindows: File 'aqProf.dll' does not exist
LogWindows: Failed to load 'VtuneApi.dll' (GetLastError=126)
LogWindows: File 'VtuneApi.dll' does not exist
LogWindows: Failed to load 'VtuneApi32e.dll' (GetLastError=126)
LogWindows: File 'VtuneApi32e.dll' does not exist
LogConsoleResponse: Display: Failed to find resolution value strings in scalability ini. Falling back to default.
LogInit: Display: Running engine for game: GOAP_Ecosystem
LogPlatformFile: Not using cached read wrapper
LogTaskGraph: Started task graph with 5 named threads and 23 total threads with 3 sets of task threads.
LogStats: Stats thread started at 0.365911
LogD3D11RHI: Loaded GFSDK_Aftermath_Lib.x64.dll
LogICUInternationalization: ICU TimeZone Detection - Raw Offset: -8:00, Platform Override: ''
LogPluginManager: Mounting plugin Paper2D
LogPluginManager: Mounting plugin AISupport
LogPluginManager: Mounting plugin LightPropagationVolume
LogPluginManager: Mounting plugin ActorLayerUtilities
LogPluginManager: Mounting plugin AnimationSharing
LogPluginManager: Mounting plugin CLionSourceCodeAccess
LogPluginManager: Mounting plugin CodeLiteSourceCodeAccess
LogPluginManager: Mounting plugin GitSourceControl
LogPluginManager: Mounting plugin KDevelopSourceCodeAccess
LogPluginManager: Mounting plugin NullSourceCodeAccess
LogPluginManager: Mounting plugin PerforceSourceControl
LogPluginManager: Mounting plugin SubversionSourceControl
LogPluginManager: Mounting plugin UObjectPlugin
LogPluginManager: Mounting plugin VisualStudioCodeSourceCodeAccess
LogPluginManager: Mounting plugin VisualStudioSourceCodeAccess
LogPluginManager: Mounting plugin XCodeSourceCodeAccess
LogPluginManager: Mounting plugin AssetManagerEditor
LogPluginManager: Mounting plugin CryptoKeys
LogPluginManager: Mounting plugin CurveEditorTools
LogPluginManager: Mounting plugin DataValidation
LogPluginManager: Mounting plugin FacialAnimation
LogPluginManager: Mounting plugin GameplayTagsEditor
LogPluginManager: Mounting plugin MacGraphicsSwitching
LogPluginManager: Mounting plugin MaterialAnalyzer
LogPluginManager: Mounting plugin MobileLauncherProfileWizard
LogPluginManager: Mounting plugin PluginBrowser
LogPluginManager: Mounting plugin SpeedTreeImporter
LogPluginManager: Mounting plugin DatasmithContent
LogPluginManager: Mounting plugin VariantManagerContent
LogPluginManager: Mounting plugin AlembicImporter
LogPluginManager: Mounting plugin AutomationUtils
LogPluginManager: Mounting plugin BackChannel
LogPluginManager: Mounting plugin CharacterAI
LogPluginManager: Mounting plugin GeometryCache
LogPluginManager: Mounting plugin HTML5Networking
LogPluginManager: Mounting plugin PlatformCrypto
LogPluginManager: Mounting plugin ProxyLODPlugin
LogPluginManager: Mounting plugin SkeletalReduction
LogPluginManager: Mounting plugin MagicLeap
LogPluginManager: Mounting plugin MagicLeapMedia
LogPluginManager: Mounting plugin AndroidMedia
LogPluginManager: Mounting plugin AvfMedia
LogPluginManager: Mounting plugin ImgMedia
LogPluginManager: Mounting plugin MediaCompositing
LogPluginManager: Mounting plugin MediaPlayerEditor
LogPluginManager: Mounting plugin WebMMedia
LogPluginManager: Mounting plugin WmfMedia
LogPluginManager: Mounting plugin TcpMessaging
LogPluginManager: Mounting plugin UdpMessaging
LogPluginManager: Mounting plugin ActorSequence
LogPluginManager: Mounting plugin LevelSequenceEditor
LogPluginManager: Mounting plugin MatineeToLevelSequence
LogPluginManager: Mounting plugin NetcodeUnitTest
LogPluginManager: Mounting plugin NUTUnrealEngine4
LogPluginManager: Mounting plugin OnlineSubsystemGooglePlay
LogPluginManager: Mounting plugin OnlineSubsystemIOS
LogPluginManager: Mounting plugin OnlineSubsystem
LogPluginManager: Mounting plugin OnlineSubsystemNull
LogPluginManager: Mounting plugin OnlineSubsystemUtils
LogPluginManager: Mounting plugin LauncherChunkInstaller
LogPluginManager: Mounting plugin AndroidDeviceProfileSelector
LogPluginManager: Mounting plugin AndroidMoviePlayer
LogPluginManager: Mounting plugin AndroidPermission
LogPluginManager: Mounting plugin AppleImageUtils
LogPluginManager: Mounting plugin AppleMoviePlayer
LogPluginManager: Mounting plugin ArchVisCharacter
LogPluginManager: Mounting plugin AudioCapture
LogPluginManager: Mounting plugin CableComponent
LogPluginManager: Mounting plugin CustomMeshComponent
LogPluginManager: Mounting plugin EditableMesh
LogPluginManager: Mounting plugin ExampleDeviceProfileSelector
LogPluginManager: Mounting plugin GoogleCloudMessaging
LogPluginManager: Mounting plugin IOSDeviceProfileSelector
LogPluginManager: Mounting plugin LinuxDeviceProfileSelector
LogPluginManager: Mounting plugin LocationServicesBPLibrary
LogPluginManager: Mounting plugin MobilePatchingUtils
LogPluginManager: Mounting plugin OculusVR
LogPluginManager: Mounting plugin PhysXVehicles
LogPluginManager: Mounting plugin ProceduralMeshComponent
LogPluginManager: Mounting plugin RuntimePhysXCooking
LogPluginManager: Mounting plugin SignificanceManager
LogPluginManager: Mounting plugin SteamVR
LogPluginManager: Mounting plugin WebMMoviePlayer
LogPluginManager: Mounting plugin WindowsMoviePlayer
LogPluginManager: Mounting plugin ScreenshotTools
LogInit: Using libcurl 7.55.1-DEV
LogInit:  - built for x86_64-pc-win32
LogInit:  - supports SSL with OpenSSL/1.1.1
LogInit:  - supports HTTP deflate (compression) using libz 1.2.8
LogInit:  - other features:
LogInit:      CURL_VERSION_SSL
LogInit:      CURL_VERSION_LIBZ
LogInit:      CURL_VERSION_IPV6
LogInit:      CURL_VERSION_ASYNCHDNS
LogInit:      CURL_VERSION_LARGEFILE
LogInit:      CURL_VERSION_IDN
LogInit:  CurlRequestOptions (configurable via config and command line):
LogInit:  - bVerifyPeer = true  - Libcurl will verify peer certificate
LogInit:  - bUseHttpProxy = false  - Libcurl will NOT use HTTP proxy
LogInit:  - bDontReuseConnections = false  - Libcurl will reuse connections
LogInit:  - MaxHostConnections = 16  - Libcurl will limit the number of connections to a host
LogInit:  - LocalHostAddr = Default
LogInit:  - BufferSize = 65536
LogOnline: OSS: Creating online subsystem instance for: NULL
LogInit: WinSock: version 1.1 (2.2), MaxSocks=32767, MaxUdp=65467
LogInit: Build: ++UE4+Release-4.23-CL-9631420
LogInit: Engine Version: 4.23.1-9631420+++UE4+Release-4.23
LogInit: Compatible Engine Version: 4.23.0-8386587+++UE4+Release-4.23
LogInit: Net CL: 8386587
LogInit: OS: Windows 10 (Release 1903) (), CPU: Intel(R) Core(TM) i7-6700HQ CPU @ 2.60GHz, GPU: Intel(R) HD Graphics 530
LogInit: Compiled (64-bit): Oct 18 2019 02:07:44
LogInit: Compiled with Visual C++: 19.16.27030.01
LogInit: Build Configuration: Development
LogInit: Branch Name: ++UE4+Release-4.23
LogInit: Command Line:  -skipcompile
LogInit: Base Directory: D:/Epic Games/UE_4.23/Engine/Binaries/Win64/
LogInit: Installed Engine Build: 1
LogDevObjectVersion: Number of dev versions registered: 23
LogDevObjectVersion:   Dev-Blueprints (B0D832E4-1F89-4F0D-ACCF-7EB736FD4AA2): 10
LogDevObjectVersion:   Dev-Build (E1C64328-A22C-4D53-A36C-8E866417BD8C): 0
LogDevObjectVersion:   Dev-Core (375EC13C-06E4-48FB-B500-84F0262A717E): 3
LogDevObjectVersion:   Dev-Editor (E4B068ED-F494-42E9-A231-DA0B2E46BB41): 34
LogDevObjectVersion:   Dev-Framework (CFFC743F-43B0-4480-9391-14DF171D2073): 35
LogDevObjectVersion:   Dev-Mobile (B02B49B5-BB20-44E9-A304-32B752E40360): 2
LogDevObjectVersion:   Dev-Networking (A4E4105C-59A1-49B5-A7C5-40C4547EDFEE): 0
LogDevObjectVersion:   Dev-Online (39C831C9-5AE6-47DC-9A44-9C173E1C8E7C): 0
LogDevObjectVersion:   Dev-Physics (78F01B33-EBEA-4F98-B9B4-84EACCB95AA2): 0
LogDevObjectVersion:   Dev-Platform (6631380F-2D4D-43E0-8009-CF276956A95A): 0
LogDevObjectVersion:   Dev-Rendering (12F88B9F-8875-4AFC-A67C-D90C383ABD29): 31
LogDevObjectVersion:   Dev-Sequencer (7B5AE74C-D270-4C10-A958-57980B212A5A): 11
LogDevObjectVersion:   Dev-VR (D7296918-1DD6-4BDD-9DE2-64A83CC13884): 2
LogDevObjectVersion:   Dev-LoadTimes (C2A15278-BFE7-4AFE-6C17-90FF531DF755): 1
LogDevObjectVersion:   Private-Geometry (6EACA3D4-40EC-4CC1-B786-8BED09428FC5): 3
LogDevObjectVersion:   Dev-AnimPhys (29E575DD-E0A3-4627-9D10-D276232CDCEA): 17
LogDevObjectVersion:   Dev-Anim (AF43A65D-7FD3-4947-9873-3E8ED9C1BB05): 2
LogDevObjectVersion:   Dev-ReflectionCapture (6B266CEC-1EC7-4B8F-A30B-E4D90942FC07): 1
LogDevObjectVersion:   Dev-Automation (0DF73D61-A23F-47EA-B727-89E90C41499A): 1
LogDevObjectVersion:   FortniteMain (601D1886-AC64-4F84-AA16-D3DE0DEAC7D6): 27
LogDevObjectVersion:   Dev-Enterprise (9DFFBCD6-494F-0158-E221-12823C92A888): 6
LogDevObjectVersion:   Dev-Niagara (F2AED0AC-9AFE-416F-8664-AA7FFA26D6FC): 1
LogDevObjectVersion:   Dev-Destruction (174F1F0B-B4C6-45A5-B13F-2EE8D0FB917D): 9
LogInit: Presizing for max 16777216 objects, including 0 objects not considered by GC, pre-allocating 0 bytes for permanent pool.
LogInit: Object subsystem initialized
LogConfig: Setting CVar [[con.DebugEarlyDefault:1]]
LogConfig: Setting CVar [[r.setres:1280x720]]
[2019.11.26-22.10.16:842][  0]LogConfig: Setting CVar [[r.VSync:0]]
[2019.11.26-22.10.16:843][  0]LogConfig: Setting CVar [[r.RHICmdBypass:0]]
[2019.11.26-22.10.16:843][  0]LogConfig: Applying CVar settings from Section [/Script/Engine.RendererSettings] File [D:/GOAP_Ecosystem/GOAP_Ecosystem/Saved/Config/Windows/Engine.ini]
[2019.11.26-22.10.16:843][  0]LogConfig: Setting CVar [[r.GPUCrashDebugging:0]]
[2019.11.26-22.10.16:843][  0]LogConfig: Applying CVar settings from Section [/Script/Engine.RendererOverrideSettings] File [D:/GOAP_Ecosystem/GOAP_Ecosystem/Saved/Config/Windows/Engine.ini]
[2019.11.26-22.10.16:843][  0]LogConfig: Applying CVar settings from Section [/Script/Engine.StreamingSettings] File [D:/GOAP_Ecosystem/GOAP_Ecosystem/Saved/Config/Windows/Engine.ini]
[2019.11.26-22.10.16:843][  0]LogConfig: Setting CVar [[s.MinBulkDataSizeForAsyncLoading:131072]]
[2019.11.26-22.10.16:843][  0]LogConfig: Setting CVar [[s.AsyncLoadingThreadEnabled:0]]
[2019.11.26-22.10.16:843][  0]LogConfig: Setting CVar [[s.EventDrivenLoaderEnabled:1]]
[2019.11.26-22.10.16:843][  0]LogConfig: Setting CVar [[s.WarnIfTimeLimitExceeded:0]]
[2019.11.26-22.10.16:843][  0]LogConfig: Setting CVar [[s.TimeLimitExceededMultiplier:1.5]]
[2019.11.26-22.10.16:843][  0]LogConfig: Setting CVar [[s.TimeLimitExceededMinTime:0.005]]
[2019.11.26-22.10.16:844][  0]LogConfig: Setting CVar [[s.UseBackgroundLevelStreaming:1]]
[2019.11.26-22.10.16:844][  0]LogConfig: Setting CVar [[s.PriorityAsyncLoadingExtraTime:15.0]]
[2019.11.26-22.10.16:844][  0]LogConfig: Setting CVar [[s.LevelStreamingActorsUpdateTimeLimit:5.0]]
[2019.11.26-22.10.16:844][  0]LogConfig: Setting CVar [[s.PriorityLevelStreamingActorsUpdateExtraTime:5.0]]
[2019.11.26-22.10.16:844][  0]LogConfig: Setting CVar [[s.LevelStreamingComponentsRegistrationGranularity:10]]
[2019.11.26-22.10.16:844][  0]LogConfig: Setting CVar [[s.UnregisterComponentsTimeLimit:1.0]]
[2019.11.26-22.10.16:844][  0]LogConfig: Setting CVar [[s.LevelStreamingComponentsUnregistrationGranularity:5]]
[2019.11.26-22.10.16:845][  0]LogConfig: Applying CVar settings from Section [/Script/Engine.GarbageCollectionSettings] File [D:/GOAP_Ecosystem/GOAP_Ecosystem/Saved/Config/Windows/Engine.ini]
[2019.11.26-22.10.16:845][  0]LogConfig: Setting CVar [[gc.MaxObjectsNotConsideredByGC:1]]
[2019.11.26-22.10.16:845][  0]LogConfig: Setting CVar [[gc.SizeOfPermanentObjectPool:0]]
[2019.11.26-22.10.16:845][  0]LogConfig: Setting CVar [[gc.FlushStreamingOnGC:0]]
[2019.11.26-22.10.16:845][  0]LogConfig: Setting CVar [[gc.NumRetriesBeforeForcingGC:10]]
[2019.11.26-22.10.16:845][  0]LogConfig: Setting CVar [[gc.AllowParallelGC:1]]
[2019.11.26-22.10.16:845][  0]LogConfig: Setting CVar [[gc.TimeBetweenPurgingPendingKillObjects:61.1]]
[2019.11.26-22.10.16:845][  0]LogConfig: Setting CVar [[gc.MaxObjectsInEditor:16777216]]
[2019.11.26-22.10.16:846][  0]LogConfig: Setting CVar [[gc.IncrementalBeginDestroyEnabled:1]]
[2019.11.26-22.10.16:846][  0]LogConfig: Setting CVar [[gc.CreateGCClusters:1]]
[2019.11.26-22.10.16:846][  0]LogConfig: Setting CVar [[gc.MinGCClusterSize:5]]
[2019.11.26-22.10.16:846][  0]LogConfig: Setting CVar [[gc.ActorClusteringEnabled:0]]
[2019.11.26-22.10.16:846][  0]LogConfig: Setting CVar [[gc.BlueprintClusteringEnabled:0]]
[2019.11.26-22.10.16:846][  0]LogConfig: Setting CVar [[gc.UseDisregardForGCOnDedicatedServers:0]]
[2019.11.26-22.10.16:846][  0]LogConfig: Applying CVar settings from Section [/Script/Engine.NetworkSettings] File [D:/GOAP_Ecosystem/GOAP_Ecosystem/Saved/Config/Windows/Engine.ini]
[2019.11.26-22.10.16:846][  0]LogConfig: Applying CVar settings from Section [/Script/UnrealEd.CookerSettings] File [D:/GOAP_Ecosystem/GOAP_Ecosystem/Saved/Config/Windows/Engine.ini]
[2019.11.26-22.10.16:862][  0]LogConfig: Applying CVar settings from Section [ViewDistanceQuality@3] File [D:/GOAP_Ecosystem/GOAP_Ecosystem/Saved/Config/Windows/Scalability.ini]
[2019.11.26-22.10.16:862][  0]LogConfig: Setting CVar [[r.SkeletalMeshLODBias:0]]
[2019.11.26-22.10.16:862][  0]LogConfig: Setting CVar [[r.ViewDistanceScale:1.0]]
[2019.11.26-22.10.16:863][  0]LogConfig: Applying CVar settings from Section [AntiAliasingQuality@3] File [D:/GOAP_Ecosystem/GOAP_Ecosystem/Saved/Config/Windows/Scalability.ini]
[2019.11.26-22.10.16:863][  0]LogConfig: Setting CVar [[r.PostProcessAAQuality:4]]
[2019.11.26-22.10.16:863][  0]LogConfig: Applying CVar settings from Section [ShadowQuality@3] File [D:/GOAP_Ecosystem/GOAP_Ecosystem/Saved/Config/Windows/Scalability.ini]
[2019.11.26-22.10.16:863][  0]LogConfig: Setting CVar [[r.LightFunctionQuality:1]]
[2019.11.26-22.10.16:863][  0]LogConfig: Setting CVar [[r.ShadowQuality:5]]
[2019.11.26-22.10.16:863][  0]LogConfig: Setting CVar [[r.Shadow.CSM.MaxCascades:10]]
[2019.11.26-22.10.16:863][  0]LogConfig: Setting CVar [[r.Shadow.MaxResolution:2048]]
[2019.11.26-22.10.16:863][  0]LogConfig: Setting CVar [[r.Shadow.MaxCSMResolution:2048]]
[2019.11.26-22.10.16:863][  0]LogConfig: Setting CVar [[r.Shadow.RadiusThreshold:0.01]]
[2019.11.26-22.10.16:863][  0]LogConfig: Setting CVar [[r.Shadow.DistanceScale:1.0]]
[2019.11.26-22.10.16:863][  0]LogConfig: Setting CVar [[r.Shadow.CSM.TransitionScale:1.0]]
[2019.11.26-22.10.16:864][  0]LogConfig: Setting CVar [[r.Shadow.PreShadowResolutionFactor:1.0]]
[2019.11.26-22.10.16:864][  0]LogConfig: Setting CVar [[r.DistanceFieldShadowing:1]]
[2019.11.26-22.10.16:864][  0]LogConfig: Setting CVar [[r.DistanceFieldAO:1]]
[2019.11.26-22.10.16:864][  0]LogConfig: Setting CVar [[r.AOQuality:2]]
[2019.11.26-22.10.16:864][  0]LogConfig: Setting CVar [[r.VolumetricFog:1]]
[2019.11.26-22.10.16:864][  0]LogConfig: Setting CVar [[r.VolumetricFog.GridPixelSize:8]]
[2019.11.26-22.10.16:864][  0]LogConfig: Setting CVar [[r.VolumetricFog.GridSizeZ:128]]
[2019.11.26-22.10.16:864][  0]LogConfig: Setting CVar [[r.VolumetricFog.HistoryMissSupersampleCount:4]]
[2019.11.26-22.10.16:864][  0]LogConfig: Setting CVar [[r.LightMaxDrawDistanceScale:1]]
[2019.11.26-22.10.16:864][  0]LogConfig: Setting CVar [[r.CapsuleShadows:1]]
[2019.11.26-22.10.16:864][  0]LogConfig: Applying CVar settings from Section [PostProcessQuality@3] File [D:/GOAP_Ecosystem/GOAP_Ecosystem/Saved/Config/Windows/Scalability.ini]
[2019.11.26-22.10.16:865][  0]LogConfig: Setting CVar [[r.MotionBlurQuality:4]]
[2019.11.26-22.10.16:865][  0]LogConfig: Setting CVar [[r.AmbientOcclusionMipLevelFactor:0.4]]
[2019.11.26-22.10.16:865][  0]LogConfig: Setting CVar [[r.AmbientOcclusionMaxQuality:100]]
[2019.11.26-22.10.16:865][  0]LogConfig: Setting CVar [[r.AmbientOcclusionLevels:-1]]
[2019.11.26-22.10.16:865][  0]LogConfig: Setting CVar [[r.AmbientOcclusionRadiusScale:1.0]]
[2019.11.26-22.10.16:865][  0]LogConfig: Setting CVar [[r.DepthOfFieldQuality:2]]
[2019.11.26-22.10.16:865][  0]LogConfig: Setting CVar [[r.RenderTargetPoolMin:400]]
[2019.11.26-22.10.16:865][  0]LogConfig: Setting CVar [[r.LensFlareQuality:2]]
[2019.11.26-22.10.16:866][  0]LogConfig: Setting CVar [[r.SceneColorFringeQuality:1]]
[2019.11.26-22.10.16:866][  0]LogConfig: Setting CVar [[r.EyeAdaptationQuality:2]]
[2019.11.26-22.10.16:866][  0]LogConfig: Setting CVar [[r.BloomQuality:5]]
[2019.11.26-22.10.16:866][  0]LogConfig: Setting CVar [[r.FastBlurThreshold:100]]
[2019.11.26-22.10.16:866][  0]LogConfig: Setting CVar [[r.Upscale.Quality:3]]
[2019.11.26-22.10.16:866][  0]LogConfig: Setting CVar [[r.Tonemapper.GrainQuantization:1]]
[2019.11.26-22.10.16:867][  0]LogConfig: Setting CVar [[r.LightShaftQuality:1]]
[2019.11.26-22.10.16:867][  0]LogConfig: Setting CVar [[r.Filter.SizeScale:1]]
[2019.11.26-22.10.16:867][  0]LogConfig: Setting CVar [[r.Tonemapper.Quality:5]]
[2019.11.26-22.10.16:867][  0]LogConfig: Setting CVar [[r.DOF.Gather.AccumulatorQuality:1        ; higher gathering accumulator quality]]
[2019.11.26-22.10.16:867][  0]LogConfig: Setting CVar [[r.DOF.Gather.PostfilterMethod:1          ; Median3x3 postfilering method]]
[2019.11.26-22.10.16:867][  0]LogConfig: Setting CVar [[r.DOF.Gather.EnableBokehSettings:0       ; no bokeh simulation when gathering]]
[2019.11.26-22.10.16:867][  0]LogConfig: Setting CVar [[r.DOF.Gather.RingCount:4                 ; medium number of samples when gathering]]
[2019.11.26-22.10.16:867][  0]LogConfig: Setting CVar [[r.DOF.Scatter.ForegroundCompositing:1    ; additive foreground scattering]]
[2019.11.26-22.10.16:867][  0]LogConfig: Setting CVar [[r.DOF.Scatter.BackgroundCompositing:2    ; additive background scattering]]
[2019.11.26-22.10.16:867][  0]LogConfig: Setting CVar [[r.DOF.Scatter.EnableBokehSettings:1      ; bokeh simulation when scattering]]
[2019.11.26-22.10.16:868][  0]LogConfig: Setting CVar [[r.DOF.Scatter.MaxSpriteRatio:0.1         ; only a maximum of 10% of scattered bokeh]]
[2019.11.26-22.10.16:868][  0]LogConfig: Setting CVar [[r.DOF.Recombine.Quality:1                ; cheap slight out of focus]]
[2019.11.26-22.10.16:868][  0]LogConfig: Setting CVar [[r.DOF.Recombine.EnableBokehSettings:0    ; no bokeh simulation on slight out of focus]]
[2019.11.26-22.10.16:868][  0]LogConfig: Setting CVar [[r.DOF.TemporalAAQuality:1                ; more stable temporal accumulation]]
[2019.11.26-22.10.16:868][  0]LogConfig: Setting CVar [[r.DOF.Kernel.MaxForegroundRadius:0.025]]
[2019.11.26-22.10.16:868][  0]LogConfig: Setting CVar [[r.DOF.Kernel.MaxBackgroundRadius:0.025]]
[2019.11.26-22.10.16:868][  0]LogConfig: Applying CVar settings from Section [TextureQuality@3] File [D:/GOAP_Ecosystem/GOAP_Ecosystem/Saved/Config/Windows/Scalability.ini]
[2019.11.26-22.10.16:868][  0]LogConfig: Setting CVar [[r.Streaming.MipBias:0]]
[2019.11.26-22.10.16:868][  0]LogConfig: Setting CVar [[r.Streaming.AmortizeCPUToGPUCopy:0]]
[2019.11.26-22.10.16:868][  0]LogConfig: Setting CVar [[r.Streaming.MaxNumTexturesToStreamPerFrame:0]]
[2019.11.26-22.10.16:869][  0]LogConfig: Setting CVar [[r.Streaming.Boost:1]]
[2019.11.26-22.10.16:869][  0]LogConfig: Setting CVar [[r.MaxAnisotropy:8]]
[2019.11.26-22.10.16:869][  0]LogConfig: Setting CVar [[r.Streaming.LimitPoolSizeToVRAM:0]]
[2019.11.26-22.10.16:869][  0]LogConfig: Setting CVar [[r.Streaming.PoolSize:1000]]
[2019.11.26-22.10.16:869][  0]LogConfig: Setting CVar [[r.Streaming.MaxEffectiveScreenSize:0]]
[2019.11.26-22.10.16:869][  0]LogConfig: Applying CVar settings from Section [EffectsQuality@3] File [D:/GOAP_Ecosystem/GOAP_Ecosystem/Saved/Config/Windows/Scalability.ini]
[2019.11.26-22.10.16:869][  0]LogConfig: Setting CVar [[r.TranslucencyLightingVolumeDim:64]]
[2019.11.26-22.10.16:869][  0]LogConfig: Setting CVar [[r.RefractionQuality:2]]
[2019.11.26-22.10.16:869][  0]LogConfig: Setting CVar [[r.SSR.Quality:3]]
[2019.11.26-22.10.16:869][  0]LogConfig: Setting CVar [[r.SceneColorFormat:4]]
[2019.11.26-22.10.16:869][  0]LogConfig: Setting CVar [[r.DetailMode:2]]
[2019.11.26-22.10.16:869][  0]LogConfig: Setting CVar [[r.TranslucencyVolumeBlur:1]]
[2019.11.26-22.10.16:869][  0]LogConfig: Setting CVar [[r.MaterialQualityLevel:1 ; High quality]]
[2019.11.26-22.10.16:870][  0]LogConfig: Setting CVar [[r.SSS.Scale:1]]
[2019.11.26-22.10.16:870][  0]LogConfig: Setting CVar [[r.SSS.SampleSet:2]]
[2019.11.26-22.10.16:870][  0]LogConfig: Setting CVar [[r.SSS.Quality:1]]
[2019.11.26-22.10.16:870][  0]LogConfig: Setting CVar [[r.SSS.HalfRes:1]]
[2019.11.26-22.10.16:870][  0]LogConfig: Setting CVar [[r.EmitterSpawnRateScale:1.0]]
[2019.11.26-22.10.16:870][  0]LogConfig: Setting CVar [[r.ParticleLightQuality:2]]
[2019.11.26-22.10.16:870][  0]LogConfig: Applying CVar settings from Section [FoliageQuality@3] File [D:/GOAP_Ecosystem/GOAP_Ecosystem/Saved/Config/Windows/Scalability.ini]
[2019.11.26-22.10.16:870][  0]LogConfig: Setting CVar [[foliage.DensityScale:1.0]]
[2019.11.26-22.10.16:870][  0]LogConfig: Setting CVar [[grass.DensityScale:1.0]]
[2019.11.26-22.10.16:870][  0]LogInit: Selected Device Profile: [Windows]
[2019.11.26-22.10.16:870][  0]LogInit: Applying CVar settings loaded from the selected device profile: [Windows]
[2019.11.26-22.10.16:874][  0]LogHAL: Display: Platform has ~ 16 GB [17059831808 / 17179869184 / 16], which maps to Larger [LargestMinGB=32, LargerMinGB=12, DefaultMinGB=8, SmallerMinGB=6, SmallestMinGB=0)
[2019.11.26-22.10.16:875][  0]LogInit: Going up to parent DeviceProfile []
[2019.11.26-22.10.16:875][  0]LogConfig: Applying CVar settings from Section [ViewDistanceQuality@3] File [D:/GOAP_Ecosystem/GOAP_Ecosystem/Saved/Config/Windows/Scalability.ini]
[2019.11.26-22.10.16:875][  0]LogConfig: Setting CVar [[r.SkeletalMeshLODBias:0]]
[2019.11.26-22.10.16:875][  0]LogConfig: Setting CVar [[r.ViewDistanceScale:1.0]]
[2019.11.26-22.10.16:875][  0]LogConfig: Applying CVar settings from Section [AntiAliasingQuality@3] File [D:/GOAP_Ecosystem/GOAP_Ecosystem/Saved/Config/Windows/Scalability.ini]
[2019.11.26-22.10.16:875][  0]LogConfig: Setting CVar [[r.PostProcessAAQuality:4]]
[2019.11.26-22.10.16:875][  0]LogConfig: Applying CVar settings from Section [ShadowQuality@3] File [D:/GOAP_Ecosystem/GOAP_Ecosystem/Saved/Config/Windows/Scalability.ini]
[2019.11.26-22.10.16:875][  0]LogConfig: Setting CVar [[r.LightFunctionQuality:1]]
[2019.11.26-22.10.16:875][  0]LogConfig: Setting CVar [[r.ShadowQuality:5]]
[2019.11.26-22.10.16:875][  0]LogConfig: Setting CVar [[r.Shadow.CSM.MaxCascades:10]]
[2019.11.26-22.10.16:875][  0]LogConfig: Setting CVar [[r.Shadow.MaxResolution:2048]]
[2019.11.26-22.10.16:875][  0]LogConfig: Setting CVar [[r.Shadow.MaxCSMResolution:2048]]
[2019.11.26-22.10.16:876][  0]LogConfig: Setting CVar [[r.Shadow.RadiusThreshold:0.01]]
[2019.11.26-22.10.16:876][  0]LogConfig: Setting CVar [[r.Shadow.DistanceScale:1.0]]
[2019.11.26-22.10.16:876][  0]LogConfig: Setting CVar [[r.Shadow.CSM.TransitionScale:1.0]]
[2019.11.26-22.10.16:876][  0]LogConfig: Setting CVar [[r.Shadow.PreShadowResolutionFactor:1.0]]
[2019.11.26-22.10.16:876][  0]LogConfig: Setting CVar [[r.DistanceFieldShadowing:1]]
[2019.11.26-22.10.16:876][  0]LogConfig: Setting CVar [[r.DistanceFieldAO:1]]
[2019.11.26-22.10.16:876][  0]LogConfig: Setting CVar [[r.AOQuality:2]]
[2019.11.26-22.10.16:876][  0]LogConfig: Setting CVar [[r.VolumetricFog:1]]
[2019.11.26-22.10.16:876][  0]LogConfig: Setting CVar [[r.VolumetricFog.GridPixelSize:8]]
[2019.11.26-22.10.16:876][  0]LogConfig: Setting CVar [[r.VolumetricFog.GridSizeZ:128]]
[2019.11.26-22.10.16:876][  0]LogConfig: Setting CVar [[r.VolumetricFog.HistoryMissSupersampleCount:4]]
[2019.11.26-22.10.16:876][  0]LogConfig: Setting CVar [[r.LightMaxDrawDistanceScale:1]]
[2019.11.26-22.10.16:877][  0]LogConfig: Setting CVar [[r.CapsuleShadows:1]]
[2019.11.26-22.10.16:877][  0]LogConfig: Applying CVar settings from Section [PostProcessQuality@3] File [D:/GOAP_Ecosystem/GOAP_Ecosystem/Saved/Config/Windows/Scalability.ini]
[2019.11.26-22.10.16:877][  0]LogConfig: Setting CVar [[r.MotionBlurQuality:4]]
[2019.11.26-22.10.16:877][  0]LogConfig: Setting CVar [[r.AmbientOcclusionMipLevelFactor:0.4]]
[2019.11.26-22.10.16:877][  0]LogConfig: Setting CVar [[r.AmbientOcclusionMaxQuality:100]]
[2019.11.26-22.10.16:878][  0]LogConfig: Setting CVar [[r.AmbientOcclusionLevels:-1]]
[2019.11.26-22.10.16:878][  0]LogConfig: Setting CVar [[r.AmbientOcclusionRadiusScale:1.0]]
[2019.11.26-22.10.16:878][  0]LogConfig: Setting CVar [[r.DepthOfFieldQuality:2]]
[2019.11.26-22.10.16:878][  0]LogConfig: Setting CVar [[r.RenderTargetPoolMin:400]]
[2019.11.26-22.10.16:878][  0]LogConfig: Setting CVar [[r.LensFlareQuality:2]]
[2019.11.26-22.10.16:878][  0]LogConfig: Setting CVar [[r.SceneColorFringeQuality:1]]
[2019.11.26-22.10.16:878][  0]LogConfig: Setting CVar [[r.EyeAdaptationQuality:2]]
[2019.11.26-22.10.16:879][  0]LogConfig: Setting CVar [[r.BloomQuality:5]]
[2019.11.26-22.10.16:879][  0]LogConfig: Setting CVar [[r.FastBlurThreshold:100]]
[2019.11.26-22.10.16:879][  0]LogConfig: Setting CVar [[r.Upscale.Quality:3]]
[2019.11.26-22.10.16:879][  0]LogConfig: Setting CVar [[r.Tonemapper.GrainQuantization:1]]
[2019.11.26-22.10.16:879][  0]LogConfig: Setting CVar [[r.LightShaftQuality:1]]
[2019.11.26-22.10.16:879][  0]LogConfig: Setting CVar [[r.Filter.SizeScale:1]]
[2019.11.26-22.10.16:879][  0]LogConfig: Setting CVar [[r.Tonemapper.Quality:5]]
[2019.11.26-22.10.16:879][  0]LogConfig: Setting CVar [[r.DOF.Gather.AccumulatorQuality:1        ; higher gathering accumulator quality]]
[2019.11.26-22.10.16:879][  0]LogConfig: Setting CVar [[r.DOF.Gather.PostfilterMethod:1          ; Median3x3 postfilering method]]
[2019.11.26-22.10.16:880][  0]LogConfig: Setting CVar [[r.DOF.Gather.EnableBokehSettings:0       ; no bokeh simulation when gathering]]
[2019.11.26-22.10.16:880][  0]LogConfig: Setting CVar [[r.DOF.Gather.RingCount:4                 ; medium number of samples when gathering]]
[2019.11.26-22.10.16:880][  0]LogConfig: Setting CVar [[r.DOF.Scatter.ForegroundCompositing:1    ; additive foreground scattering]]
[2019.11.26-22.10.16:880][  0]LogConfig: Setting CVar [[r.DOF.Scatter.BackgroundCompositing:2    ; additive background scattering]]
[2019.11.26-22.10.16:880][  0]LogConfig: Setting CVar [[r.DOF.Scatter.EnableBokehSettings:1      ; bokeh simulation when scattering]]
[2019.11.26-22.10.16:880][  0]LogConfig: Setting CVar [[r.DOF.Scatter.MaxSpriteRatio:0.1         ; only a maximum of 10% of scattered bokeh]]
[2019.11.26-22.10.16:880][  0]LogConfig: Setting CVar [[r.DOF.Recombine.Quality:1                ; cheap slight out of focus]]
[2019.11.26-22.10.16:880][  0]LogConfig: Setting CVar [[r.DOF.Recombine.EnableBokehSettings:0    ; no bokeh simulation on slight out of focus]]
[2019.11.26-22.10.16:880][  0]LogConfig: Setting CVar [[r.DOF.TemporalAAQuality:1                ; more stable temporal accumulation]]
[2019.11.26-22.10.16:880][  0]LogConfig: Setting CVar [[r.DOF.Kernel.MaxForegroundRadius:0.025]]
[2019.11.26-22.10.16:880][  0]LogConfig: Setting CVar [[r.DOF.Kernel.MaxBackgroundRadius:0.025]]
[2019.11.26-22.10.16:880][  0]LogConfig: Applying CVar settings from Section [TextureQuality@3] File [D:/GOAP_Ecosystem/GOAP_Ecosystem/Saved/Config/Windows/Scalability.ini]
[2019.11.26-22.10.16:881][  0]LogConfig: Setting CVar [[r.Streaming.MipBias:0]]
[2019.11.26-22.10.16:881][  0]LogConfig: Setting CVar [[r.Streaming.AmortizeCPUToGPUCopy:0]]
[2019.11.26-22.10.16:881][  0]LogConfig: Setting CVar [[r.Streaming.MaxNumTexturesToStreamPerFrame:0]]
[2019.11.26-22.10.16:881][  0]LogConfig: Setting CVar [[r.Streaming.Boost:1]]
[2019.11.26-22.10.16:881][  0]LogConfig: Setting CVar [[r.MaxAnisotropy:8]]
[2019.11.26-22.10.16:881][  0]LogConfig: Setting CVar [[r.Streaming.LimitPoolSizeToVRAM:0]]
[2019.11.26-22.10.16:881][  0]LogConfig: Setting CVar [[r.Streaming.PoolSize:1000]]
[2019.11.26-22.10.16:881][  0]LogConfig: Setting CVar [[r.Streaming.MaxEffectiveScreenSize:0]]
[2019.11.26-22.10.16:881][  0]LogConfig: Applying CVar settings from Section [EffectsQuality@3] File [D:/GOAP_Ecosystem/GOAP_Ecosystem/Saved/Config/Windows/Scalability.ini]
[2019.11.26-22.10.16:881][  0]LogConfig: Setting CVar [[r.TranslucencyLightingVolumeDim:64]]
[2019.11.26-22.10.16:881][  0]LogConfig: Setting CVar [[r.RefractionQuality:2]]
[2019.11.26-22.10.16:882][  0]LogConfig: Setting CVar [[r.SSR.Quality:3]]
[2019.11.26-22.10.16:882][  0]LogConfig: Setting CVar [[r.SceneColorFormat:4]]
[2019.11.26-22.10.16:882][  0]LogConfig: Setting CVar [[r.DetailMode:2]]
[2019.11.26-22.10.16:882][  0]LogConfig: Setting CVar [[r.TranslucencyVolumeBlur:1]]
[2019.11.26-22.10.16:882][  0]LogConfig: Setting CVar [[r.MaterialQualityLevel:1 ; High quality]]
[2019.11.26-22.10.16:882][  0]LogConfig: Setting CVar [[r.SSS.Scale:1]]
[2019.11.26-22.10.16:882][  0]LogConfig: Setting CVar [[r.SSS.SampleSet:2]]
[2019.11.26-22.10.16:882][  0]LogConfig: Setting CVar [[r.SSS.Quality:1]]
[2019.11.26-22.10.16:882][  0]LogConfig: Setting CVar [[r.SSS.HalfRes:1]]
[2019.11.26-22.10.16:882][  0]LogConfig: Setting CVar [[r.EmitterSpawnRateScale:1.0]]
[2019.11.26-22.10.16:882][  0]LogConfig: Setting CVar [[r.ParticleLightQuality:2]]
[2019.11.26-22.10.16:883][  0]LogConfig: Applying CVar settings from Section [FoliageQuality@3] File [D:/GOAP_Ecosystem/GOAP_Ecosystem/Saved/Config/Windows/Scalability.ini]
[2019.11.26-22.10.16:883][  0]LogConfig: Setting CVar [[foliage.DensityScale:1.0]]
[2019.11.26-22.10.16:883][  0]LogConfig: Setting CVar [[grass.DensityScale:1.0]]
[2019.11.26-22.10.16:883][  0]LogConfig: Applying CVar settings from Section [Startup] File [../../../Engine/Config/ConsoleVariables.ini]
[2019.11.26-22.10.16:884][  0]LogConfig: Setting CVar [[net.UseAdaptiveNetUpdateFrequency:0]]
[2019.11.26-22.10.16:884][  0]LogConfig: Setting CVar [[p.chaos.AllowCreatePhysxBodies:1]]
[2019.11.26-22.10.16:884][  0]LogConfig: Applying CVar settings from Section [ConsoleVariables] File [D:/GOAP_Ecosystem/GOAP_Ecosystem/Saved/Config/Windows/Engine.ini]
[2019.11.26-22.10.16:884][  0]LogInit: Computer: MSI
[2019.11.26-22.10.16:884][  0]LogInit: User: ZackR
[2019.11.26-22.10.16:884][  0]LogInit: CPU Page size=4096, Cores=4
[2019.11.26-22.10.16:885][  0]LogInit: High frequency timer resolution =10.000000 MHz
[2019.11.26-22.10.16:885][  0]LogMemory: Memory total: Physical=15.9GB (16GB approx)
[2019.11.26-22.10.16:885][  0]LogMemory: Platform Memory Stats for Windows
[2019.11.26-22.10.16:885][  0]LogMemory: Process Physical Memory: 100.45 MB used, 100.45 MB peak
[2019.11.26-22.10.16:885][  0]LogMemory: Process Virtual Memory: 99.90 MB used, 99.90 MB peak
[2019.11.26-22.10.16:885][  0]LogMemory: Physical Memory: 12767.39 MB used,  3502.13 MB free, 16269.52 MB total
[2019.11.26-22.10.16:885][  0]LogMemory: Virtual Memory: 4666.87 MB used,  134213064.00 MB free, 134217728.00 MB total
[2019.11.26-22.10.17:557][  0]LogWindows: WindowsPlatformFeatures enabled
[2019.11.26-22.10.17:846][  0]LogInit: Using OS detected language (en-US).
[2019.11.26-22.10.17:847][  0]LogInit: Using OS detected locale (en-US).
[2019.11.26-22.10.17:848][  0]LogTextLocalizationManager: No specific localization for 'en-US' exists, so the 'en' localization will be used.
[2019.11.26-22.10.18:059][  0]LogInit: Setting process to per monitor DPI aware
[2019.11.26-22.10.18:504][  0]LogSlate: New Slate User Created.  User Index 0, Is Virtual User: 0
[2019.11.26-22.10.18:505][  0]LogSlate: Slate User Registered.  User Index 0, Is Virtual User: 0
[2019.11.26-22.10.18:953][  0]LogHMD: Failed to initialize OpenVR with code 126
[2019.11.26-22.10.18:953][  0]LogD3D11RHI: D3D11 adapters:
[2019.11.26-22.10.19:257][  0]LogD3D11RHI:    0. 'NVIDIA GeForce GTX 1060' (Feature Level 11_0)
[2019.11.26-22.10.19:257][  0]LogD3D11RHI:       6052/0/8134 MB DedicatedVideo/DedicatedSystem/SharedSystem, Outputs:2, VendorId:0x10de
[2019.11.26-22.10.19:290][  0]LogD3D11RHI:    1. 'Intel(R) HD Graphics 530' (Feature Level 11_0)
[2019.11.26-22.10.19:290][  0]LogD3D11RHI:       128/0/8134 MB DedicatedVideo/DedicatedSystem/SharedSystem, Outputs:0, VendorId:0x8086
[2019.11.26-22.10.19:301][  0]LogD3D11RHI:    2. 'Microsoft Basic Render Driver' (Feature Level 11_0)
[2019.11.26-22.10.19:301][  0]LogD3D11RHI:       0/0/8134 MB DedicatedVideo/DedicatedSystem/SharedSystem, Outputs:0, VendorId:0x1414
[2019.11.26-22.10.19:302][  0]LogD3D11RHI: Chosen D3D11 Adapter: 0
[2019.11.26-22.10.19:361][  0]LogD3D11RHI: Creating new Direct3DDevice
[2019.11.26-22.10.19:362][  0]LogD3D11RHI:     GPU DeviceId: 0x1c20 (for the marketing name, search the web for "GPU Device Id")
[2019.11.26-22.10.19:362][  0]LogWindows: EnumDisplayDevices:
[2019.11.26-22.10.19:362][  0]LogWindows:    0. 'Intel(R) HD Graphics 530' (P:1 D:1)
[2019.11.26-22.10.19:363][  0]LogWindows:    1. 'Intel(R) HD Graphics 530' (P:0 D:0)
[2019.11.26-22.10.19:364][  0]LogWindows:    2. 'Intel(R) HD Graphics 530' (P:0 D:0)
[2019.11.26-22.10.19:364][  0]LogWindows:    3. 'NVIDIA GeForce GTX 1060' (P:0 D:1)
[2019.11.26-22.10.19:365][  0]LogWindows:    4. 'NVIDIA GeForce GTX 1060' (P:0 D:0)
[2019.11.26-22.10.19:365][  0]LogWindows:    5. 'NVIDIA GeForce GTX 1060' (P:0 D:0)
[2019.11.26-22.10.19:366][  0]LogWindows:    6. 'NVIDIA GeForce GTX 1060' (P:0 D:0)
[2019.11.26-22.10.19:366][  0]LogWindows: DebugString: PrimaryIsNotTheChoosenAdapter PrimaryIsNotTheChoosenAdapter PrimaryIsNotTheChoosenAdapter FoundDriverCount:4 
[2019.11.26-22.10.19:366][  0]LogD3D11RHI:     Adapter Name: NVIDIA GeForce GTX 1060
[2019.11.26-22.10.19:367][  0]LogD3D11RHI:   Driver Version: 399.01 (internal:24.21.13.9901, unified:399.01)
[2019.11.26-22.10.19:367][  0]LogD3D11RHI:      Driver Date: 8-13-2018
[2019.11.26-22.10.19:367][  0]LogRHI: Texture pool is 4236 MB (70% of 6052 MB)
[2019.11.26-22.10.19:435][  0]LogD3D11RHI: Async texture creation enabled
[2019.11.26-22.10.19:488][  0]LogD3D11RHI: GPU Timing Frequency: 1000.000000 (Debug: 2 2)
[2019.11.26-22.10.20:359][  0]LogTemp: Display: Module 'AllDesktopTargetPlatform' loaded TargetPlatform 'AllDesktop'
[2019.11.26-22.10.20:405][  0]LogTemp: Display: Module 'MacClientTargetPlatform' loaded TargetPlatform 'MacClient'
[2019.11.26-22.10.20:446][  0]LogTemp: Display: Module 'MacNoEditorTargetPlatform' loaded TargetPlatform 'MacNoEditor'
[2019.11.26-22.10.20:465][  0]LogTemp: Display: Module 'MacServerTargetPlatform' loaded TargetPlatform 'MacServer'
[2019.11.26-22.10.20:485][  0]LogTemp: Display: Module 'MacTargetPlatform' loaded TargetPlatform 'Mac'
[2019.11.26-22.10.20:504][  0]LogTemp: Display: Module 'WindowsClientTargetPlatform' loaded TargetPlatform 'WindowsClient'
[2019.11.26-22.10.20:521][  0]LogTemp: Display: Module 'WindowsNoEditorTargetPlatform' loaded TargetPlatform 'WindowsNoEditor'
[2019.11.26-22.10.20:539][  0]LogTemp: Display: Module 'WindowsServerTargetPlatform' loaded TargetPlatform 'WindowsServer'
[2019.11.26-22.10.20:580][  0]LogTemp: Display: Module 'WindowsTargetPlatform' loaded TargetPlatform 'Windows'
[2019.11.26-22.10.20:653][  0]LogTemp: Display: Module 'AndroidTargetPlatform' loaded TargetPlatform 'Android'
[2019.11.26-22.10.20:653][  0]LogTemp: Display: Module 'AndroidTargetPlatform' loaded TargetPlatform 'Android_ASTC'
[2019.11.26-22.10.20:653][  0]LogTemp: Display: Module 'AndroidTargetPlatform' loaded TargetPlatform 'Android_ATC'
[2019.11.26-22.10.20:653][  0]LogTemp: Display: Module 'AndroidTargetPlatform' loaded TargetPlatform 'Android_DXT'
[2019.11.26-22.10.20:653][  0]LogTemp: Display: Module 'AndroidTargetPlatform' loaded TargetPlatform 'Android_ETC1'
[2019.11.26-22.10.20:653][  0]LogTemp: Display: Module 'AndroidTargetPlatform' loaded TargetPlatform 'Android_ETC1a'
[2019.11.26-22.10.20:653][  0]LogTemp: Display: Module 'AndroidTargetPlatform' loaded TargetPlatform 'Android_ETC2'
[2019.11.26-22.10.20:653][  0]LogTemp: Display: Module 'AndroidTargetPlatform' loaded TargetPlatform 'Android_PVRTC'
[2019.11.26-22.10.20:653][  0]LogTemp: Display: Module 'AndroidTargetPlatform' loaded TargetPlatform 'AndroidClient'
[2019.11.26-22.10.20:653][  0]LogTemp: Display: Module 'AndroidTargetPlatform' loaded TargetPlatform 'Android_ASTCClient'
[2019.11.26-22.10.20:653][  0]LogTemp: Display: Module 'AndroidTargetPlatform' loaded TargetPlatform 'Android_ATCClient'
[2019.11.26-22.10.20:653][  0]LogTemp: Display: Module 'AndroidTargetPlatform' loaded TargetPlatform 'Android_DXTClient'
[2019.11.26-22.10.20:653][  0]LogTemp: Display: Module 'AndroidTargetPlatform' loaded TargetPlatform 'Android_ETC1Client'
[2019.11.26-22.10.20:653][  0]LogTemp: Display: Module 'AndroidTargetPlatform' loaded TargetPlatform 'Android_ETC1aClient'
[2019.11.26-22.10.20:654][  0]LogTemp: Display: Module 'AndroidTargetPlatform' loaded TargetPlatform 'Android_ETC2Client'
[2019.11.26-22.10.20:654][  0]LogTemp: Display: Module 'AndroidTargetPlatform' loaded TargetPlatform 'Android_PVRTCClient'
[2019.11.26-22.10.20:654][  0]LogTemp: Display: Module 'AndroidTargetPlatform' loaded TargetPlatform 'Android_Multi'
[2019.11.26-22.10.20:654][  0]LogTemp: Display: Module 'AndroidTargetPlatform' loaded TargetPlatform 'Android_MultiClient'
[2019.11.26-22.10.20:663][  0]LogTemp: Display: Module 'HTML5TargetPlatform' loaded TargetPlatform 'HTML5'
[2019.11.26-22.10.20:756][  0]LogTemp: Display: Module 'IOSTargetPlatform' loaded TargetPlatform 'IOSClient'
[2019.11.26-22.10.20:756][  0]LogTemp: Display: Module 'IOSTargetPlatform' loaded TargetPlatform 'IOS'
[2019.11.26-22.10.20:779][  0]LogTemp: Display: Module 'TVOSTargetPlatform' loaded TargetPlatform 'TVOSClient'
[2019.11.26-22.10.20:779][  0]LogTemp: Display: Module 'TVOSTargetPlatform' loaded TargetPlatform 'TVOS'
[2019.11.26-22.10.20:820][  0]LogTemp: Display: Module 'LinuxClientTargetPlatform' loaded TargetPlatform 'LinuxClient'
[2019.11.26-22.10.20:857][  0]LogTemp: Display: Module 'LinuxNoEditorTargetPlatform' loaded TargetPlatform 'LinuxNoEditor'
[2019.11.26-22.10.20:871][  0]LogTemp: Display: Module 'LinuxServerTargetPlatform' loaded TargetPlatform 'LinuxServer'
[2019.11.26-22.10.20:914][  0]LogTemp: Display: Module 'LinuxTargetPlatform' loaded TargetPlatform 'Linux'
[2019.11.26-22.10.20:973][  0]LogTemp: Display: Module 'LuminTargetPlatform' loaded TargetPlatform 'Lumin'
[2019.11.26-22.10.20:973][  0]LogTemp: Display: Module 'LuminTargetPlatform' loaded TargetPlatform 'LuminClient'
[2019.11.26-22.10.20:973][  0]LogTargetPlatformManager: Display: Building Assets For Windows
[2019.11.26-22.10.21:084][  0]LogAudioDebug: Display: Lib vorbis DLL was dynamically loaded.
[2019.11.26-22.10.21:580][  0]LogShaderCompilers: Guid format shader working directory is 1 characters bigger than the processId version (../../../../../GOAP_Ecosystem/GOAP_Ecosystem/Intermediate/Shaders/WorkingDirectory/10700/).
[2019.11.26-22.10.21:580][  0]LogShaderCompilers: Cleaned the shader compiler working directory 'C:/Users/ZackR/AppData/Local/Temp/UnrealShaderWorkingDir/4BCF2C714EA0F45353E6D2BB37CA9BDC/'.
[2019.11.26-22.10.21:583][  0]LogXGEController: Cleaning working directory: C:/Users/ZackR/AppData/Local/Temp/UnrealXGEWorkingDir/
[2019.11.26-22.10.21:583][  0]LogXGEController: Cannot use XGE Controller as Incredibuild is not installed on this machine.
[2019.11.26-22.10.21:584][  0]LogShaderCompilers: Cannot use XGE Shader Compiler as Incredibuild is not installed on this machine.
[2019.11.26-22.10.21:584][  0]LogShaderCompilers: Display: Using Local Shader Compiler.
[2019.11.26-22.10.22:301][  0]LogDerivedDataCache: Display: Max Cache Size: 512 MB
[2019.11.26-22.10.22:366][  0]LogDerivedDataCache: Loaded boot cache 0.06s 73MB C:/Users/ZackR/AppData/Local/UnrealEngine/4.23/DerivedDataCache/Boot.ddc.
[2019.11.26-22.10.22:366][  0]LogDerivedDataCache: Display: Loaded Boot cache: C:/Users/ZackR/AppData/Local/UnrealEngine/4.23/DerivedDataCache/Boot.ddc
[2019.11.26-22.10.22:366][  0]LogDerivedDataCache: FDerivedDataBackendGraph:  Pak pak cache file ../../../../../GOAP_Ecosystem/GOAP_Ecosystem/DerivedDataCache/DDC.ddp not found, will not use a pak cache.
[2019.11.26-22.10.22:366][  0]LogDerivedDataCache: Unable to find inner node Pak for hierarchical cache Hierarchy.
[2019.11.26-22.10.22:367][  0]LogDerivedDataCache: FDerivedDataBackendGraph:  CompressedPak pak cache file ../../../../../GOAP_Ecosystem/GOAP_Ecosystem/DerivedDataCache/Compressed.ddp not found, will not use a pak cache.
[2019.11.26-22.10.22:367][  0]LogDerivedDataCache: Unable to find inner node CompressedPak for hierarchical cache Hierarchy.
[2019.11.26-22.10.22:380][  0]LogDerivedDataCache: Display: Pak cache opened for reading ../../../Engine/DerivedDataCache/Compressed.ddp.
[2019.11.26-22.10.22:380][  0]LogDerivedDataCache: FDerivedDataBackendGraph:  EnterprisePak pak cache file ../../../Enterprise/DerivedDataCache/Compressed.ddp not found, will not use a pak cache.
[2019.11.26-22.10.22:381][  0]LogDerivedDataCache: Unable to find inner node EnterprisePak for hierarchical cache Hierarchy.
[2019.11.26-22.10.22:384][  0]LogDerivedDataCache: Using Local data cache path C:/Users/ZackR/AppData/Local/UnrealEngine/Common/DerivedDataCache: Writable
[2019.11.26-22.10.22:384][  0]LogDerivedDataCache: Shared data cache path not found in *engine.ini, will not use an Shared cache.
[2019.11.26-22.10.22:384][  0]LogDerivedDataCache: Unable to find inner node Shared for hierarchical cache Hierarchy.
[2019.11.26-22.10.22:422][  0]LogMaterial: Verifying Global Shaders for PCD3D_SM5
[2019.11.26-22.10.22:427][  0]LogSlate: Using FreeType 2.6.0
[2019.11.26-22.10.22:428][  0]LogSlate: SlateFontServices - WITH_FREETYPE: 1, WITH_HARFBUZZ: 1
[2019.11.26-22.10.22:574][  0]LogAssetRegistry: FAssetRegistry took 0.0330 seconds to start up
[2019.11.26-22.10.22:894][  0]LogInit: Selected Device Profile: [Windows]
[2019.11.26-22.10.23:266][  0]LogMeshReduction: Using QuadricMeshReduction for automatic static mesh reduction
[2019.11.26-22.10.23:266][  0]LogMeshReduction: Using SimplygonMeshReduction for automatic skeletal mesh reduction
[2019.11.26-22.10.23:266][  0]LogMeshReduction: Using ProxyLODMeshReduction for automatic mesh merging
[2019.11.26-22.10.23:266][  0]LogMeshReduction: No distributed automatic mesh merging module available
[2019.11.26-22.10.23:267][  0]LogMeshMerging: No distributed automatic mesh merging module available
[2019.11.26-22.10.23:282][  0]LogNetVersion: GOAP_Ecosystem 1.0.0, NetCL: 8386587, EngineNetVer: 11, GameNetVer: 0 (Checksum: 2534418638)
[2019.11.26-22.10.23:865][  0]LogPackageLocalizationCache: Processed 12 localized package path(s) for 1 prioritized culture(s) in 0.062510 seconds
[2019.11.26-22.10.23:873][  0]LogUObjectArray: 43444 objects as part of root set at end of initial load.
[2019.11.26-22.10.23:873][  0]LogUObjectAllocator: 7548648 out of 0 bytes used by permanent object pool.
[2019.11.26-22.10.23:873][  0]LogUObjectArray: CloseDisregardForGC: 0/0 objects in disregard for GC pool
[2019.11.26-22.10.26:166][  0]LogTcpMessaging: Initializing TcpMessaging bridge
[2019.11.26-22.10.26:178][  0]LogUdpMessaging: Initializing bridge on interface 0.0.0.0:0 to multicast group 230.0.0.1:6666.
[2019.11.26-22.10.26:729][  0]SourceControl: Source control is disabled
[2019.11.26-22.10.26:730][  0]SourceControl: Source control is disabled
[2019.11.26-22.10.26:768][  0]SourceControl: Source control is disabled
[2019.11.26-22.10.26:778][  0]SourceControl: Source control is disabled
[2019.11.26-22.10.27:733][  0]LogAndroidPermission: UAndroidPermissionCallbackProxy::GetInstance
[2019.11.26-22.10.28:573][  0]LogOcInput: OculusInput pre-init called
[2019.11.26-22.10.28:597][  0]LogWindows: Failed to load 'OVRPlugin.dll' (GetLastError=126)
[2019.11.26-22.10.28:597][  0]LogWindows: File 'OVRPlugin.dll' does not exist
[2019.11.26-22.10.28:819][  0]LogEngine: Initializing Engine...
[2019.11.26-22.10.28:881][  0]LogHMD: Failed to initialize OpenVR with code 126
[2019.11.26-22.10.28:883][  0]LogStats: UGameplayTagsManager::InitializeManager -  0.000 s
[2019.11.26-22.10.29:158][  0]LogInit: Initializing FReadOnlyCVARCache
[2019.11.26-22.10.29:181][  0]LogAIModule: Creating AISystem for world Untitled
[2019.11.26-22.10.29:362][  0]LogInit: XAudio2 using 'Speakers (Realtek High Definition Audio)' : 6 channels at 48 kHz using 32 bits per sample (channel mask 0x3f)
[2019.11.26-22.10.29:693][  0]LogInit: FAudioDevice initialized.
[2019.11.26-22.10.29:694][  0]LogNetVersion: Set ProjectVersion to 1.0.0.0. Version Checksum will be recalculated on next use.
[2019.11.26-22.10.29:887][  0]LogDerivedDataCache: Saved boot cache 0.19s 73MB C:/Users/ZackR/AppData/Local/UnrealEngine/4.23/DerivedDataCache/Boot.ddc.
[2019.11.26-22.10.29:893][  0]LogInit: Texture streaming: Enabled
[2019.11.26-22.10.30:021][  0]LogEngineSessionManager: EngineSessionManager initialized
[2019.11.26-22.10.30:022][  0]LogEngineSessionManager: EngineSessionManager sent abnormal shutdown report. Type=Debugger, SessionId={E9C2F0FA-49FE-9E21-3333-A68C0D5B3BC8}
[2019.11.26-22.10.30:022][  0]LogEditorSessionSummary: Verbose: Initializing EditorSessionSummaryWriter for editor session tracking
[2019.11.26-22.10.30:023][  0]LogEditorSessionSummary: EditorSessionSummaryWriter initialized
[2019.11.26-22.10.30:186][  0]LogInit: Transaction tracking system initialized
[2019.11.26-22.10.30:346][  0]BlueprintLog: New page: Editor Load
[2019.11.26-22.10.30:786][  0]LocalizationService: Localization service is disabled
[2019.11.26-22.10.31:283][  0]LogFileCache: Scanning file cache for directory 'D:/GOAP_Ecosystem/GOAP_Ecosystem/Content/' took 0.00s
[2019.11.26-22.10.31:283][  0]LogCook: Display: Max memory allowance for cook 16384mb min free memory 0mb
[2019.11.26-22.10.31:284][  0]LogCook: Display: Mobile HDR setting 1
[2019.11.26-22.10.32:169][  0]SourceControl: Source control is disabled
[2019.11.26-22.10.32:169][  0]Cmd: MAP LOAD FILE="../../../../../GOAP_Ecosystem/GOAP_Ecosystem/Content/FlyingBP/Maps/FlyingExampleMap.umap" TEMPLATE=0 SHOWPROGRESS=1 FEATURELEVEL=3
[2019.11.26-22.10.32:170][  0]LightingResults: New page: Lighting Build
[2019.11.26-22.10.32:172][  0]LogWorld: UWorld::CleanupWorld for Untitled, bSessionEnded=true, bCleanupResources=true
[2019.11.26-22.10.32:173][  0]MapCheck: New page: Map Check
[2019.11.26-22.10.32:173][  0]LightingResults: New page: Lighting Build
[2019.11.26-22.10.32:201][  0]LogUObjectHash: Compacting FUObjectHashTables data took   2.18ms
[2019.11.26-22.10.32:433][  0]LogAIModule: Creating AISystem for world FlyingExampleMap
[2019.11.26-22.10.32:513][  0]LogEditorServer: Finished looking for orphan Actors (0.000 secs)
[2019.11.26-22.10.32:546][  0]LogUObjectHash: Compacting FUObjectHashTables data took   2.22ms
[2019.11.26-22.10.32:547][  0]Cmd: MAP CHECKDEP NOCLEARLOG
[2019.11.26-22.10.32:547][  0]MapCheck: Map check complete: 0 Error(s), 0 Warning(s), took 0.335ms to complete.
[2019.11.26-22.10.32:548][  0]LogFileHelpers: Loading map 'FlyingExampleMap' took 0.378
[2019.11.26-22.10.33:353][  0]LogSlate: Updating window title bar state: overlay mode, drag disabled, window buttons hidden, title bar hidden
[2019.11.26-22.10.33:362][  0]LogSlate: Updating window title bar state: overlay mode, drag disabled, window buttons hidden, title bar hidden
[2019.11.26-22.10.33:372][  0]LogSlate: Updating window title bar state: overlay mode, drag disabled, window buttons hidden, title bar hidden
[2019.11.26-22.10.33:380][  0]LogSlate: Updating window title bar state: overlay mode, drag disabled, window buttons hidden, title bar hidden
[2019.11.26-22.10.33:417][  0]LogCollectionManager: Loaded 0 collections in 0.002063 seconds
[2019.11.26-22.10.33:428][  0]LogFileCache: Scanning file cache for directory 'D:/GOAP_Ecosystem/GOAP_Ecosystem/Saved/Collections/' took 0.00s
[2019.11.26-22.10.33:428][  0]LogFileCache: Scanning file cache for directory 'D:/GOAP_Ecosystem/GOAP_Ecosystem/Content/Developers/ZackR/Collections/' took 0.00s
[2019.11.26-22.10.33:429][  0]LogFileCache: Scanning file cache for directory 'D:/GOAP_Ecosystem/GOAP_Ecosystem/Content/Collections/' took 0.00s
[2019.11.26-22.10.33:429][  0]LogCollectionManager: Rebuilt the GUID cache for 0 collections in 0.000002 seconds
[2019.11.26-22.10.33:441][  0]LogContentBrowser: Native class hierarchy populated in 0.0117 seconds. Added 2868 classes and 684 folders.
[2019.11.26-22.10.33:448][  0]LogContentBrowser: Native class hierarchy updated for 'WidgetCarousel' in 0.0006 seconds. Added 0 classes and 0 folders.
[2019.11.26-22.10.33:485][  0]LogContentBrowser: Native class hierarchy updated for 'AddContentDialog' in 0.0003 seconds. Added 0 classes and 0 folders.
[2019.11.26-22.10.33:500][  0]LogContentBrowser: Native class hierarchy updated for 'SceneOutliner' in 0.0007 seconds. Added 1 classes and 2 folders.
[2019.11.26-22.10.36:078][  0]LogSlate: Only BGRA pngs, bmps or icos are supported in by External Image Picker
[2019.11.26-22.10.36:284][  0]LogSlate: Took 0.025677 seconds to synchronously load lazily loaded font '../../../Engine/Content/Slate/Fonts/Roboto-Regular.ttf' (155K)
[2019.11.26-22.10.36:379][  0]LogSlate: Took 0.093766 seconds to synchronously load lazily loaded font '../../../Engine/Content/Slate/Fonts/Roboto-Bold.ttf' (160K)
[2019.11.26-22.10.36:409][  0]LogSlate: Took 0.024018 seconds to synchronously load lazily loaded font '../../../Engine/Content/Editor/Slate/Fonts/FontAwesome.ttf' (139K)
[2019.11.26-22.10.36:510][  0]LogRenderer: Reallocating scene render targets to support 964x460 Format 10 NumSamples 1 (Frame:1).
[2019.11.26-22.10.36:626][  0]LogSlate: Took 0.034824 seconds to synchronously load lazily loaded font '../../../Engine/Content/Slate/Fonts/Roboto-Light.ttf' (167K)
[2019.11.26-22.10.36:881][  0]LogContentBrowser: Native class hierarchy updated for 'HierarchicalLODOutliner' in 0.0005 seconds. Added 0 classes and 0 folders.
[2019.11.26-22.10.36:881][  0]LogLoad: (Engine Initialization) Total time: 22.43 seconds
[2019.11.26-22.10.36:882][  0]LogLoad: (Engine Initialization) Total Blueprint compile time: 0.00 seconds
[2019.11.26-22.10.37:065][  0]LogContentStreaming: Texture pool size now 1000 MB
[2019.11.26-22.10.38:933][ 25]LogAssetRegistry: Asset discovery search completed in 16.3888 seconds
[2019.11.26-22.10.38:937][ 25]LogCollectionManager: Rebuilt the object cache for 0 collections in 0.000005 seconds (found 0 objects)
[2019.11.26-22.10.38:937][ 25]LogCollectionManager: Fixed up redirectors for 0 collections in 0.000252 seconds (updated 0 objects)
[2019.11.26-22.11.07:369][689]LogSlate: FSceneViewport::OnFocusLost() reason 0
[2019.11.26-22.11.11:260][804]LogSlate: FSceneViewport::OnFocusLost() reason 0
[2019.11.26-22.11.20:246][ 84]LogSlate: Took 0.000151 seconds to synchronously load lazily loaded font '../../../Engine/Content/Slate/Fonts/Roboto-Light.ttf' (167K)
[2019.11.26-22.11.20:349][ 84]LogAssetEditorManager: Opening Asset editor for Blueprint /Game/Herbivore.Herbivore
[2019.11.26-22.11.21:219][ 84]LogContentBrowser: Native class hierarchy updated for 'BlueprintGraph' in 0.0006 seconds. Added 121 classes and 0 folders.
[2019.11.26-22.11.23:110][ 84]LogSlate: Took 0.021774 seconds to synchronously load lazily loaded font '../../../Engine/Content/Slate/Fonts/Roboto-BoldCondensed.ttf' (158K)
[2019.11.26-22.11.24:502][ 85]LogSlate: Took 0.031455 seconds to synchronously load lazily loaded font '../../../Engine/Content/Slate/Fonts/Roboto-Italic.ttf' (157K)
[2019.11.26-22.11.36:912][632]LogEditorSessionSummary: EditorSessionSummary sent report. Type=Crashed, SessionId={6C13B2B2-41CB-8F51-CEB1-27AC07596F89}
[2019.11.26-22.11.36:913][632]LogEditorSessionSummary: EditorSessionSummary sent report. Type=Debugger, SessionId={E49F6784-4E52-1FE5-702C-2BA607968192}
[2019.11.26-22.11.36:913][632]LogEditorSessionSummary: EditorSessionSummary sent report. Type=Debugger, SessionId={E9C2F0FA-49FE-9E21-3333-A68C0D5B3BC8}
[2019.11.26-22.12.36:155][329]LogEditorTransaction: Undo Create Pin Link
[2019.11.26-22.13.25:591][678]LogSlate: Took 0.025151 seconds to synchronously load lazily loaded font '../../../Engine/Content/Slate/Fonts/Roboto-BoldCondensedItalic.ttf' (160K)
[2019.11.26-22.13.56:787][981]LogSlate: FSceneViewport::OnFocusLost() reason 0
[2019.11.26-22.14.28:549][101]LogUObjectHash: Compacting FUObjectHashTables data took   4.54ms
[2019.11.26-22.14.28:563][101]LogMetaData: Removing '/Game/PlantBP.PlantBP_C' ref from Metadata '/Game/Plant.PackageMetaData'
[2019.11.26-22.14.28:564][101]LogMetaData: Removing '/Game/PlantBP.PlantBP:EventGraph.K2Node_Event_0' ref from Metadata '/Game/Plant.PackageMetaData'
[2019.11.26-22.14.28:564][101]LogMetaData: Removing '/Game/PlantBP.PlantBP:EventGraph.K2Node_Event_1' ref from Metadata '/Game/Plant.PackageMetaData'
[2019.11.26-22.14.28:564][101]LogMetaData: Removing '/Game/PlantBP.PlantBP:EventGraph.K2Node_Event_2' ref from Metadata '/Game/Plant.PackageMetaData'
[2019.11.26-22.14.28:564][101]LogMetaData: Removing '/Game/PlantBP.PlantBP:UserConstructionScript.K2Node_FunctionEntry_0' ref from Metadata '/Game/Plant.PackageMetaData'
[2019.11.26-22.14.28:565][101]LogMetaData: Removing '/Game/PlantBP.SKEL_PlantBP_C' ref from Metadata '/Game/Plant.PackageMetaData'
[2019.11.26-22.14.29:000][101]Cmd: OBJ SAVEPACKAGE PACKAGE="/Game/PlantBP" FILE="../../../../../GOAP_Ecosystem/GOAP_Ecosystem/Content/PlantBP.uasset" SILENT=true
[2019.11.26-22.14.29:212][101]LogSavePackage: Moving '../../../../../GOAP_Ecosystem/GOAP_Ecosystem/Saved/PlantBP54D922E7450DB7EE4A581AA66C0CCB40.tmp' to '../../../../../GOAP_Ecosystem/GOAP_Ecosystem/Content/PlantBP.uasset'
[2019.11.26-22.14.29:301][101]Cmd: OBJ SAVEPACKAGE PACKAGE="/Game/Plant" FILE="../../../../../GOAP_Ecosystem/GOAP_Ecosystem/Content/Plant.uasset" SILENT=true
[2019.11.26-22.14.29:325][101]LogSavePackage: Moving '../../../../../GOAP_Ecosystem/GOAP_Ecosystem/Saved/Plant59CB51074034A27A5C7DFBA28E801A8D.tmp' to '../../../../../GOAP_Ecosystem/GOAP_Ecosystem/Content/Plant.uasset'
[2019.11.26-22.14.35:136][306]LogUObjectHash: Compacting FUObjectHashTables data took   3.88ms
[2019.11.26-22.14.35:173][306]LogMetaData: Removing '/Game/HerbivoreBP.HerbivoreBP_C' ref from Metadata '/Game/Herbivore.PackageMetaData'
[2019.11.26-22.14.35:174][306]LogMetaData: Removing '/Game/HerbivoreBP.HerbivoreBP:EventGraph.K2Node_Event_0' ref from Metadata '/Game/Herbivore.PackageMetaData'
[2019.11.26-22.14.35:174][306]LogMetaData: Removing '/Game/HerbivoreBP.HerbivoreBP:EventGraph.K2Node_Event_1' ref from Metadata '/Game/Herbivore.PackageMetaData'
[2019.11.26-22.14.35:174][306]LogMetaData: Removing '/Game/HerbivoreBP.HerbivoreBP:EventGraph.K2Node_Event_2' ref from Metadata '/Game/Herbivore.PackageMetaData'
[2019.11.26-22.14.35:174][306]LogMetaData: Removing '/Game/HerbivoreBP.HerbivoreBP:UserConstructionScript.K2Node_FunctionEntry_0' ref from Metadata '/Game/Herbivore.PackageMetaData'
[2019.11.26-22.14.35:174][306]LogMetaData: Removing '/Game/HerbivoreBP.SKEL_HerbivoreBP_C' ref from Metadata '/Game/Herbivore.PackageMetaData'
[2019.11.26-22.14.35:467][306]Cmd: OBJ SAVEPACKAGE PACKAGE="/Game/HerbivoreBP" FILE="../../../../../GOAP_Ecosystem/GOAP_Ecosystem/Content/HerbivoreBP.uasset" SILENT=true
[2019.11.26-22.14.35:642][306]LogSavePackage: Moving '../../../../../GOAP_Ecosystem/GOAP_Ecosystem/Saved/HerbivoreBP6A2AEC4B4D3C2C47726CFEAF90692F0A.tmp' to '../../../../../GOAP_Ecosystem/GOAP_Ecosystem/Content/HerbivoreBP.uasset'
[2019.11.26-22.14.35:650][306]Cmd: OBJ SAVEPACKAGE PACKAGE="/Game/Herbivore" FILE="../../../../../GOAP_Ecosystem/GOAP_Ecosystem/Content/Herbivore.uasset" SILENT=true
[2019.11.26-22.14.35:681][306]LogSavePackage: Moving '../../../../../GOAP_Ecosystem/GOAP_Ecosystem/Saved/Herbivore9F5E96C741D189584C9BF7AD996135F0.tmp' to '../../../../../GOAP_Ecosystem/GOAP_Ecosystem/Content/Herbivore.uasset'
[2019.11.26-22.18.29:809][598]LogEditorTransaction: Undo Add Node
[2019.11.26-22.18.30:288][600]LogEditorTransaction: Undo Add Node
[2019.11.26-22.18.30:837][620]LogEditorTransaction: Undo Add Node
[2019.11.26-22.19.30:746][ 96]LogEditorTransaction: Undo Create Pin Link
[2019.11.26-22.21.52:845][226]LogUObjectHash: Compacting FUObjectHashTables data took   4.01ms
[2019.11.26-22.21.53:259][226]LogSavePackage: Moving '../../../../../GOAP_Ecosystem/GOAP_Ecosystem/Saved/FlyingExampleMap_Auto1406C38FD42F80A4323D0789024E46290.tmp' to '../../../../../GOAP_Ecosystem/GOAP_Ecosystem/Saved/Autosaves/Game/FlyingBP/Maps/FlyingExampleMap_Auto1.umap'
[2019.11.26-22.21.53:306][226]LogFileHelpers: Editor autosave (incl. sublevels) for '/Game/FlyingBP/Maps/FlyingExampleMap' took 0.499
[2019.11.26-22.21.53:307][226]LogFileHelpers: Editor autosave (incl. sublevels) for all levels took 0.499
[2019.11.26-22.21.53:309][226]OBJ SavePackage: Generating thumbnails for [1] asset(s) in package [/Game/HerbivoreBP] ([1] browsable assets)...
[2019.11.26-22.21.53:334][226]OBJ SavePackage:     Rendered thumbnail for [Blueprint /Game/HerbivoreBP.HerbivoreBP]
[2019.11.26-22.21.53:334][226]OBJ SavePackage: Finished generating thumbnails for package [/Game/HerbivoreBP]
[2019.11.26-22.21.53:335][226]Cmd: OBJ SAVEPACKAGE PACKAGE="/Game/HerbivoreBP" FILE="../../../../../GOAP_Ecosystem/GOAP_Ecosystem/Saved/Autosaves/Game/HerbivoreBP_Auto1.uasset" SILENT=false AUTOSAVING=true
[2019.11.26-22.21.53:395][226]LogSavePackage: Moving '../../../../../GOAP_Ecosystem/GOAP_Ecosystem/Saved/HerbivoreBP_Auto10762120845E834DABB5C65A8657B9F58.tmp' to '../../../../../GOAP_Ecosystem/GOAP_Ecosystem/Saved/Autosaves/Game/HerbivoreBP_Auto1.uasset'
[2019.11.26-22.21.53:396][226]LogFileHelpers: Auto-saving content packages took 0.087
[2019.11.26-22.22.54:744][657]LogEditorTransaction: Undo Add Node
[2019.11.26-22.23.46:928][434]LogEditorTransaction: Undo Create Reroute Node
[2019.11.26-22.23.54:134][732]LogEditorTransaction: Undo Add Node
[2019.11.26-22.24.21:053][890]LogEditorTransaction: Undo Add Node
[2019.11.26-22.26.12:599][240]LogEditorTransaction: Undo Delete current selection
[2019.11.26-22.28.45:884][ 40]LogEditorTransaction: Undo Move Nodes
[2019.11.26-22.28.53:820][351]LogEditorTransaction: Undo Break Pin Links
[2019.11.26-22.29.26:124][698]LogEditorTransaction: Undo Move Node
[2019.11.26-22.33.34:107][278]LogSlate: Window 'Pick Parent Class' being destroyed
[2019.11.26-22.33.37:731][452]LogSlate: Warning: Ignoring SetUserFocus because it's not an active modal Window (user 0 not set to SAssetTileView [SAssetView.cpp(1749)].
[2019.11.26-22.33.39:624][452]LogUObjectHash: Compacting FUObjectHashTables data took   4.31ms
[2019.11.26-22.33.39:973][452]LogSavePackage: Moving '../../../../../GOAP_Ecosystem/GOAP_Ecosystem/Saved/FlyingExampleMap_Auto2DB8506D646BE473B6EE44A9669B6C395.tmp' to '../../../../../GOAP_Ecosystem/GOAP_Ecosystem/Saved/Autosaves/Game/FlyingBP/Maps/FlyingExampleMap_Auto2.umap'
[2019.11.26-22.33.39:978][452]LogFileHelpers: Editor autosave (incl. sublevels) for '/Game/FlyingBP/Maps/FlyingExampleMap' took 0.396
[2019.11.26-22.33.39:978][452]LogFileHelpers: Editor autosave (incl. sublevels) for all levels took 0.396
[2019.11.26-22.33.39:980][452]OBJ SavePackage: Generating thumbnails for [1] asset(s) in package [/Game/HerbivoreBP] ([1] browsable assets)...
[2019.11.26-22.33.39:991][452]OBJ SavePackage:     Rendered thumbnail for [Blueprint /Game/HerbivoreBP.HerbivoreBP]
[2019.11.26-22.33.39:991][452]OBJ SavePackage: Finished generating thumbnails for package [/Game/HerbivoreBP]
[2019.11.26-22.33.39:991][452]Cmd: OBJ SAVEPACKAGE PACKAGE="/Game/HerbivoreBP" FILE="../../../../../GOAP_Ecosystem/GOAP_Ecosystem/Saved/Autosaves/Game/HerbivoreBP_Auto2.uasset" SILENT=false AUTOSAVING=true
[2019.11.26-22.33.40:034][452]LogSavePackage: Moving '../../../../../GOAP_Ecosystem/GOAP_Ecosystem/Saved/HerbivoreBP_Auto254714526421012E76011DC89EEF82B7A.tmp' to '../../../../../GOAP_Ecosystem/GOAP_Ecosystem/Saved/Autosaves/Game/HerbivoreBP_Auto2.uasset'
[2019.11.26-22.33.40:035][452]OBJ SavePackage: Generating thumbnails for [0] asset(s) in package [/Game/NewMacroLibrary] ([1] browsable assets)...
[2019.11.26-22.33.40:035][452]OBJ SavePackage: Finished generating thumbnails for package [/Game/NewMacroLibrary]
[2019.11.26-22.33.40:035][452]Cmd: OBJ SAVEPACKAGE PACKAGE="/Game/NewMacroLibrary" FILE="../../../../../GOAP_Ecosystem/GOAP_Ecosystem/Saved/Autosaves/Game/NewMacroLibrary_Auto2.uasset" SILENT=false AUTOSAVING=true
[2019.11.26-22.33.40:051][452]LogSavePackage: Moving '../../../../../GOAP_Ecosystem/GOAP_Ecosystem/Saved/NewMacroLibrary_Auto23E2C9CBA416CA0AFC6313FACB5670F59.tmp' to '../../../../../GOAP_Ecosystem/GOAP_Ecosystem/Saved/Autosaves/Game/NewMacroLibrary_Auto2.uasset'
[2019.11.26-22.33.40:051][452]LogFileHelpers: Auto-saving content packages took 0.072
[2019.11.26-22.33.48:386][722]LogUObjectHash: Compacting FUObjectHashTables data took   3.16ms
[2019.11.26-22.33.48:684][722]Cmd: OBJ SAVEPACKAGE PACKAGE="/Game/ForAlex" FILE="../../../../../GOAP_Ecosystem/GOAP_Ecosystem/Content/ForAlex.uasset" SILENT=true
[2019.11.26-22.33.48:773][722]LogSavePackage: Moving '../../../../../GOAP_Ecosystem/GOAP_Ecosystem/Saved/ForAlex0479DAE742759D8F7596E4BEE5831CA1.tmp' to '../../../../../GOAP_Ecosystem/GOAP_Ecosystem/Content/ForAlex.uasset'
[2019.11.26-22.33.49:494][722]LogUObjectHash: Compacting FUObjectHashTables data took   2.40ms
[2019.11.26-22.33.49:616][722]LogUObjectHash: Compacting FUObjectHashTables data took   3.28ms
[2019.11.26-22.33.49:655][722]LogUObjectHash: Compacting FUObjectHashTables data took   1.52ms
[2019.11.26-22.33.52:553][823]LogAssetEditorManager: Opening Asset editor for Blueprint /Game/ForAlex.ForAlex
[2019.11.26-22.34.23:484][733]LogSlate: Window 'Color Picker' being destroyed
[2019.11.26-22.35.39:634][564]Cmd: OBJ SAVEPACKAGE PACKAGE="/Game/ForAlex" FILE="../../../../../GOAP_Ecosystem/GOAP_Ecosystem/Content/ForAlex.uasset" SILENT=true
[2019.11.26-22.35.39:673][564]LogSavePackage: Moving '../../../../../GOAP_Ecosystem/GOAP_Ecosystem/Saved/ForAlexD5E4D4A445375AE7F5944581CDD71DC2.tmp' to '../../../../../GOAP_Ecosystem/GOAP_Ecosystem/Content/ForAlex.uasset'
[2019.11.26-22.35.43:134][659]BlueprintLog: New page: Compile HerbivoreBP
[2019.11.26-22.35.43:406][659]LogUObjectHash: Compacting FUObjectHashTables data took   4.44ms
[2019.11.26-22.36.47:143][718]Cmd: OBJ SAVEPACKAGE PACKAGE="/Game/ForAlex" FILE="../../../../../GOAP_Ecosystem/GOAP_Ecosystem/Content/ForAlex.uasset" SILENT=true
[2019.11.26-22.36.47:161][718]LogSavePackage: Moving '../../../../../GOAP_Ecosystem/GOAP_Ecosystem/Saved/ForAlexA2500C6845B944D15251199F62AE8A15.tmp' to '../../../../../GOAP_Ecosystem/GOAP_Ecosystem/Content/ForAlex.uasset'
[2019.11.26-22.36.48:799][759]BlueprintLog: New page: Compile HerbivoreBP
[2019.11.26-22.36.49:021][759]LogUObjectHash: Compacting FUObjectHashTables data took   4.20ms
[2019.11.26-22.36.50:518][789]BlueprintLog: New page: Compile HerbivoreBP
[2019.11.26-22.36.50:730][789]LogUObjectHash: Compacting FUObjectHashTables data took   4.87ms
[2019.11.26-22.36.59:363][168]Cmd: OBJ SAVEPACKAGE PACKAGE="/Game/ForAlex" FILE="../../../../../GOAP_Ecosystem/GOAP_Ecosystem/Content/ForAlex.uasset" SILENT=true
[2019.11.26-22.36.59:381][168]LogSavePackage: Moving '../../../../../GOAP_Ecosystem/GOAP_Ecosystem/Saved/ForAlexDEB400DC455BEC8C7AB3EBA6598AB182.tmp' to '../../../../../GOAP_Ecosystem/GOAP_Ecosystem/Content/ForAlex.uasset'
[2019.11.26-22.37.02:970][216]BlueprintLog: New page: Compile HerbivoreBP
[2019.11.26-22.37.03:200][216]LogUObjectHash: Compacting FUObjectHashTables data took   4.18ms
[2019.11.26-22.37.40:652][249]LogEditorTransaction: Undo Move Node
[2019.11.26-22.37.41:503][262]LogEditorTransaction: Undo Move Node
[2019.11.26-22.37.41:930][286]LogEditorTransaction: Undo Create Pin Link
[2019.11.26-22.37.42:300][301]LogEditorTransaction: Undo Move Node
[2019.11.26-22.37.42:825][326]LogEditorTransaction: Undo Create Pin Link
[2019.11.26-22.37.43:235][345]LogEditorTransaction: Undo Move Node
[2019.11.26-22.37.43:654][364]LogEditorTransaction: Undo Move Node
[2019.11.26-22.37.44:057][386]LogEditorTransaction: Undo Add Node
[2019.11.26-22.37.44:529][408]LogEditorTransaction: Undo Delete current selection
[2019.11.26-22.37.45:846][479]LogEditorTransaction: Undo Delete current selection
[2019.11.26-22.39.40:350][811]LogSlate: Prevented a slow task dialog from being summoned while a context menu was open
[2019.11.26-22.42.30:132][222]Cmd: OBJ SAVEPACKAGE PACKAGE="/Game/HerbivoreBP" FILE="../../../../../GOAP_Ecosystem/GOAP_Ecosystem/Content/HerbivoreBP.uasset" SILENT=true
[2019.11.26-22.42.30:188][222]LogSavePackage: Moving '../../../../../GOAP_Ecosystem/GOAP_Ecosystem/Saved/HerbivoreBPF8C663F447B2FE56B0697EA6773FDFE3.tmp' to '../../../../../GOAP_Ecosystem/GOAP_Ecosystem/Content/HerbivoreBP.uasset'
[2019.11.26-22.42.51:981][304]LogRenderer: Reallocating scene render targets to support 1000x720 Format 10 NumSamples 1 (Frame:1).
[2019.11.26-22.42.55:215][473]LogSlate: FSceneViewport::OnFocusLost() reason 0
[2019.11.26-22.43.13:577][452]BlueprintLog: New page: Compile HerbivoreBP
[2019.11.26-22.43.13:826][452]LogUObjectHash: Compacting FUObjectHashTables data took   6.40ms
[2019.11.26-22.43.16:383][513]Cmd: OBJ SAVEPACKAGE PACKAGE="/Game/HerbivoreBP" FILE="../../../../../GOAP_Ecosystem/GOAP_Ecosystem/Content/HerbivoreBP.uasset" SILENT=true
[2019.11.26-22.43.16:447][513]LogSavePackage: Moving '../../../../../GOAP_Ecosystem/GOAP_Ecosystem/Saved/HerbivoreBPEEE2F91C4B9371D2508D888E91A4E0FA.tmp' to '../../../../../GOAP_Ecosystem/GOAP_Ecosystem/Content/HerbivoreBP.uasset'
[2019.11.26-22.43.33:383][162]LogUObjectHash: Compacting FUObjectHashTables data took   3.59ms
[2019.11.26-22.43.33:655][162]LogUObjectHash: Compacting FUObjectHashTables data took   1.07ms
[2019.11.26-22.43.33:992][162]LogSavePackage: Moving '../../../../../GOAP_Ecosystem/GOAP_Ecosystem/Saved/FlyingExampleMap0CA660A94853BA58C9948B90C6708A21.tmp' to '../../../../../GOAP_Ecosystem/GOAP_Ecosystem/Content/FlyingBP/Maps/FlyingExampleMap.umap'
[2019.11.26-22.43.34:025][162]LogFileHelpers: Saving map 'FlyingExampleMap' took 0.423
